-- Downloading https://github.com/boostorg/locale/archive/boost-1.78.0.tar.gz -> boostorg-locale-boost-1.78.0.tar.gz...
-- Extracting source C:/vcpkg/downloads/boostorg-locale-boost-1.78.0.tar.gz
-- Applying patch 0001-Fix-boost-ICU-support.patch
-- Applying patch allow-force-finding-iconv.patch
-- Using source at C:/vcpkg/buildtrees/boost-locale/src/ost-1.78.0-6877140966.clean
-- Including C:/vcpkg/buildtrees/boost-locale/vcpkg-b2-options.cmake
-- Found external ninja('1.10.2').
-- Getting CMake variables for x86-windows
-- Configuring x86-windows
-- Building x86-windows-dbg
-- Building x86-windows-rel
CMake Warning at scripts/cmake/vcpkg_copy_pdbs.cmake:70 (message):
  Could not find a matching pdb file for:

      C:/vcpkg/packages/boost-locale_x86-windows/bin/boost_locale-vc143-mt-x32-1_78.dll
      C:/vcpkg/packages/boost-locale_x86-windows/debug/bin/boost_locale-vc143-mt-gd-x32-1_78.dll

Call Stack (most recent call first):
  installed/x64-windows/share/boost-build/boost-modular-build.cmake:137 (vcpkg_copy_pdbs)
  ports/boost-locale/portfile.cmake:23 (boost_modular_build)
  scripts/ports.cmake:145 (include)


-- Copying headers
-- Copying headers done
-- Installing: C:/vcpkg/packages/boost-locale_x86-windows/share/boost-locale/usage
-- Installing: C:/vcpkg/packages/boost-locale_x86-windows/share/boost-locale/copyright
