-- Downloading https://github.com/boostorg/math/archive/boost-1.78.0.tar.gz -> boostorg-math-boost-1.78.0.tar.gz...
-- Extracting source C:/vcpkg/downloads/boostorg-math-boost-1.78.0.tar.gz
-- Applying patch 001-remove-checks.patch
-- Using source at C:/vcpkg/buildtrees/boost-math/src/ost-1.78.0-8b8a83095b.clean
-- Including C:/vcpkg/ports/boost-math/b2-options.cmake
-- Found external ninja('1.10.2').
-- Getting CMake variables for x86-windows
-- Configuring x86-windows
-- Building x86-windows-dbg
-- Building x86-windows-rel
CMake Warning at scripts/cmake/vcpkg_copy_pdbs.cmake:70 (message):
  Could not find a matching pdb file for:

      C:/vcpkg/packages/boost-math_x86-windows/bin/boost_math_c99-vc143-mt-x32-1_78.dll
      C:/vcpkg/packages/boost-math_x86-windows/bin/boost_math_c99f-vc143-mt-x32-1_78.dll
      C:/vcpkg/packages/boost-math_x86-windows/bin/boost_math_c99l-vc143-mt-x32-1_78.dll
      C:/vcpkg/packages/boost-math_x86-windows/bin/boost_math_tr1-vc143-mt-x32-1_78.dll
      C:/vcpkg/packages/boost-math_x86-windows/bin/boost_math_tr1f-vc143-mt-x32-1_78.dll
      C:/vcpkg/packages/boost-math_x86-windows/bin/boost_math_tr1l-vc143-mt-x32-1_78.dll
      C:/vcpkg/packages/boost-math_x86-windows/debug/bin/boost_math_c99-vc143-mt-gd-x32-1_78.dll
      C:/vcpkg/packages/boost-math_x86-windows/debug/bin/boost_math_c99f-vc143-mt-gd-x32-1_78.dll
      C:/vcpkg/packages/boost-math_x86-windows/debug/bin/boost_math_c99l-vc143-mt-gd-x32-1_78.dll
      C:/vcpkg/packages/boost-math_x86-windows/debug/bin/boost_math_tr1-vc143-mt-gd-x32-1_78.dll
      C:/vcpkg/packages/boost-math_x86-windows/debug/bin/boost_math_tr1f-vc143-mt-gd-x32-1_78.dll
      C:/vcpkg/packages/boost-math_x86-windows/debug/bin/boost_math_tr1l-vc143-mt-gd-x32-1_78.dll

Call Stack (most recent call first):
  installed/x64-windows/share/boost-build/boost-modular-build.cmake:137 (vcpkg_copy_pdbs)
  ports/boost-math/portfile.cmake:16 (boost_modular_build)
  scripts/ports.cmake:145 (include)


-- Copying headers
-- Copying headers done
-- Installing: C:/vcpkg/packages/boost-math_x86-windows/share/boost-math/usage
-- Installing: C:/vcpkg/packages/boost-math_x86-windows/share/boost-math/copyright
