[1/2] "C:/vcpkg/downloads/tools/cmake-3.22.2-windows/cmake-3.22.2-windows-i386/bin/cmake.exe" -E chdir "C:/vcpkg/buildtrees/boost-json/x86-windows-rel" "C:/vcpkg/downloads/tools/cmake-3.22.2-windows/cmake-3.22.2-windows-i386/bin/cmake.exe" -S "C:/vcpkg/installed/x64-windows/share/boost-build" "-DPORT=boost-json" "-DFEATURES=core" "-DWITH_PYTHON2=OFF" "-DWITH_PYTHON3=OFF" "-DCURRENT_INSTALLED_DIR=C:/vcpkg/installed/x86-windows" "-DB2_EXE=C:/vcpkg/installed/x64-windows/tools/boost-build/b2.exe" "-DSOURCE_PATH=C:/vcpkg/buildtrees/boost-json/src/ost-1.78.0-4cbe872983.clean" "-DBOOST_BUILD_PATH=C:/vcpkg/installed/x64-windows/tools/boost-build" "-DVCPKG_CRT_LINKAGE=dynamic" "-DVCPKG_CMAKE_VARS_FILE=C:/vcpkg/buildtrees/boost-json/cmake-get-vars-x86-windows.cmake.log" "-DBOOST_CMAKE_FRAGMENT=C:/vcpkg/ports/boost-json/b2-options.cmake" "-DCMAKE_MAKE_PROGRAM=C:/Program Files/Microsoft Visual Studio/2022/Community/Common7/IDE/CommonExtensions/Microsoft/CMake/Ninja/ninja.exe" "-DBUILD_SHARED_LIBS=ON" "-DVCPKG_CHAINLOAD_TOOLCHAIN_FILE=C:/vcpkg/scripts/toolchains/windows.cmake" "-DVCPKG_TARGET_TRIPLET=x86-windows" "-DVCPKG_SET_CHARSET_FLAG=ON" "-DVCPKG_PLATFORM_TOOLSET=v143" "-DCMAKE_EXPORT_NO_PACKAGE_REGISTRY=ON" "-DCMAKE_FIND_PACKAGE_NO_PACKAGE_REGISTRY=ON" "-DCMAKE_FIND_PACKAGE_NO_SYSTEM_PACKAGE_REGISTRY=ON" "-DCMAKE_INSTALL_SYSTEM_RUNTIME_LIBS_SKIP=TRUE" "-DCMAKE_VERBOSE_MAKEFILE=ON" "-DVCPKG_APPLOCAL_DEPS=OFF" "-DCMAKE_TOOLCHAIN_FILE=C:/vcpkg/scripts/buildsystems/vcpkg.cmake" "-DCMAKE_ERROR_ON_ABSOLUTE_INSTALL_DESTINATION=ON" "-DVCPKG_CXX_FLAGS=" "-DVCPKG_CXX_FLAGS_RELEASE=" "-DVCPKG_CXX_FLAGS_DEBUG=" "-DVCPKG_C_FLAGS=" "-DVCPKG_C_FLAGS_RELEASE=" "-DVCPKG_C_FLAGS_DEBUG=" "-DVCPKG_CRT_LINKAGE=dynamic" "-DVCPKG_LINKER_FLAGS=" "-DVCPKG_LINKER_FLAGS_RELEASE=" "-DVCPKG_LINKER_FLAGS_DEBUG=" "-DVCPKG_TARGET_ARCHITECTURE=x86" "-DCMAKE_INSTALL_LIBDIR:STRING=lib" "-DCMAKE_INSTALL_BINDIR:STRING=bin" "-D_VCPKG_ROOT_DIR=C:/vcpkg" "-D_VCPKG_INSTALLED_DIR=C:/vcpkg/installed" "-DVCPKG_MANIFEST_INSTALL=OFF" "-DCMAKE_DISABLE_SOURCE_CHANGES=ON" -G "Ninja" "-DCMAKE_BUILD_TYPE=Release" "-DCMAKE_INSTALL_PREFIX=C:/vcpkg/packages/boost-json_x86-windows"
-- Including C:/vcpkg/ports/boost-json/b2-options.cmake
-- Configuring done
-- Generating done
CMake Warning:
  Manually-specified variables were not used by the project:

    CMAKE_INSTALL_BINDIR
    CMAKE_INSTALL_LIBDIR
    FEATURES
    _VCPKG_ROOT_DIR


-- Build files have been written to: C:/vcpkg/buildtrees/boost-json/x86-windows-rel
[2/2] "C:/vcpkg/downloads/tools/cmake-3.22.2-windows/cmake-3.22.2-windows-i386/bin/cmake.exe" -E chdir "C:/vcpkg/buildtrees/boost-json/x86-windows-dbg" "C:/vcpkg/downloads/tools/cmake-3.22.2-windows/cmake-3.22.2-windows-i386/bin/cmake.exe" -S "C:/vcpkg/installed/x64-windows/share/boost-build" "-DPORT=boost-json" "-DFEATURES=core" "-DWITH_PYTHON2=OFF" "-DWITH_PYTHON3=OFF" "-DCURRENT_INSTALLED_DIR=C:/vcpkg/installed/x86-windows" "-DB2_EXE=C:/vcpkg/installed/x64-windows/tools/boost-build/b2.exe" "-DSOURCE_PATH=C:/vcpkg/buildtrees/boost-json/src/ost-1.78.0-4cbe872983.clean" "-DBOOST_BUILD_PATH=C:/vcpkg/installed/x64-windows/tools/boost-build" "-DVCPKG_CRT_LINKAGE=dynamic" "-DVCPKG_CMAKE_VARS_FILE=C:/vcpkg/buildtrees/boost-json/cmake-get-vars-x86-windows.cmake.log" "-DBOOST_CMAKE_FRAGMENT=C:/vcpkg/ports/boost-json/b2-options.cmake" "-DCMAKE_MAKE_PROGRAM=C:/Program Files/Microsoft Visual Studio/2022/Community/Common7/IDE/CommonExtensions/Microsoft/CMake/Ninja/ninja.exe" "-DBUILD_SHARED_LIBS=ON" "-DVCPKG_CHAINLOAD_TOOLCHAIN_FILE=C:/vcpkg/scripts/toolchains/windows.cmake" "-DVCPKG_TARGET_TRIPLET=x86-windows" "-DVCPKG_SET_CHARSET_FLAG=ON" "-DVCPKG_PLATFORM_TOOLSET=v143" "-DCMAKE_EXPORT_NO_PACKAGE_REGISTRY=ON" "-DCMAKE_FIND_PACKAGE_NO_PACKAGE_REGISTRY=ON" "-DCMAKE_FIND_PACKAGE_NO_SYSTEM_PACKAGE_REGISTRY=ON" "-DCMAKE_INSTALL_SYSTEM_RUNTIME_LIBS_SKIP=TRUE" "-DCMAKE_VERBOSE_MAKEFILE=ON" "-DVCPKG_APPLOCAL_DEPS=OFF" "-DCMAKE_TOOLCHAIN_FILE=C:/vcpkg/scripts/buildsystems/vcpkg.cmake" "-DCMAKE_ERROR_ON_ABSOLUTE_INSTALL_DESTINATION=ON" "-DVCPKG_CXX_FLAGS=" "-DVCPKG_CXX_FLAGS_RELEASE=" "-DVCPKG_CXX_FLAGS_DEBUG=" "-DVCPKG_C_FLAGS=" "-DVCPKG_C_FLAGS_RELEASE=" "-DVCPKG_C_FLAGS_DEBUG=" "-DVCPKG_CRT_LINKAGE=dynamic" "-DVCPKG_LINKER_FLAGS=" "-DVCPKG_LINKER_FLAGS_RELEASE=" "-DVCPKG_LINKER_FLAGS_DEBUG=" "-DVCPKG_TARGET_ARCHITECTURE=x86" "-DCMAKE_INSTALL_LIBDIR:STRING=lib" "-DCMAKE_INSTALL_BINDIR:STRING=bin" "-D_VCPKG_ROOT_DIR=C:/vcpkg" "-D_VCPKG_INSTALLED_DIR=C:/vcpkg/installed" "-DVCPKG_MANIFEST_INSTALL=OFF" "-DCMAKE_DISABLE_SOURCE_CHANGES=ON" -G "Ninja" "-DCMAKE_BUILD_TYPE=Debug" "-DCMAKE_INSTALL_PREFIX=C:/vcpkg/packages/boost-json_x86-windows/debug"
-- Including C:/vcpkg/ports/boost-json/b2-options.cmake
-- Configuring done
-- Generating done
CMake Warning:
  Manually-specified variables were not used by the project:

    CMAKE_INSTALL_BINDIR
    CMAKE_INSTALL_LIBDIR
    FEATURES
    _VCPKG_ROOT_DIR


-- Build files have been written to: C:/vcpkg/buildtrees/boost-json/x86-windows-dbg
