msvc.read-setup <pC:\vcpkg\buildtrees\boost-atomic\x86-windows-rel\boost\standalone\msvc\fabbfd46c2a4e30dd1594f96c4cd44b2>msvc-setup.read
 
common.mkdir C:\vcpkg\buildtrees\boost-atomic\x86-windows-rel\boost

        if not exist "C:\vcpkg\buildtrees\boost-atomic\x86-windows-rel\boost\\" mkdir "C:\vcpkg\buildtrees\boost-atomic\x86-windows-rel\boost"
    
common.mkdir C:\vcpkg\buildtrees\boost-atomic\x86-windows-rel\boost\config

        if not exist "C:\vcpkg\buildtrees\boost-atomic\x86-windows-rel\boost\config\\" mkdir "C:\vcpkg\buildtrees\boost-atomic\x86-windows-rel\boost\config"
    
common.mkdir C:\vcpkg\buildtrees\boost-atomic\x86-windows-rel\boost\standalone

        if not exist "C:\vcpkg\buildtrees\boost-atomic\x86-windows-rel\boost\standalone\\" mkdir "C:\vcpkg\buildtrees\boost-atomic\x86-windows-rel\boost\standalone"
    
common.mkdir C:\vcpkg\buildtrees\boost-atomic\x86-windows-rel\boost\config\7dbc51e91fe9e87de6b8b7cecdb66cf8

        if not exist "C:\vcpkg\buildtrees\boost-atomic\x86-windows-rel\boost\config\7dbc51e91fe9e87de6b8b7cecdb66cf8\\" mkdir "C:\vcpkg\buildtrees\boost-atomic\x86-windows-rel\boost\config\7dbc51e91fe9e87de6b8b7cecdb66cf8"
    
common.mkdir C:\vcpkg\buildtrees\boost-atomic\x86-windows-rel\boost\standalone\msvc

        if not exist "C:\vcpkg\buildtrees\boost-atomic\x86-windows-rel\boost\standalone\msvc\\" mkdir "C:\vcpkg\buildtrees\boost-atomic\x86-windows-rel\boost\standalone\msvc"
    
common.mkdir C:\vcpkg\buildtrees\boost-atomic\x86-windows-rel\boost\standalone\msvc\fabbfd46c2a4e30dd1594f96c4cd44b2

        if not exist "C:\vcpkg\buildtrees\boost-atomic\x86-windows-rel\boost\standalone\msvc\fabbfd46c2a4e30dd1594f96c4cd44b2\\" mkdir "C:\vcpkg\buildtrees\boost-atomic\x86-windows-rel\boost\standalone\msvc\fabbfd46c2a4e30dd1594f96c4cd44b2"
    

file C:\Users\pulpo\AppData\Local\Temp\jam4441a67.000

msvc.write-setup-script C:\vcpkg\buildtrees\boost-atomic\x86-windows-rel\boost\standalone\msvc\fabbfd46c2a4e30dd1594f96c4cd44b2\msvc-setup.bat

    type "C:\Users\pulpo\AppData\Local\Temp\jam4441a67.000" > "C:\vcpkg\buildtrees\boost-atomic\x86-windows-rel\boost\standalone\msvc\fabbfd46c2a4e30dd1594f96c4cd44b2\msvc-setup.bat"

compile-c-c++ C:\vcpkg\buildtrees\boost-atomic\x86-windows-rel\boost\config\7dbc51e91fe9e87de6b8b7cecdb66cf8\has_sse2.obj

    call "C:\vcpkg\buildtrees\boost-atomic\x86-windows-rel\boost\standalone\msvc\fabbfd46c2a4e30dd1594f96c4cd44b2\msvc-setup.bat" x86 >nul
 cl "..\config\has_sse2.cpp" -c -Fo"C:\vcpkg\buildtrees\boost-atomic\x86-windows-rel\boost\config\7dbc51e91fe9e87de6b8b7cecdb66cf8\has_sse2.obj"     -TP /arch:SSE2 /wd4675 /EHs /GR /Zc:throwingNew -nologo -DWIN32 -D_WINDOWS -W3 -utf-8 -GR -EHsc -MP -MD -O2 -Oi -Gy -DNDEBUG -Z7 /O2 /Z7 /Ob2 /W3 /MD /Zc:forScope /Zc:wchar_t /Zc:inline /Gw -DBOOST_ALL_NO_LIB=1 -DNDEBUG "-I..\include" "-IC:\vcpkg\installed\x86-windows\include" 

has_sse2.cpp
compile-c-c++ C:\vcpkg\buildtrees\boost-atomic\x86-windows-rel\boost\config\7dbc51e91fe9e87de6b8b7cecdb66cf8\has_sse41.obj

    call "C:\vcpkg\buildtrees\boost-atomic\x86-windows-rel\boost\standalone\msvc\fabbfd46c2a4e30dd1594f96c4cd44b2\msvc-setup.bat" x86 >nul
 cl "..\config\has_sse41.cpp" -c -Fo"C:\vcpkg\buildtrees\boost-atomic\x86-windows-rel\boost\config\7dbc51e91fe9e87de6b8b7cecdb66cf8\has_sse41.obj"     -TP /arch:SSE2 /wd4675 /EHs /GR /Zc:throwingNew -nologo -DWIN32 -D_WINDOWS -W3 -utf-8 -GR -EHsc -MP -MD -O2 -Oi -Gy -DNDEBUG -Z7 /O2 /Z7 /Ob2 /W3 /MD /Zc:forScope /Zc:wchar_t /Zc:inline /Gw -DBOOST_ALL_NO_LIB=1 -DNDEBUG "-I..\include" "-IC:\vcpkg\installed\x86-windows\include" 

has_sse41.cpp
compile-c-c++ C:\vcpkg\buildtrees\boost-atomic\x86-windows-rel\boost\config\7dbc51e91fe9e87de6b8b7cecdb66cf8\has_synchronization_lib.obj

    call "C:\vcpkg\buildtrees\boost-atomic\x86-windows-rel\boost\standalone\msvc\fabbfd46c2a4e30dd1594f96c4cd44b2\msvc-setup.bat" x86 >nul
 cl "..\config\has_synchronization_lib.cpp" -c -Fo"C:\vcpkg\buildtrees\boost-atomic\x86-windows-rel\boost\config\7dbc51e91fe9e87de6b8b7cecdb66cf8\has_synchronization_lib.obj"     -TP /wd4675 /EHs /GR /Zc:throwingNew -nologo -DWIN32 -D_WINDOWS -W3 -utf-8 -GR -EHsc -MP -MD -O2 -Oi -Gy -DNDEBUG -Z7 /O2 /Z7 /Ob2 /W3 /MD /Zc:forScope /Zc:wchar_t /Zc:inline /Gw -DBOOST_ALL_NO_LIB=1 -DNDEBUG "-I..\include" "-IC:\vcpkg\installed\x86-windows\include" 

has_synchronization_lib.cpp
msvc.link C:\vcpkg\buildtrees\boost-atomic\x86-windows-rel\boost\config\7dbc51e91fe9e87de6b8b7cecdb66cf8\has_synchronization_lib.exe

        call "C:\vcpkg\buildtrees\boost-atomic\x86-windows-rel\boost\standalone\msvc\fabbfd46c2a4e30dd1594f96c4cd44b2\msvc-setup.bat" x86 >nul
 link /NOLOGO /INCREMENTAL:NO "C:\vcpkg\buildtrees\boost-atomic\x86-windows-rel\boost\config\7dbc51e91fe9e87de6b8b7cecdb66cf8\has_synchronization_lib.obj"    "synchronization.lib"  /DEBUG -machine:X86 -nologo -DEBUG -INCREMENTAL:NO -OPT:REF -OPT:ICF /MACHINE:X86 /MANIFEST:EMBED /OPT:REF,ICF /subsystem:console /out:"C:\vcpkg\buildtrees\boost-atomic\x86-windows-rel\boost\config\7dbc51e91fe9e87de6b8b7cecdb66cf8\has_synchronization_lib.exe"  
    

file C:\Users\pulpo\AppData\Local\Temp\jam4441a68.000
# Automatically generated by B2.
# Do not edit.

module config-cache {
  set "compiler supports SSE2-<address-model>32-<architecture>x86-<debug-symbols>on-<threadapi>win32-<threading>multi-<toolset-msvc:version>143-<toolset>msvc-<variant>release" : "true" ;
  set "compiler supports SSE4.1-<address-model>32-<architecture>x86-<debug-symbols>on-<threadapi>win32-<threading>multi-<toolset-msvc:version>143-<toolset>msvc-<variant>release" : "true" ;
  set "has synchronization.lib-<address-model>32-<architecture>x86-<debug-symbols>on-<threadapi>win32-<threading>multi-<toolset-msvc:version>143-<toolset>msvc-<variant>release" : "true" ;
}

config-cache.write C:\vcpkg\buildtrees\boost-atomic\x86-windows-rel\boost\project-cache.jam

    type "C:\Users\pulpo\AppData\Local\Temp\jam4441a68.000" > "C:\vcpkg\buildtrees\boost-atomic\x86-windows-rel\boost\project-cache.jam"

