[1/2] cmd.exe /C "cd /D C:\vcpkg\buildtrees\boost-exception\src\ost-1.78.0-8b4cb912e9.clean\build && C:\vcpkg\installed\x64-windows\tools\boost-build\b2.exe toolset=msvc --user-config=C:/vcpkg/buildtrees/boost-exception/x86-windows-rel/user-config.jam --stagedir=C:/vcpkg/buildtrees/boost-exception/x86-windows-rel/stage --build-dir=C:/vcpkg/buildtrees/boost-exception/x86-windows-rel runtime-link=shared link=shared address-model=32 architecture=x86 asmflags=/safeseh target-os=windows threadapi=win32 variant=release --disable-icu --with-atomic --with-random --with-date_time --with-filesystem --with-system --with-thread --with-chrono -j4 -sBOOST_ROOT=C:/vcpkg/installed/x64-windows/tools/boost-build -sBOOST_BUILD_PATH=C:/vcpkg/installed/x64-windows/tools/boost-build --debug-configuration --debug-building --debug-generators --ignore-site-config --hash -q debug-symbols=on -d +2 threading=multi stage"
notice: found boost-build.jam at C:/vcpkg/installed/x64-windows/tools/boost-build/boost-build.jam
notice: loading B2 from C:/vcpkg/installed/x64-windows/tools/boost-build/src/kernel/bootstrap.jam
notice: Site configuration files will be ignored due to the
notice: --ignore-site-config command-line option.
notice: Loading explicitly specified user configuration file:
    C:\vcpkg\buildtrees\boost-exception\x86-windows-rel\user-config.jam
notice: Searching 'C:\vcpkg\buildtrees\boost-exception\x86-windows-rel' for user-config configuration file 'user-config.jam'.
notice: Loading user-config configuration file 'user-config.jam' from 'C:/vcpkg/buildtrees/boost-exception/x86-windows-rel'.
notice: [msvc-cfg] msvc-14.3 detected, command: 'C:\Program Files\Microsoft Visual Studio\2022\Community\VC\Tools\MSVC\14.31.31103\bin\Hostx64\x64\cl.exe'
notice: [msvc-cfg] msvc-14.2 detected, command: 'C:\Program Files (x86)\Microsoft Visual Studio\2019\Community\VC\Tools\MSVC\14.29.30133\bin\Hostx64\x64\cl.exe'
notice: will use 'C:/Program Files/Microsoft Visual Studio/2022/Community/VC/Tools/MSVC/14.31.31103/bin/Hostx64/x86/cl.exe' for msvc, condition <toolset>msvc-143
notice: [msvc-cfg] condition: '<toolset>msvc-143/<architecture>x86/<address-model>32', setup: 'C:/vcpkg/installed/x64-windows/share/boost-build/nothing.bat x86'
notice: [msvc-cfg] condition: '<toolset>msvc-143/<architecture>/<address-model>32', setup: 'C:/vcpkg/installed/x64-windows/share/boost-build/nothing.bat x86'
notice: [msvc-cfg] condition: '<toolset>msvc-143/<architecture>x86/<address-model>64', setup: 'C:/vcpkg/installed/x64-windows/share/boost-build/nothing.bat amd64'
notice: [msvc-cfg] condition: '<toolset>msvc-143/<architecture>/<address-model>64', setup: 'C:/vcpkg/installed/x64-windows/share/boost-build/nothing.bat amd64'
notice: [msvc-cfg] condition: '<toolset>msvc-143/<architecture>x86/<address-model>', setup: 'C:/vcpkg/installed/x64-windows/share/boost-build/nothing.bat amd64'
notice: [msvc-cfg] condition: '<toolset>msvc-143/<architecture>/<address-model>', setup: 'C:/vcpkg/installed/x64-windows/share/boost-build/nothing.bat amd64'
notice: [msvc-cfg] condition: '<toolset>msvc-143/<architecture>ia64/<address-model>64', setup: 'C:/vcpkg/installed/x64-windows/share/boost-build/nothing.bat x86_ia64'
notice: [msvc-cfg] condition: '<toolset>msvc-143/<architecture>ia64/<address-model>', setup: 'C:/vcpkg/installed/x64-windows/share/boost-build/nothing.bat x86_ia64'
notice: [msvc-cfg] condition: '<toolset>msvc-143/<architecture>arm/<address-model>32', setup: 'C:/vcpkg/installed/x64-windows/share/boost-build/nothing.bat x86_arm'
notice: [msvc-cfg] condition: '<toolset>msvc-143/<architecture>arm/<address-model>64', setup: 'C:/vcpkg/installed/x64-windows/share/boost-build/nothing.bat x86_arm64'

Building target '../build/stage'
     Build request: object(property-set)@380 <address-model>32 <architecture>x86 <asmflags>/safeseh <debug-symbols>on <link>shared <runtime-link>shared <target-os>windows <threadapi>win32 <threading>multi <toolset>msvc <variant>release
     Command line free features: <asmflags>/safeseh
     Target requirements: <archiveflags>-machine:X86 -nologo <define>BOOST_ALL_NO_LIB=1 <hardcode-dll-paths>false <include>../include&&/C:/vcpkg/installed/x86-windows/include <link>static <linkflags>-machine:X86 -nologo -DEBUG -INCREMENTAL:NO -OPT:REF -OPT:ICF <location>/C:/vcpkg/buildtrees/boost-exception/x86-windows-rel/stage/lib <relevant>threading:<relevant>runtime-link <relevant>threading:<relevant>toolset <tag>@Jamfile<C:\vcpkg\buildtrees\boost-exception\src\ost-1.78.0-8b4cb912e9.clean>%Jamfile<C:\vcpkg\buildtrees\boost-exception\src\ost-1.78.0-8b4cb912e9.clean>.tag <toolset>msvc,<runtime-link>shared:<threading>multi <translate-path>@Jamfile<C:\vcpkg\buildtrees\boost-exception\src\ost-1.78.0-8b4cb912e9.clean\build>%Jamfile<C:\vcpkg\buildtrees\boost-exception\src\ost-1.78.0-8b4cb912e9.clean\build>.stage-translate-path

     Common properties:  <address-model>32 <architecture>x86 <archiveflags>-machine:X86 -nologo <asmflags>/safeseh <asynch-exceptions>off <coverage>off <debug-store>object <debug-symbols>on <define>BOOST_ALL_NO_LIB=1 <define>NDEBUG <embed-manifest-via>linker <embed-manifest>on <exception-handling>on <extern-c-nothrow>off <hardcode-dll-paths>false <host-os>windows <include>../include&&/C:/vcpkg/installed/x86-windows/include <inlining>full <install-dependencies>off <link>static <linkflags>-machine:X86 -nologo -DEBUG -INCREMENTAL:NO -OPT:REF -OPT:ICF <location>/C:/vcpkg/buildtrees/boost-exception/x86-windows-rel/stage/lib <midl-robust>yes <midl-stubless-proxy>yes <optimization>speed <os>NT <pch>on <preserve-test-targets>on <profiling>off <relevant>threading:<relevant>runtime-link <relevant>threading:<relevant>toolset <response-file>auto <rtti>on <runtime-debugging>off <runtime-link>shared <stdlib>native <strip>off <suppress-import-lib>false <symlink-location>project-relative <tag>@Jamfile<C:\vcpkg\buildtrees\boost-exception\src\ost-1.78.0-8b4cb912e9.clean>%Jamfile<C:\vcpkg\buildtrees\boost-exception\src\ost-1.78.0-8b4cb912e9.clean>.tag <target-os>windows <testing.execute>on <threadapi>win32 <threading>multi <toolset-msvc:version>143 <toolset>msvc <translate-path>@Jamfile<C:\vcpkg\buildtrees\boost-exception\src\ost-1.78.0-8b4cb912e9.clean\build>%Jamfile<C:\vcpkg\buildtrees\boost-exception\src\ost-1.78.0-8b4cb912e9.clean\build>.stage-translate-path <user-interface>console <variant>release <vectorize>off <warnings-as-errors>off <warnings>on <windows-api>desktop

     Building target '../build/boost_exception'
         Build request: object(property-set)@388 <address-model>32 <architecture>x86 <asynch-exceptions>off <coverage>off <debug-store>object <debug-symbols>on <embed-manifest-via>linker <embed-manifest>on <exception-handling>on <extern-c-nothrow>off <inlining>full <link>static <midl-robust>yes <midl-stubless-proxy>yes <optimization>speed <os>NT <pch>on <preserve-test-targets>on <profiling>off <rtti>on <runtime-debugging>off <runtime-link>shared <stdlib>native <strip>off <target-os>windows <testing.execute>on <threadapi>win32 <threading>multi <toolset-msvc:version>143 <toolset>msvc <variant>release <vectorize>off <warnings-as-errors>off <warnings>on <windows-api>desktop
         Command line free features: <asmflags>/safeseh
         Target requirements: <archiveflags>-machine:X86 -nologo <define>BOOST_ALL_NO_LIB=1 <include>../include&&/C:/vcpkg/installed/x86-windows/include <link>static <linkflags>-machine:X86 -nologo -DEBUG -INCREMENTAL:NO -OPT:REF -OPT:ICF <relevant>threading:<relevant>runtime-link <relevant>threading:<relevant>toolset <tag>@Jamfile<C:\vcpkg\buildtrees\boost-exception\src\ost-1.78.0-8b4cb912e9.clean>%Jamfile<C:\vcpkg\buildtrees\boost-exception\src\ost-1.78.0-8b4cb912e9.clean>.tag <toolset>msvc,<runtime-link>shared:<threading>multi

         Common properties:  <address-model>32 <architecture>x86 <archiveflags>-machine:X86 -nologo <asmflags>/safeseh <asynch-exceptions>off <coverage>off <debug-store>object <debug-symbols>on <define>BOOST_ALL_NO_LIB=1 <define>NDEBUG <embed-manifest-via>linker <embed-manifest>on <exception-handling>on <extern-c-nothrow>off <hardcode-dll-paths>true <host-os>windows <include>../include&&/C:/vcpkg/installed/x86-windows/include <inlining>full <install-dependencies>off <link>static <linkflags>-machine:X86 -nologo -DEBUG -INCREMENTAL:NO -OPT:REF -OPT:ICF <midl-robust>yes <midl-stubless-proxy>yes <optimization>speed <os>NT <pch>on <preserve-test-targets>on <profiling>off <relevant>threading:<relevant>runtime-link <relevant>threading:<relevant>toolset <response-file>auto <rtti>on <runtime-debugging>off <runtime-link>shared <stdlib>native <strip>off <suppress-import-lib>false <symlink-location>project-relative <tag>@Jamfile<C:\vcpkg\buildtrees\boost-exception\src\ost-1.78.0-8b4cb912e9.clean>%Jamfile<C:\vcpkg\buildtrees\boost-exception\src\ost-1.78.0-8b4cb912e9.clean>.tag <target-os>windows <testing.execute>on <threadapi>win32 <threading>multi <toolset-msvc:version>143 <toolset>msvc <user-interface>console <variant>release <vectorize>off <warnings-as-errors>off <warnings>on <windows-api>desktop

         Usage requirements for boost_exception: 
         Build properties:  <address-model>32 <architecture>x86 <archiveflags>-machine:X86 -nologo <asmflags>/safeseh <asynch-exceptions>off <coverage>off <debug-store>object <debug-symbols>on <define>BOOST_ALL_NO_LIB=1 <define>NDEBUG <embed-manifest-via>linker <embed-manifest>on <exception-handling>on <extern-c-nothrow>off <hardcode-dll-paths>true <host-os>windows <include>../include&&/C:/vcpkg/installed/x86-windows/include <inlining>full <install-dependencies>off <link>static <linkflags>-machine:X86 -nologo -DEBUG -INCREMENTAL:NO -OPT:REF -OPT:ICF <midl-robust>yes <midl-stubless-proxy>yes <optimization>speed <os>NT <pch>on <preserve-test-targets>on <profiling>off <relevant>threading:<relevant>runtime-link <relevant>threading:<relevant>toolset <response-file>auto <rtti>on <runtime-debugging>off <runtime-link>shared <stdlib>native <strip>off <suppress-import-lib>false <symlink-location>project-relative <tag>@Jamfile<C:\vcpkg\buildtrees\boost-exception\src\ost-1.78.0-8b4cb912e9.clean>%Jamfile<C:\vcpkg\buildtrees\boost-exception\src\ost-1.78.0-8b4cb912e9.clean>.tag <target-os>windows <testing.execute>on <threadapi>win32 <threading>multi <toolset-msvc:version>143 <toolset>msvc <user-interface>console <variant>release <vectorize>off <warnings-as-errors>off <warnings>on <windows-api>desktop
     *** construct LIB
         from { clone_current_exception_non_intrusive.cpp.CPP }
         properties: <address-model>32 <architecture>x86 <archiveflags>-machine:X86 -nologo <asmflags>/safeseh <asynch-exceptions>off <coverage>off <debug-store>object <debug-symbols>on <define>BOOST_ALL_NO_LIB=1 <define>NDEBUG <embed-manifest-via>linker <embed-manifest>on <exception-handling>on <extern-c-nothrow>off <hardcode-dll-paths>true <host-os>windows <include>../include&&/C:/vcpkg/installed/x86-windows/include <inlining>full <install-dependencies>off <link>static <linkflags>-machine:X86 -nologo -DEBUG -INCREMENTAL:NO -OPT:REF -OPT:ICF <main-target-type>LIB <midl-robust>yes <midl-stubless-proxy>yes <optimization>speed <os>NT <pch>on <preserve-test-targets>on <profiling>off <relevant>threading:<relevant>runtime-link <relevant>threading:<relevant>toolset <response-file>auto <rtti>on <runtime-debugging>off <runtime-link>shared <stdlib>native <strip>off <suppress-import-lib>false <symlink-location>project-relative <tag>@Jamfile<C:\vcpkg\buildtrees\boost-exception\src\ost-1.78.0-8b4cb912e9.clean>%Jamfile<C:\vcpkg\buildtrees\boost-exception\src\ost-1.78.0-8b4cb912e9.clean>.tag <target-os>windows <testing.execute>on <threadapi>win32 <threading>multi <toolset-msvc:version>143 <toolset>msvc <user-interface>console <variant>release <vectorize>off <warnings-as-errors>off <warnings>on <windows-api>desktop
     find-viable-generators target-type= LIB property-set=
     trying type LIB
     there are generators for this type
     trying generator builtin.lib-generator ( -> LIB )
       is viable
     trying generator builtin.prebuilt ( -> LIB )
     ***  1  viable generators
         *** construct STATIC_LIB
             from { clone_current_exception_non_intrusive.cpp.CPP }
             properties: <address-model>32 <architecture>x86 <archiveflags>-machine:X86 -nologo <asmflags>/safeseh <asynch-exceptions>off <coverage>off <debug-store>object <debug-symbols>on <define>BOOST_ALL_NO_LIB=1 <define>NDEBUG <embed-manifest-via>linker <embed-manifest>on <exception-handling>on <extern-c-nothrow>off <hardcode-dll-paths>true <host-os>windows <include>../include&&/C:/vcpkg/installed/x86-windows/include <inlining>full <install-dependencies>off <link>static <linkflags>-machine:X86 -nologo -DEBUG -INCREMENTAL:NO -OPT:REF -OPT:ICF <main-target-type>LIB <midl-robust>yes <midl-stubless-proxy>yes <optimization>speed <os>NT <pch>on <preserve-test-targets>on <profiling>off <relevant>link <relevant>threading:<relevant>runtime-link <relevant>threading:<relevant>toolset <response-file>auto <rtti>on <runtime-debugging>off <runtime-link>shared <stdlib>native <strip>off <suppress-import-lib>false <symlink-location>project-relative <tag>@Jamfile<C:\vcpkg\buildtrees\boost-exception\src\ost-1.78.0-8b4cb912e9.clean>%Jamfile<C:\vcpkg\buildtrees\boost-exception\src\ost-1.78.0-8b4cb912e9.clean>.tag <target-os>windows <testing.execute>on <threadapi>win32 <threading>multi <toolset-msvc:version>143 <toolset>msvc <user-interface>console <variant>release <vectorize>off <warnings-as-errors>off <warnings>on <windows-api>desktop
         find-viable-generators target-type= STATIC_LIB property-set= link-static
         trying type STATIC_LIB
         there are generators for this type
         trying generator msvc.archive ( OBJ -> STATIC_LIB )
           is viable
         ***  1  viable generators
           ** generator msvc.archive
           composing: true
             *** construct OBJ
                 from { clone_current_exception_non_intrusive.cpp.CPP }
                 properties: <address-model>32 <architecture>x86 <archiveflags>-machine:X86 -nologo <asmflags>/safeseh <asynch-exceptions>off <coverage>off <debug-store>object <debug-symbols>on <define>BOOST_ALL_NO_LIB=1 <define>NDEBUG <embed-manifest-via>linker <embed-manifest>on <exception-handling>on <extern-c-nothrow>off <hardcode-dll-paths>true <host-os>windows <include>../include&&/C:/vcpkg/installed/x86-windows/include <inlining>full <install-dependencies>off <link>static <linkflags>-machine:X86 -nologo -DEBUG -INCREMENTAL:NO -OPT:REF -OPT:ICF <main-target-type>LIB <midl-robust>yes <midl-stubless-proxy>yes <optimization>speed <os>NT <pch>on <preserve-test-targets>on <profiling>off <relevant>link <relevant>threading:<relevant>runtime-link <relevant>threading:<relevant>toolset <response-file>auto <rtti>on <runtime-debugging>off <runtime-link>shared <stdlib>native <strip>off <suppress-import-lib>false <symlink-location>project-relative <tag>@Jamfile<C:\vcpkg\buildtrees\boost-exception\src\ost-1.78.0-8b4cb912e9.clean>%Jamfile<C:\vcpkg\buildtrees\boost-exception\src\ost-1.78.0-8b4cb912e9.clean>.tag <target-os>windows <testing.execute>on <threadapi>win32 <threading>multi <toolset-msvc:version>143 <toolset>msvc <user-interface>console <variant>release <vectorize>off <warnings-as-errors>off <warnings>on <windows-api>desktop
             find-viable-generators target-type= OBJ property-set= link-static
             trying type OBJ
             there are generators for this type
             trying generator rc.compile.resource ( RC -> OBJ )
               is viable
             trying generator msvc.compile.c++ ( CPP -> OBJ )
               is viable
             trying generator msvc.compile.c ( C -> OBJ )
               is viable
             trying generator msvc.compile.rc ( RC -> OBJ )
               is viable
             trying generator msvc.compile.asm ( ASM -> OBJ )
               is viable
             trying generator msvc.compile.c.pch ( H -> C_PCH OBJ )
               is viable
             trying generator msvc.compile.c++.pch ( H -> CPP_PCH OBJ )
               is viable
             ***  6  viable generators
               ** generator msvc.compile.c++
               composing:
               SUCCESS:  [ <relevant>address-model <relevant>address-sanitizer <relevant>architecture <relevant>asynch-exceptions <relevant>cflags <relevant>cxxflags <relevant>cxxstd <relevant>debug-store <relevant>debug-symbols <relevant>define <relevant>exception-handling <relevant>extern-c-nothrow <relevant>force-include <relevant>include <relevant>inlining <relevant>instruction-set <relevant>lto <relevant>mc-input-encoding <relevant>mc-output-encoding <relevant>mc-set-customer-bit <relevant>optimization <relevant>pch <relevant>pch-file <relevant>pch-header <relevant>pch-source <relevant>response-file <relevant>rtti <relevant>runtime-debugging <relevant>runtime-link <relevant>threading <relevant>toolset <relevant>toolset-msvc:version <relevant>undef <relevant>user-interface <relevant>warnings <relevant>warnings-as-errors <relevant>windows-api ] { msvc%msvc.compile.c++-clone_current_exception_non_intrusive.obj.OBJ { clone_current_exception_non_intrusive.cpp.CPP } }

             returned [ <relevant>address-model <relevant>address-sanitizer <relevant>architecture <relevant>asynch-exceptions <relevant>cflags <relevant>cxxflags <relevant>cxxstd <relevant>debug-store <relevant>debug-symbols <relevant>define <relevant>exception-handling <relevant>extern-c-nothrow <relevant>force-include <relevant>include <relevant>inlining <relevant>instruction-set <relevant>lto <relevant>mc-input-encoding <relevant>mc-output-encoding <relevant>mc-set-customer-bit <relevant>optimization <relevant>pch <relevant>pch-file <relevant>pch-header <relevant>pch-source <relevant>response-file <relevant>rtti <relevant>runtime-debugging <relevant>runtime-link <relevant>threading <relevant>toolset <relevant>toolset-msvc:version <relevant>undef <relevant>user-interface <relevant>warnings <relevant>warnings-as-errors <relevant>windows-api ] { msvc%msvc.compile.c++-clone_current_exception_non_intrusive.obj.OBJ { clone_current_exception_non_intrusive.cpp.CPP } }
               generator msvc.compile.c++  spawned 
               { msvc%msvc.compile.c++-clone_current_exception_non_intrusive.obj.OBJ { clone_current_exception_non_intrusive.cpp.CPP } }
               with usage requirements: [ <relevant>address-model <relevant>address-sanitizer <relevant>architecture <relevant>asynch-exceptions <relevant>cflags <relevant>cxxflags <relevant>cxxstd <relevant>debug-store <relevant>debug-symbols <relevant>define <relevant>exception-handling <relevant>extern-c-nothrow <relevant>force-include <relevant>include <relevant>inlining <relevant>instruction-set <relevant>lto <relevant>mc-input-encoding <relevant>mc-output-encoding <relevant>mc-set-customer-bit <relevant>optimization <relevant>pch <relevant>pch-file <relevant>pch-header <relevant>pch-source <relevant>response-file <relevant>rtti <relevant>runtime-debugging <relevant>runtime-link <relevant>threading <relevant>toolset <relevant>toolset-msvc:version <relevant>undef <relevant>user-interface <relevant>warnings <relevant>warnings-as-errors <relevant>windows-api ]
               ** generator 'msvc.compile.c' pruned
               ** generator 'msvc.compile.rc' pruned
               ** generator 'msvc.compile.asm' pruned
               ** generator 'msvc.compile.c.pch' pruned
               ** generator 'msvc.compile.c++.pch' pruned
           SUCCESS:  [ <relevant>address-model <relevant>architecture <relevant>archiveflags <relevant>debug-symbols <relevant>response-file <relevant>runtime-debugging <relevant>toolset <relevant>toolset-msvc:version <relevant>user-interface <relevant>windows-api ] { msvc%msvc.archive-libboost_exception-vc143-mt-x32-1_78.lib.STATIC_LIB { msvc%msvc.compile.c++-clone_current_exception_non_intrusive.obj.OBJ { clone_current_exception_non_intrusive.cpp.CPP } } }

         returned [ <relevant>address-model <relevant>address-sanitizer <relevant>architecture <relevant>archiveflags <relevant>asynch-exceptions <relevant>cflags <relevant>cxxflags <relevant>cxxstd <relevant>debug-store <relevant>debug-symbols <relevant>define <relevant>exception-handling <relevant>extern-c-nothrow <relevant>force-include <relevant>include <relevant>inlining <relevant>instruction-set <relevant>link <relevant>lto <relevant>mc-input-encoding <relevant>mc-output-encoding <relevant>mc-set-customer-bit <relevant>optimization <relevant>pch <relevant>pch-file <relevant>pch-header <relevant>pch-source <relevant>response-file <relevant>rtti <relevant>runtime-debugging <relevant>runtime-link <relevant>threading <relevant>toolset <relevant>toolset-msvc:version <relevant>undef <relevant>user-interface <relevant>warnings <relevant>warnings-as-errors <relevant>windows-api ] { msvc%msvc.archive-libboost_exception-vc143-mt-x32-1_78.lib.STATIC_LIB { msvc%msvc.compile.c++-clone_current_exception_non_intrusive.obj.OBJ { clone_current_exception_non_intrusive.cpp.CPP } } }
           generator msvc.archive  spawned 
           { msvc%msvc.archive-libboost_exception-vc143-mt-x32-1_78.lib.STATIC_LIB { msvc%msvc.compile.c++-clone_current_exception_non_intrusive.obj.OBJ { clone_current_exception_non_intrusive.cpp.CPP } } }
           with usage requirements: [ <relevant>address-model <relevant>address-sanitizer <relevant>architecture <relevant>archiveflags <relevant>asynch-exceptions <relevant>cflags <relevant>cxxflags <relevant>cxxstd <relevant>debug-store <relevant>debug-symbols <relevant>define <relevant>exception-handling <relevant>extern-c-nothrow <relevant>force-include <relevant>include <relevant>inlining <relevant>instruction-set <relevant>link <relevant>lto <relevant>mc-input-encoding <relevant>mc-output-encoding <relevant>mc-set-customer-bit <relevant>optimization <relevant>pch <relevant>pch-file <relevant>pch-header <relevant>pch-source <relevant>response-file <relevant>rtti <relevant>runtime-debugging <relevant>runtime-link <relevant>threading <relevant>toolset <relevant>toolset-msvc:version <relevant>undef <relevant>user-interface <relevant>warnings <relevant>warnings-as-errors <relevant>windows-api ]
     returned [ <relevant>address-model <relevant>address-sanitizer <relevant>architecture <relevant>archiveflags <relevant>asynch-exceptions <relevant>cflags <relevant>cxxflags <relevant>cxxstd <relevant>debug-store <relevant>debug-symbols <relevant>define <relevant>exception-handling <relevant>extern-c-nothrow <relevant>force-include <relevant>include <relevant>inlining <relevant>instruction-set <relevant>link <relevant>lto <relevant>mc-input-encoding <relevant>mc-output-encoding <relevant>mc-set-customer-bit <relevant>optimization <relevant>pch <relevant>pch-file <relevant>pch-header <relevant>pch-source <relevant>response-file <relevant>rtti <relevant>runtime-debugging <relevant>runtime-link <relevant>threading <relevant>toolset <relevant>toolset-msvc:version <relevant>undef <relevant>user-interface <relevant>warnings <relevant>warnings-as-errors <relevant>windows-api ] { msvc%msvc.archive-libboost_exception-vc143-mt-x32-1_78.lib.STATIC_LIB { msvc%msvc.compile.c++-clone_current_exception_non_intrusive.obj.OBJ { clone_current_exception_non_intrusive.cpp.CPP } } }
       generator builtin.lib-generator  spawned 
       { msvc%msvc.archive-libboost_exception-vc143-mt-x32-1_78.lib.STATIC_LIB { msvc%msvc.compile.c++-clone_current_exception_non_intrusive.obj.OBJ { clone_current_exception_non_intrusive.cpp.CPP } } }
       with usage requirements: [ <relevant>address-model <relevant>address-sanitizer <relevant>architecture <relevant>archiveflags <relevant>asynch-exceptions <relevant>cflags <relevant>cxxflags <relevant>cxxstd <relevant>debug-store <relevant>debug-symbols <relevant>define <relevant>exception-handling <relevant>extern-c-nothrow <relevant>force-include <relevant>include <relevant>inlining <relevant>instruction-set <relevant>link <relevant>lto <relevant>mc-input-encoding <relevant>mc-output-encoding <relevant>mc-set-customer-bit <relevant>optimization <relevant>pch <relevant>pch-file <relevant>pch-header <relevant>pch-source <relevant>response-file <relevant>rtti <relevant>runtime-debugging <relevant>runtime-link <relevant>threading <relevant>toolset <relevant>toolset-msvc:version <relevant>undef <relevant>user-interface <relevant>warnings <relevant>warnings-as-errors <relevant>windows-api ]
         Usage requirements from boost_exception:  <relevant>address-model <relevant>address-sanitizer <relevant>architecture <relevant>asynch-exceptions <relevant>cxxstd <relevant>cxxstd-dialect <relevant>debug-store <relevant>debug-symbols <relevant>deduced-address-model <relevant>deduced-architecture <relevant>exception-handling <relevant>extern-c-nothrow <relevant>inlining <relevant>instruction-set <relevant>link <relevant>lto <relevant>lto-mode <relevant>optimization <relevant>pch <relevant>rtti <relevant>runtime-debugging <relevant>runtime-link <relevant>segmented-stacks <relevant>threading <relevant>toolset <relevant>toolset-msvc:vendor <relevant>toolset-msvc:version <relevant>variant <relevant>warnings <relevant>warnings-as-errors <relevant>windows-api

     Usage requirements for stage:  <relevant>address-model <relevant>address-sanitizer <relevant>architecture <relevant>asynch-exceptions <relevant>cxxstd <relevant>cxxstd-dialect <relevant>debug-store <relevant>debug-symbols <relevant>deduced-address-model <relevant>deduced-architecture <relevant>exception-handling <relevant>extern-c-nothrow <relevant>inlining <relevant>instruction-set <relevant>link <relevant>lto <relevant>lto-mode <relevant>optimization <relevant>pch <relevant>rtti <relevant>runtime-debugging <relevant>runtime-link <relevant>segmented-stacks <relevant>threading <relevant>toolset <relevant>toolset-msvc:vendor <relevant>toolset-msvc:version <relevant>variant <relevant>warnings <relevant>warnings-as-errors <relevant>windows-api
     Build properties:  <address-model>32 <architecture>x86 <archiveflags>-machine:X86 -nologo <asmflags>/safeseh <asynch-exceptions>off <coverage>off <debug-store>object <debug-symbols>on <define>BOOST_ALL_NO_LIB=1 <define>NDEBUG <embed-manifest-via>linker <embed-manifest>on <exception-handling>on <extern-c-nothrow>off <hardcode-dll-paths>false <host-os>windows <include>../include&&/C:/vcpkg/installed/x86-windows/include <inlining>full <install-dependencies>off <link>static <linkflags>-machine:X86 -nologo -DEBUG -INCREMENTAL:NO -OPT:REF -OPT:ICF <location>/C:/vcpkg/buildtrees/boost-exception/x86-windows-rel/stage/lib <midl-robust>yes <midl-stubless-proxy>yes <optimization>speed <os>NT <pch>on <preserve-test-targets>on <profiling>off <relevant>address-model <relevant>address-sanitizer <relevant>architecture <relevant>asynch-exceptions <relevant>cxxstd <relevant>cxxstd-dialect <relevant>debug-store <relevant>debug-symbols <relevant>deduced-address-model <relevant>deduced-architecture <relevant>exception-handling <relevant>extern-c-nothrow <relevant>inlining <relevant>instruction-set <relevant>link <relevant>lto <relevant>lto-mode <relevant>optimization <relevant>pch <relevant>rtti <relevant>runtime-debugging <relevant>runtime-link <relevant>segmented-stacks <relevant>threading <relevant>threading:<relevant>runtime-link <relevant>threading:<relevant>toolset <relevant>toolset <relevant>toolset-msvc:vendor <relevant>toolset-msvc:version <relevant>variant <relevant>warnings <relevant>warnings-as-errors <relevant>windows-api <response-file>auto <rtti>on <runtime-debugging>off <runtime-link>shared <stdlib>native <strip>off <suppress-import-lib>false <symlink-location>project-relative <tag>@Jamfile<C:\vcpkg\buildtrees\boost-exception\src\ost-1.78.0-8b4cb912e9.clean>%Jamfile<C:\vcpkg\buildtrees\boost-exception\src\ost-1.78.0-8b4cb912e9.clean>.tag <target-os>windows <testing.execute>on <threadapi>win32 <threading>multi <toolset-msvc:version>143 <toolset>msvc <translate-path>@Jamfile<C:\vcpkg\buildtrees\boost-exception\src\ost-1.78.0-8b4cb912e9.clean\build>%Jamfile<C:\vcpkg\buildtrees\boost-exception\src\ost-1.78.0-8b4cb912e9.clean\build>.stage-translate-path <user-interface>console <variant>release <vectorize>off <warnings-as-errors>off <warnings>on <windows-api>desktop
     Usage requirements from stage:  <relevant>address-model <relevant>address-sanitizer <relevant>architecture <relevant>asynch-exceptions <relevant>cxxstd <relevant>cxxstd-dialect <relevant>debug-store <relevant>debug-symbols <relevant>deduced-address-model <relevant>deduced-architecture <relevant>exception-handling <relevant>extern-c-nothrow <relevant>inlining <relevant>instruction-set <relevant>link <relevant>lto <relevant>lto-mode <relevant>optimization <relevant>pch <relevant>rtti <relevant>runtime-debugging <relevant>runtime-link <relevant>segmented-stacks <relevant>threading <relevant>toolset <relevant>toolset-msvc:vendor <relevant>toolset-msvc:version <relevant>variant <relevant>warnings <relevant>warnings-as-errors <relevant>windows-api
msvc.read-setup <pC:\vcpkg\buildtrees\boost-exception\x86-windows-rel\boost\standalone\msvc\fabbfd46c2a4e30dd1594f96c4cd44b2>msvc-setup.read
 
common.mkdir C:\vcpkg\buildtrees\boost-exception\x86-windows-rel\stage

        if not exist "C:\vcpkg\buildtrees\boost-exception\x86-windows-rel\stage\\" mkdir "C:\vcpkg\buildtrees\boost-exception\x86-windows-rel\stage"
    
common.mkdir C:\vcpkg\buildtrees\boost-exception\x86-windows-rel\boost

        if not exist "C:\vcpkg\buildtrees\boost-exception\x86-windows-rel\boost\\" mkdir "C:\vcpkg\buildtrees\boost-exception\x86-windows-rel\boost"
    
common.mkdir C:\vcpkg\buildtrees\boost-exception\x86-windows-rel\stage\lib

        if not exist "C:\vcpkg\buildtrees\boost-exception\x86-windows-rel\stage\lib\\" mkdir "C:\vcpkg\buildtrees\boost-exception\x86-windows-rel\stage\lib"
    
common.mkdir C:\vcpkg\buildtrees\boost-exception\x86-windows-rel\boost\build

        if not exist "C:\vcpkg\buildtrees\boost-exception\x86-windows-rel\boost\build\\" mkdir "C:\vcpkg\buildtrees\boost-exception\x86-windows-rel\boost\build"
    
common.mkdir C:\vcpkg\buildtrees\boost-exception\x86-windows-rel\boost\standalone

        if not exist "C:\vcpkg\buildtrees\boost-exception\x86-windows-rel\boost\standalone\\" mkdir "C:\vcpkg\buildtrees\boost-exception\x86-windows-rel\boost\standalone"
    
common.mkdir C:\vcpkg\buildtrees\boost-exception\x86-windows-rel\boost\build\a2c12de7705aba4b27bf6666403c6664

        if not exist "C:\vcpkg\buildtrees\boost-exception\x86-windows-rel\boost\build\a2c12de7705aba4b27bf6666403c6664\\" mkdir "C:\vcpkg\buildtrees\boost-exception\x86-windows-rel\boost\build\a2c12de7705aba4b27bf6666403c6664"
    
common.mkdir C:\vcpkg\buildtrees\boost-exception\x86-windows-rel\boost\standalone\msvc

        if not exist "C:\vcpkg\buildtrees\boost-exception\x86-windows-rel\boost\standalone\msvc\\" mkdir "C:\vcpkg\buildtrees\boost-exception\x86-windows-rel\boost\standalone\msvc"
    
common.mkdir C:\vcpkg\buildtrees\boost-exception\x86-windows-rel\boost\standalone\msvc\fabbfd46c2a4e30dd1594f96c4cd44b2

        if not exist "C:\vcpkg\buildtrees\boost-exception\x86-windows-rel\boost\standalone\msvc\fabbfd46c2a4e30dd1594f96c4cd44b2\\" mkdir "C:\vcpkg\buildtrees\boost-exception\x86-windows-rel\boost\standalone\msvc\fabbfd46c2a4e30dd1594f96c4cd44b2"
    

file C:\Users\pulpo\AppData\Local\Temp\jam3581a3a.000

msvc.write-setup-script C:\vcpkg\buildtrees\boost-exception\x86-windows-rel\boost\standalone\msvc\fabbfd46c2a4e30dd1594f96c4cd44b2\msvc-setup.bat

    type "C:\Users\pulpo\AppData\Local\Temp\jam3581a3a.000" > "C:\vcpkg\buildtrees\boost-exception\x86-windows-rel\boost\standalone\msvc\fabbfd46c2a4e30dd1594f96c4cd44b2\msvc-setup.bat"

compile-c-c++ C:\vcpkg\buildtrees\boost-exception\x86-windows-rel\boost\build\a2c12de7705aba4b27bf6666403c6664\clone_current_exception_non_intrusive.obj

    call "C:\vcpkg\buildtrees\boost-exception\x86-windows-rel\boost\standalone\msvc\fabbfd46c2a4e30dd1594f96c4cd44b2\msvc-setup.bat" x86 >nul
 cl "..\src\clone_current_exception_non_intrusive.cpp" -c -Fo"C:\vcpkg\buildtrees\boost-exception\x86-windows-rel\boost\build\a2c12de7705aba4b27bf6666403c6664\clone_current_exception_non_intrusive.obj"     -TP /wd4675 /EHs /GR /Zc:throwingNew -nologo -DWIN32 -D_WINDOWS -W3 -utf-8 -GR -EHsc -MP -MD -O2 -Oi -Gy -DNDEBUG -Z7 /O2 /Z7 /Ob2 /W3 /MD /Zc:forScope /Zc:wchar_t /Zc:inline /Gw -DBOOST_ALL_NO_LIB=1 -DNDEBUG "-I..\include" "-IC:\vcpkg\installed\x86-windows\include" 

clone_current_exception_non_intrusive.cpp
msvc.archive C:\vcpkg\buildtrees\boost-exception\x86-windows-rel\boost\build\a2c12de7705aba4b27bf6666403c6664\libboost_exception-vc143-mt-x32-1_78.lib

        if exist "C:\vcpkg\buildtrees\boost-exception\x86-windows-rel\boost\build\a2c12de7705aba4b27bf6666403c6664\libboost_exception-vc143-mt-x32-1_78.lib" DEL "C:\vcpkg\buildtrees\boost-exception\x86-windows-rel\boost\build\a2c12de7705aba4b27bf6666403c6664\libboost_exception-vc143-mt-x32-1_78.lib"
        call "C:\vcpkg\buildtrees\boost-exception\x86-windows-rel\boost\standalone\msvc\fabbfd46c2a4e30dd1594f96c4cd44b2\msvc-setup.bat" x86 >nul
 link /lib /NOLOGO -machine:X86 -nologo /out:"C:\vcpkg\buildtrees\boost-exception\x86-windows-rel\boost\build\a2c12de7705aba4b27bf6666403c6664\libboost_exception-vc143-mt-x32-1_78.lib" "C:\vcpkg\buildtrees\boost-exception\x86-windows-rel\boost\build\a2c12de7705aba4b27bf6666403c6664\clone_current_exception_non_intrusive.obj"   
    
common.copy C:\vcpkg\buildtrees\boost-exception\x86-windows-rel\stage\lib\libboost_exception-vc143-mt-x32-1_78.lib

    copy /b "C:\vcpkg\buildtrees\boost-exception\x86-windows-rel\boost\build\a2c12de7705aba4b27bf6666403c6664\libboost_exception-vc143-mt-x32-1_78.lib" + this-file-does-not-exist-A698EE7806899E69 "C:\vcpkg\buildtrees\boost-exception\x86-windows-rel\stage\lib\libboost_exception-vc143-mt-x32-1_78.lib"

C:\vcpkg\buildtrees\boost-exception\x86-windows-rel\boost\build\a2c12de7705aba4b27bf6666403c6664\libboost_exception-vc143-mt-x32-1_78.lib
        1 archivo(s) copiado(s).
[1/2] cmd.exe /C "cd /D C:\vcpkg\buildtrees\boost-exception\x86-windows-rel && C:\vcpkg\downloads\tools\cmake-3.22.2-windows\cmake-3.22.2-windows-i386\bin\cmake.exe -P cmake_install.cmake"
-- Install configuration: "Release"
-- Installing: C:/vcpkg/packages/boost-exception_x86-windows/lib/libboost_exception-vc143-mt-x32-1_78.lib
