msvc.read-setup <pC:\vcpkg\buildtrees\boost-json\x86-windows-rel\boost\standalone\msvc\fabbfd46c2a4e30dd1594f96c4cd44b2>msvc-setup.read
 
common.mkdir C:\vcpkg\buildtrees\boost-json\x86-windows-rel\boost

        if not exist "C:\vcpkg\buildtrees\boost-json\x86-windows-rel\boost\\" mkdir "C:\vcpkg\buildtrees\boost-json\x86-windows-rel\boost"
    
common.mkdir C:\vcpkg\buildtrees\boost-json\x86-windows-rel\boost\config

        if not exist "C:\vcpkg\buildtrees\boost-json\x86-windows-rel\boost\config\\" mkdir "C:\vcpkg\buildtrees\boost-json\x86-windows-rel\boost\config"
    
common.mkdir C:\vcpkg\buildtrees\boost-json\x86-windows-rel\boost\standalone

        if not exist "C:\vcpkg\buildtrees\boost-json\x86-windows-rel\boost\standalone\\" mkdir "C:\vcpkg\buildtrees\boost-json\x86-windows-rel\boost\standalone"
    
common.mkdir C:\vcpkg\buildtrees\boost-json\x86-windows-rel\boost\config\checks

        if not exist "C:\vcpkg\buildtrees\boost-json\x86-windows-rel\boost\config\checks\\" mkdir "C:\vcpkg\buildtrees\boost-json\x86-windows-rel\boost\config\checks"
    
common.mkdir C:\vcpkg\buildtrees\boost-json\x86-windows-rel\boost\standalone\msvc

        if not exist "C:\vcpkg\buildtrees\boost-json\x86-windows-rel\boost\standalone\msvc\\" mkdir "C:\vcpkg\buildtrees\boost-json\x86-windows-rel\boost\standalone\msvc"
    
common.mkdir C:\vcpkg\buildtrees\boost-json\x86-windows-rel\boost\config\checks\7dbc51e91fe9e87de6b8b7cecdb66cf8

        if not exist "C:\vcpkg\buildtrees\boost-json\x86-windows-rel\boost\config\checks\7dbc51e91fe9e87de6b8b7cecdb66cf8\\" mkdir "C:\vcpkg\buildtrees\boost-json\x86-windows-rel\boost\config\checks\7dbc51e91fe9e87de6b8b7cecdb66cf8"
    
common.mkdir C:\vcpkg\buildtrees\boost-json\x86-windows-rel\boost\standalone\msvc\fabbfd46c2a4e30dd1594f96c4cd44b2

        if not exist "C:\vcpkg\buildtrees\boost-json\x86-windows-rel\boost\standalone\msvc\fabbfd46c2a4e30dd1594f96c4cd44b2\\" mkdir "C:\vcpkg\buildtrees\boost-json\x86-windows-rel\boost\standalone\msvc\fabbfd46c2a4e30dd1594f96c4cd44b2"
    

file C:\Users\pulpo\AppData\Local\Temp\jam33381ce8.000

msvc.write-setup-script C:\vcpkg\buildtrees\boost-json\x86-windows-rel\boost\standalone\msvc\fabbfd46c2a4e30dd1594f96c4cd44b2\msvc-setup.bat

    type "C:\Users\pulpo\AppData\Local\Temp\jam33381ce8.000" > "C:\vcpkg\buildtrees\boost-json\x86-windows-rel\boost\standalone\msvc\fabbfd46c2a4e30dd1594f96c4cd44b2\msvc-setup.bat"

compile-c-c++ C:\vcpkg\buildtrees\boost-json\x86-windows-rel\boost\config\checks\7dbc51e91fe9e87de6b8b7cecdb66cf8\cxx11_constexpr.obj

    call "C:\vcpkg\buildtrees\boost-json\x86-windows-rel\boost\standalone\msvc\fabbfd46c2a4e30dd1594f96c4cd44b2\msvc-setup.bat" x86 >nul
 cl "C:\vcpkg\buildtrees\boost-json\src\ost-1.78.0-4cbe872983.clean\config\checks\test_case.cpp" -c -Fo"C:\vcpkg\buildtrees\boost-json\x86-windows-rel\boost\config\checks\7dbc51e91fe9e87de6b8b7cecdb66cf8\cxx11_constexpr.obj"     -TP /wd4675 /EHs /GR /Zc:throwingNew -nologo -DWIN32 -D_WINDOWS -W3 -utf-8 -GR -EHsc -MP -MD -O2 -Oi -Gy -DNDEBUG -Z7 /O2 /Z7 /Ob2 /W3 /MD /Zc:forScope /Zc:wchar_t /Zc:inline /Gw -DBOOST_ALL_NO_LIB=1 -DNDEBUG -DTEST_BOOST_NO_CXX11_CONSTEXPR "-I..\include" "-IC:\vcpkg\installed\x86-windows\include" 

test_case.cpp
compile-c-c++ C:\vcpkg\buildtrees\boost-json\x86-windows-rel\boost\config\checks\7dbc51e91fe9e87de6b8b7cecdb66cf8\cxx11_decltype.obj

    call "C:\vcpkg\buildtrees\boost-json\x86-windows-rel\boost\standalone\msvc\fabbfd46c2a4e30dd1594f96c4cd44b2\msvc-setup.bat" x86 >nul
 cl "C:\vcpkg\buildtrees\boost-json\src\ost-1.78.0-4cbe872983.clean\config\checks\test_case.cpp" -c -Fo"C:\vcpkg\buildtrees\boost-json\x86-windows-rel\boost\config\checks\7dbc51e91fe9e87de6b8b7cecdb66cf8\cxx11_decltype.obj"     -TP /wd4675 /EHs /GR /Zc:throwingNew -nologo -DWIN32 -D_WINDOWS -W3 -utf-8 -GR -EHsc -MP -MD -O2 -Oi -Gy -DNDEBUG -Z7 /O2 /Z7 /Ob2 /W3 /MD /Zc:forScope /Zc:wchar_t /Zc:inline /Gw -DBOOST_ALL_NO_LIB=1 -DNDEBUG -DTEST_BOOST_NO_CXX11_DECLTYPE "-I..\include" "-IC:\vcpkg\installed\x86-windows\include" 

test_case.cpp
compile-c-c++ C:\vcpkg\buildtrees\boost-json\x86-windows-rel\boost\config\checks\7dbc51e91fe9e87de6b8b7cecdb66cf8\cxx11_hdr_tuple.obj

    call "C:\vcpkg\buildtrees\boost-json\x86-windows-rel\boost\standalone\msvc\fabbfd46c2a4e30dd1594f96c4cd44b2\msvc-setup.bat" x86 >nul
 cl "C:\vcpkg\buildtrees\boost-json\src\ost-1.78.0-4cbe872983.clean\config\checks\test_case.cpp" -c -Fo"C:\vcpkg\buildtrees\boost-json\x86-windows-rel\boost\config\checks\7dbc51e91fe9e87de6b8b7cecdb66cf8\cxx11_hdr_tuple.obj"     -TP /wd4675 /EHs /GR /Zc:throwingNew -nologo -DWIN32 -D_WINDOWS -W3 -utf-8 -GR -EHsc -MP -MD -O2 -Oi -Gy -DNDEBUG -Z7 /O2 /Z7 /Ob2 /W3 /MD /Zc:forScope /Zc:wchar_t /Zc:inline /Gw -DBOOST_ALL_NO_LIB=1 -DNDEBUG -DTEST_BOOST_NO_CXX11_HDR_TUPLE "-I..\include" "-IC:\vcpkg\installed\x86-windows\include" 

test_case.cpp
compile-c-c++ C:\vcpkg\buildtrees\boost-json\x86-windows-rel\boost\config\checks\7dbc51e91fe9e87de6b8b7cecdb66cf8\cxx11_template_aliases.obj

    call "C:\vcpkg\buildtrees\boost-json\x86-windows-rel\boost\standalone\msvc\fabbfd46c2a4e30dd1594f96c4cd44b2\msvc-setup.bat" x86 >nul
 cl "C:\vcpkg\buildtrees\boost-json\src\ost-1.78.0-4cbe872983.clean\config\checks\test_case.cpp" -c -Fo"C:\vcpkg\buildtrees\boost-json\x86-windows-rel\boost\config\checks\7dbc51e91fe9e87de6b8b7cecdb66cf8\cxx11_template_aliases.obj"     -TP /wd4675 /EHs /GR /Zc:throwingNew -nologo -DWIN32 -D_WINDOWS -W3 -utf-8 -GR -EHsc -MP -MD -O2 -Oi -Gy -DNDEBUG -Z7 /O2 /Z7 /Ob2 /W3 /MD /Zc:forScope /Zc:wchar_t /Zc:inline /Gw -DBOOST_ALL_NO_LIB=1 -DNDEBUG -DTEST_BOOST_NO_CXX11_TEMPLATE_ALIASES "-I..\include" "-IC:\vcpkg\installed\x86-windows\include" 

test_case.cpp
compile-c-c++ C:\vcpkg\buildtrees\boost-json\x86-windows-rel\boost\config\checks\7dbc51e91fe9e87de6b8b7cecdb66cf8\cxx11_variadic_templates.obj

    call "C:\vcpkg\buildtrees\boost-json\x86-windows-rel\boost\standalone\msvc\fabbfd46c2a4e30dd1594f96c4cd44b2\msvc-setup.bat" x86 >nul
 cl "C:\vcpkg\buildtrees\boost-json\src\ost-1.78.0-4cbe872983.clean\config\checks\test_case.cpp" -c -Fo"C:\vcpkg\buildtrees\boost-json\x86-windows-rel\boost\config\checks\7dbc51e91fe9e87de6b8b7cecdb66cf8\cxx11_variadic_templates.obj"     -TP /wd4675 /EHs /GR /Zc:throwingNew -nologo -DWIN32 -D_WINDOWS -W3 -utf-8 -GR -EHsc -MP -MD -O2 -Oi -Gy -DNDEBUG -Z7 /O2 /Z7 /Ob2 /W3 /MD /Zc:forScope /Zc:wchar_t /Zc:inline /Gw -DBOOST_ALL_NO_LIB=1 -DNDEBUG -DTEST_BOOST_NO_CXX11_VARIADIC_TEMPLATES "-I..\include" "-IC:\vcpkg\installed\x86-windows\include" 

test_case.cpp
common.mkdir C:\vcpkg\buildtrees\boost-json\x86-windows-rel\boost\build

        if not exist "C:\vcpkg\buildtrees\boost-json\x86-windows-rel\boost\build\\" mkdir "C:\vcpkg\buildtrees\boost-json\x86-windows-rel\boost\build"
    
common.mkdir C:\vcpkg\buildtrees\boost-json\x86-windows-rel\boost\build\7dbc51e91fe9e87de6b8b7cecdb66cf8

        if not exist "C:\vcpkg\buildtrees\boost-json\x86-windows-rel\boost\build\7dbc51e91fe9e87de6b8b7cecdb66cf8\\" mkdir "C:\vcpkg\buildtrees\boost-json\x86-windows-rel\boost\build\7dbc51e91fe9e87de6b8b7cecdb66cf8"
    
compile-c-c++ C:\vcpkg\buildtrees\boost-json\x86-windows-rel\boost\build\7dbc51e91fe9e87de6b8b7cecdb66cf8\cxx11_basic_alignas.obj

    call "C:\vcpkg\buildtrees\boost-json\x86-windows-rel\boost\standalone\msvc\fabbfd46c2a4e30dd1594f96c4cd44b2\msvc-setup.bat" x86 >nul
 cl "..\src\..\check\basic_alignas.cpp" -c -Fo"C:\vcpkg\buildtrees\boost-json\x86-windows-rel\boost\build\7dbc51e91fe9e87de6b8b7cecdb66cf8\cxx11_basic_alignas.obj"     -TP /wd4675 /EHs /GR /Zc:throwingNew -nologo -DWIN32 -D_WINDOWS -W3 -utf-8 -GR -EHsc -MP -MD -O2 -Oi -Gy -DNDEBUG -Z7 /O2 /Z7 /Ob2 /W3 /MD /Zc:forScope /Zc:wchar_t /Zc:inline /Gw -DBOOST_ALL_NO_LIB=1 -DNDEBUG "-I..\include" "-IC:\vcpkg\installed\x86-windows\include" 

basic_alignas.cpp

file C:\Users\pulpo\AppData\Local\Temp\jam33381ce9.000
# Automatically generated by B2.
# Do not edit.

module config-cache {
  set "cxx11_constexpr-<address-model>32-<architecture>x86-<debug-symbols>on-<threadapi>win32-<threading>multi-<toolset-msvc:version>143-<toolset>msvc-<variant>release" : "true" ;
  set "cxx11_decltype-<address-model>32-<architecture>x86-<debug-symbols>on-<threadapi>win32-<threading>multi-<toolset-msvc:version>143-<toolset>msvc-<variant>release" : "true" ;
  set "cxx11_hdr_tuple-<address-model>32-<architecture>x86-<debug-symbols>on-<threadapi>win32-<threading>multi-<toolset-msvc:version>143-<toolset>msvc-<variant>release" : "true" ;
  set "cxx11_template_aliases-<address-model>32-<architecture>x86-<debug-symbols>on-<threadapi>win32-<threading>multi-<toolset-msvc:version>143-<toolset>msvc-<variant>release" : "true" ;
  set "cxx11_variadic_templates-<address-model>32-<architecture>x86-<debug-symbols>on-<threadapi>win32-<threading>multi-<toolset-msvc:version>143-<toolset>msvc-<variant>release" : "true" ;
  set "cxx11_basic_alignas-<address-model>32-<architecture>x86-<debug-symbols>on-<threadapi>win32-<threading>multi-<toolset-msvc:version>143-<toolset>msvc-<variant>release" : "true" ;
}

config-cache.write C:\vcpkg\buildtrees\boost-json\x86-windows-rel\boost\project-cache.jam

    type "C:\Users\pulpo\AppData\Local\Temp\jam33381ce9.000" > "C:\vcpkg\buildtrees\boost-json\x86-windows-rel\boost\project-cache.jam"

