[1/2] cmd.exe /C "cd /D C:\vcpkg\buildtrees\boost-coroutine\src\ost-1.78.0-527cba62bf.clean\build && C:\vcpkg\installed\x64-windows\tools\boost-build\b2.exe toolset=msvc --user-config=C:/vcpkg/buildtrees/boost-coroutine/x86-windows-dbg/user-config.jam --stagedir=C:/vcpkg/buildtrees/boost-coroutine/x86-windows-dbg/stage --build-dir=C:/vcpkg/buildtrees/boost-coroutine/x86-windows-dbg runtime-link=shared link=shared address-model=32 architecture=x86 asmflags=/safeseh target-os=windows threadapi=win32 variant=debug --disable-icu --with-atomic --with-random --with-date_time --with-filesystem --with-system --with-thread --with-chrono -j4 -sBOOST_ROOT=C:/vcpkg/installed/x64-windows/tools/boost-build -sBOOST_BUILD_PATH=C:/vcpkg/installed/x64-windows/tools/boost-build --debug-configuration --debug-building --debug-generators --ignore-site-config --hash -q debug-symbols=on -d +2 threading=multi stage"
notice: found boost-build.jam at C:/vcpkg/installed/x64-windows/tools/boost-build/boost-build.jam
notice: loading B2 from C:/vcpkg/installed/x64-windows/tools/boost-build/src/kernel/bootstrap.jam
notice: Site configuration files will be ignored due to the
notice: --ignore-site-config command-line option.
notice: Loading explicitly specified user configuration file:
    C:\vcpkg\buildtrees\boost-coroutine\x86-windows-dbg\user-config.jam
notice: Searching 'C:\vcpkg\buildtrees\boost-coroutine\x86-windows-dbg' for user-config configuration file 'user-config.jam'.
notice: Loading user-config configuration file 'user-config.jam' from 'C:/vcpkg/buildtrees/boost-coroutine/x86-windows-dbg'.
notice: [msvc-cfg] msvc-14.3 detected, command: 'C:\Program Files\Microsoft Visual Studio\2022\Community\VC\Tools\MSVC\14.31.31103\bin\Hostx64\x64\cl.exe'
notice: [msvc-cfg] msvc-14.2 detected, command: 'C:\Program Files (x86)\Microsoft Visual Studio\2019\Community\VC\Tools\MSVC\14.29.30133\bin\Hostx64\x64\cl.exe'
notice: will use 'C:/Program Files/Microsoft Visual Studio/2022/Community/VC/Tools/MSVC/14.31.31103/bin/Hostx64/x86/cl.exe' for msvc, condition <toolset>msvc-143
notice: [msvc-cfg] condition: '<toolset>msvc-143/<architecture>x86/<address-model>32', setup: 'C:/vcpkg/installed/x64-windows/share/boost-build/nothing.bat x86'
notice: [msvc-cfg] condition: '<toolset>msvc-143/<architecture>/<address-model>32', setup: 'C:/vcpkg/installed/x64-windows/share/boost-build/nothing.bat x86'
notice: [msvc-cfg] condition: '<toolset>msvc-143/<architecture>x86/<address-model>64', setup: 'C:/vcpkg/installed/x64-windows/share/boost-build/nothing.bat amd64'
notice: [msvc-cfg] condition: '<toolset>msvc-143/<architecture>/<address-model>64', setup: 'C:/vcpkg/installed/x64-windows/share/boost-build/nothing.bat amd64'
notice: [msvc-cfg] condition: '<toolset>msvc-143/<architecture>x86/<address-model>', setup: 'C:/vcpkg/installed/x64-windows/share/boost-build/nothing.bat amd64'
notice: [msvc-cfg] condition: '<toolset>msvc-143/<architecture>/<address-model>', setup: 'C:/vcpkg/installed/x64-windows/share/boost-build/nothing.bat amd64'
notice: [msvc-cfg] condition: '<toolset>msvc-143/<architecture>ia64/<address-model>64', setup: 'C:/vcpkg/installed/x64-windows/share/boost-build/nothing.bat x86_ia64'
notice: [msvc-cfg] condition: '<toolset>msvc-143/<architecture>ia64/<address-model>', setup: 'C:/vcpkg/installed/x64-windows/share/boost-build/nothing.bat x86_ia64'
notice: [msvc-cfg] condition: '<toolset>msvc-143/<architecture>arm/<address-model>32', setup: 'C:/vcpkg/installed/x64-windows/share/boost-build/nothing.bat x86_arm'
notice: [msvc-cfg] condition: '<toolset>msvc-143/<architecture>arm/<address-model>64', setup: 'C:/vcpkg/installed/x64-windows/share/boost-build/nothing.bat x86_arm64'

Building target '../build/stage'
     Build request: object(property-set)@396 <address-model>32 <architecture>x86 <asmflags>/safeseh <debug-symbols>on <link>shared <runtime-link>shared <target-os>windows <threadapi>win32 <threading>multi <toolset>msvc <variant>debug
     Command line free features: <asmflags>/safeseh
     Target requirements: <archiveflags>-machine:X86 -nologo <define>BOOST_ALL_NO_LIB=1 <define>BOOST_COROUTINES_SOURCE <hardcode-dll-paths>false <include>../include&&/C:/vcpkg/installed/x86-windows/include <library>/boost/context//boost_context <link>shared:<define>BOOST_COROUTINES_DYN_LINK=1 <linkflags>-machine:X86 -nologo -debug -INCREMENTAL <location>/C:/vcpkg/buildtrees/boost-coroutine/x86-windows-dbg/stage/lib <relevant>cxxflags:<relevant>segmented-stacks <relevant>cxxflags:<relevant>target-os <relevant>cxxflags:<relevant>toolset <relevant>define:<relevant>link <relevant>threading:<relevant>runtime-link <relevant>threading:<relevant>toolset <tag>@Jamfile<C:\vcpkg\buildtrees\boost-coroutine\src\ost-1.78.0-527cba62bf.clean>%Jamfile<C:\vcpkg\buildtrees\boost-coroutine\src\ost-1.78.0-527cba62bf.clean>.tag <target-os>linux,<toolset>gcc,<segmented-stacks>on:<cxxflags>-DBOOST_USE_SEGMENTED_STACKS <target-os>linux,<toolset>gcc,<segmented-stacks>on:<cxxflags>-fsplit-stack <toolset>clang,<segmented-stacks>on:<cxxflags>-DBOOST_USE_SEGMENTED_STACKS <toolset>clang,<segmented-stacks>on:<cxxflags>-fsplit-stack <toolset>msvc,<runtime-link>shared:<threading>multi <translate-path>@Jamfile<C:\vcpkg\buildtrees\boost-coroutine\src\ost-1.78.0-527cba62bf.clean\build>%Jamfile<C:\vcpkg\buildtrees\boost-coroutine\src\ost-1.78.0-527cba62bf.clean\build>.stage-translate-path

     Common properties:  <address-model>32 <architecture>x86 <archiveflags>-machine:X86 -nologo <asmflags>/safeseh <asynch-exceptions>off <coverage>off <debug-store>object <debug-symbols>on <define>BOOST_ALL_NO_LIB=1 <define>BOOST_COROUTINES_DYN_LINK=1 <define>BOOST_COROUTINES_SOURCE <embed-manifest-via>linker <embed-manifest>on <exception-handling>on <extern-c-nothrow>off <hardcode-dll-paths>false <host-os>windows <include>../include&&/C:/vcpkg/installed/x86-windows/include <inlining>off <install-dependencies>off <library>/boost/context//boost_context <link>shared <linkflags>-machine:X86 -nologo -debug -INCREMENTAL <location>/C:/vcpkg/buildtrees/boost-coroutine/x86-windows-dbg/stage/lib <midl-robust>yes <midl-stubless-proxy>yes <optimization>off <os>NT <pch>on <preserve-test-targets>on <profiling>off <relevant>cxxflags:<relevant>segmented-stacks <relevant>cxxflags:<relevant>target-os <relevant>cxxflags:<relevant>toolset <relevant>define:<relevant>link <relevant>threading:<relevant>runtime-link <relevant>threading:<relevant>toolset <response-file>auto <rtti>on <runtime-debugging>on <runtime-link>shared <stdlib>native <strip>off <suppress-import-lib>false <symlink-location>project-relative <tag>@Jamfile<C:\vcpkg\buildtrees\boost-coroutine\src\ost-1.78.0-527cba62bf.clean>%Jamfile<C:\vcpkg\buildtrees\boost-coroutine\src\ost-1.78.0-527cba62bf.clean>.tag <target-os>windows <testing.execute>on <threadapi>win32 <threading>multi <toolset-msvc:version>143 <toolset>msvc <translate-path>@Jamfile<C:\vcpkg\buildtrees\boost-coroutine\src\ost-1.78.0-527cba62bf.clean\build>%Jamfile<C:\vcpkg\buildtrees\boost-coroutine\src\ost-1.78.0-527cba62bf.clean\build>.stage-translate-path <user-interface>console <variant>debug <vectorize>off <warnings-as-errors>off <warnings>on <windows-api>desktop

     Building target '../boost_context'
         Build request: object(property-set)@424 <address-model>32 <architecture>x86 <asynch-exceptions>off <coverage>off <debug-store>object <debug-symbols>on <embed-manifest-via>linker <embed-manifest>on <exception-handling>on <extern-c-nothrow>off <inlining>off <link>shared <midl-robust>yes <midl-stubless-proxy>yes <optimization>off <os>NT <pch>on <preserve-test-targets>on <profiling>off <relevant>variant <rtti>on <runtime-debugging>on <runtime-link>shared <stdlib>native <strip>off <target-os>windows <testing.execute>on <threadapi>win32 <threading>multi <toolset-msvc:version>143 <toolset>msvc <variant>debug <vectorize>off <warnings-as-errors>off <warnings>on <windows-api>desktop
         Command line free features: <asmflags>/safeseh
         Target requirements: <archiveflags>-machine:X86 -nologo <define>BOOST_ALL_NO_LIB=1 <file>/boost//C:/vcpkg/installed/x86-windows/debug/lib/boost_context-vc140-mt-gd.lib <include>../include&&/C:/vcpkg/installed/x86-windows/include <linkflags>-machine:X86 -nologo -debug -INCREMENTAL <relevant>threading:<relevant>runtime-link <relevant>threading:<relevant>toolset <tag>@Jamfile<C:\vcpkg\buildtrees\boost-coroutine\src\ost-1.78.0-527cba62bf.clean>%Jamfile<C:\vcpkg\buildtrees\boost-coroutine\src\ost-1.78.0-527cba62bf.clean>.tag <toolset>msvc,<runtime-link>shared:<threading>multi <variant>debug

         Common properties:  <address-model>32 <architecture>x86 <archiveflags>-machine:X86 -nologo <asmflags>/safeseh <asynch-exceptions>off <coverage>off <debug-store>object <debug-symbols>on <define>BOOST_ALL_NO_LIB=1 <embed-manifest-via>linker <embed-manifest>on <exception-handling>on <extern-c-nothrow>off <file>/boost//C:/vcpkg/installed/x86-windows/debug/lib/boost_context-vc140-mt-gd.lib <hardcode-dll-paths>true <host-os>windows <include>../include&&/C:/vcpkg/installed/x86-windows/include <inlining>off <install-dependencies>off <link>shared <linkflags>-machine:X86 -nologo -debug -INCREMENTAL <midl-robust>yes <midl-stubless-proxy>yes <optimization>off <os>NT <pch>on <preserve-test-targets>on <profiling>off <relevant>threading:<relevant>runtime-link <relevant>threading:<relevant>toolset <relevant>variant <response-file>auto <rtti>on <runtime-debugging>on <runtime-link>shared <stdlib>native <strip>off <suppress-import-lib>false <symlink-location>project-relative <tag>@Jamfile<C:\vcpkg\buildtrees\boost-coroutine\src\ost-1.78.0-527cba62bf.clean>%Jamfile<C:\vcpkg\buildtrees\boost-coroutine\src\ost-1.78.0-527cba62bf.clean>.tag <target-os>windows <testing.execute>on <threadapi>win32 <threading>multi <toolset-msvc:version>143 <toolset>msvc <user-interface>console <variant>debug <vectorize>off <warnings-as-errors>off <warnings>on <windows-api>desktop

         Usage requirements for boost_context: 
         Build properties:  <address-model>32 <architecture>x86 <archiveflags>-machine:X86 -nologo <asmflags>/safeseh <asynch-exceptions>off <coverage>off <debug-store>object <debug-symbols>on <define>BOOST_ALL_NO_LIB=1 <embed-manifest-via>linker <embed-manifest>on <exception-handling>on <extern-c-nothrow>off <file>object(file-target)@431 <hardcode-dll-paths>true <host-os>windows <include>../include&&/C:/vcpkg/installed/x86-windows/include <inlining>off <install-dependencies>off <link>shared <linkflags>-machine:X86 -nologo -debug -INCREMENTAL <midl-robust>yes <midl-stubless-proxy>yes <optimization>off <os>NT <pch>on <preserve-test-targets>on <profiling>off <relevant>threading:<relevant>runtime-link <relevant>threading:<relevant>toolset <relevant>variant <response-file>auto <rtti>on <runtime-debugging>on <runtime-link>shared <stdlib>native <strip>off <suppress-import-lib>false <symlink-location>project-relative <tag>@Jamfile<C:\vcpkg\buildtrees\boost-coroutine\src\ost-1.78.0-527cba62bf.clean>%Jamfile<C:\vcpkg\buildtrees\boost-coroutine\src\ost-1.78.0-527cba62bf.clean>.tag <target-os>windows <testing.execute>on <threadapi>win32 <threading>multi <toolset-msvc:version>143 <toolset>msvc <user-interface>console <variant>debug <vectorize>off <warnings-as-errors>off <warnings>on <windows-api>desktop
     *** construct LIB
         properties: <address-model>32 <architecture>x86 <archiveflags>-machine:X86 -nologo <asmflags>/safeseh <asynch-exceptions>off <coverage>off <debug-store>object <debug-symbols>on <define>BOOST_ALL_NO_LIB=1 <embed-manifest-via>linker <embed-manifest>on <exception-handling>on <extern-c-nothrow>off <file>object(file-target)@431 <hardcode-dll-paths>true <host-os>windows <include>../include&&/C:/vcpkg/installed/x86-windows/include <inlining>off <install-dependencies>off <link>shared <linkflags>-machine:X86 -nologo -debug -INCREMENTAL <main-target-type>LIB <midl-robust>yes <midl-stubless-proxy>yes <optimization>off <os>NT <pch>on <preserve-test-targets>on <profiling>off <relevant>threading:<relevant>runtime-link <relevant>threading:<relevant>toolset <relevant>variant <response-file>auto <rtti>on <runtime-debugging>on <runtime-link>shared <stdlib>native <strip>off <suppress-import-lib>false <symlink-location>project-relative <tag>@Jamfile<C:\vcpkg\buildtrees\boost-coroutine\src\ost-1.78.0-527cba62bf.clean>%Jamfile<C:\vcpkg\buildtrees\boost-coroutine\src\ost-1.78.0-527cba62bf.clean>.tag <target-os>windows <testing.execute>on <threadapi>win32 <threading>multi <toolset-msvc:version>143 <toolset>msvc <user-interface>console <variant>debug <vectorize>off <warnings-as-errors>off <warnings>on <windows-api>desktop
     find-viable-generators target-type= LIB property-set= debug
     trying type LIB
     there are generators for this type
     trying generator builtin.lib-generator ( -> LIB )
       is viable
     trying generator builtin.prebuilt ( -> LIB )
       is viable
     ***  1  viable generators
     returned { /C:/vcpkg/installed/x86-windows/debug/lib/boost_context-vc140-mt-gd.lib.STATIC_LIB }
       generator builtin.prebuilt  spawned 
       { /C:/vcpkg/installed/x86-windows/debug/lib/boost_context-vc140-mt-gd.lib.STATIC_LIB }
       with usage requirements: [ ]
         Usage requirements from boost_context:  <relevant>variant

     Building target '../build/boost_coroutine'
         Build request: object(property-set)@420 <address-model>32 <architecture>x86 <asynch-exceptions>off <coverage>off <debug-store>object <debug-symbols>on <embed-manifest-via>linker <embed-manifest>on <exception-handling>on <extern-c-nothrow>off <inlining>off <link>shared <midl-robust>yes <midl-stubless-proxy>yes <optimization>off <os>NT <pch>on <preserve-test-targets>on <profiling>off <rtti>on <runtime-debugging>on <runtime-link>shared <stdlib>native <strip>off <target-os>windows <testing.execute>on <threadapi>win32 <threading>multi <toolset-msvc:version>143 <toolset>msvc <variant>debug <vectorize>off <warnings-as-errors>off <warnings>on <windows-api>desktop
         Command line free features: <asmflags>/safeseh
         Target requirements: <archiveflags>-machine:X86 -nologo <define>BOOST_ALL_NO_LIB=1 <define>BOOST_COROUTINES_SOURCE <include>../include&&/C:/vcpkg/installed/x86-windows/include <library>/boost/context//boost_context <link>shared:<define>BOOST_COROUTINES_DYN_LINK=1 <link>shared:<library>/boost/context//boost_context <linkflags>-machine:X86 -nologo -debug -INCREMENTAL <relevant>cxxflags:<relevant>segmented-stacks <relevant>cxxflags:<relevant>target-os <relevant>cxxflags:<relevant>toolset <relevant>define:<relevant>link <relevant>library:<relevant>link <relevant>threading:<relevant>runtime-link <relevant>threading:<relevant>toolset <tag>@Jamfile<C:\vcpkg\buildtrees\boost-coroutine\src\ost-1.78.0-527cba62bf.clean>%Jamfile<C:\vcpkg\buildtrees\boost-coroutine\src\ost-1.78.0-527cba62bf.clean>.tag <target-os>linux,<toolset>gcc,<segmented-stacks>on:<cxxflags>-DBOOST_USE_SEGMENTED_STACKS <target-os>linux,<toolset>gcc,<segmented-stacks>on:<cxxflags>-fsplit-stack <toolset>clang,<segmented-stacks>on:<cxxflags>-DBOOST_USE_SEGMENTED_STACKS <toolset>clang,<segmented-stacks>on:<cxxflags>-fsplit-stack <toolset>msvc,<runtime-link>shared:<threading>multi

         Common properties:  <address-model>32 <architecture>x86 <archiveflags>-machine:X86 -nologo <asmflags>/safeseh <asynch-exceptions>off <coverage>off <debug-store>object <debug-symbols>on <define>BOOST_ALL_NO_LIB=1 <define>BOOST_COROUTINES_DYN_LINK=1 <define>BOOST_COROUTINES_SOURCE <embed-manifest-via>linker <embed-manifest>on <exception-handling>on <extern-c-nothrow>off <hardcode-dll-paths>true <host-os>windows <include>../include&&/C:/vcpkg/installed/x86-windows/include <inlining>off <install-dependencies>off <library>/boost/context//boost_context <link>shared <linkflags>-machine:X86 -nologo -debug -INCREMENTAL <midl-robust>yes <midl-stubless-proxy>yes <optimization>off <os>NT <pch>on <preserve-test-targets>on <profiling>off <relevant>cxxflags:<relevant>segmented-stacks <relevant>cxxflags:<relevant>target-os <relevant>cxxflags:<relevant>toolset <relevant>define:<relevant>link <relevant>library:<relevant>link <relevant>threading:<relevant>runtime-link <relevant>threading:<relevant>toolset <response-file>auto <rtti>on <runtime-debugging>on <runtime-link>shared <stdlib>native <strip>off <suppress-import-lib>false <symlink-location>project-relative <tag>@Jamfile<C:\vcpkg\buildtrees\boost-coroutine\src\ost-1.78.0-527cba62bf.clean>%Jamfile<C:\vcpkg\buildtrees\boost-coroutine\src\ost-1.78.0-527cba62bf.clean>.tag <target-os>windows <testing.execute>on <threadapi>win32 <threading>multi <toolset-msvc:version>143 <toolset>msvc <user-interface>console <variant>debug <vectorize>off <warnings-as-errors>off <warnings>on <windows-api>desktop

         Building target '../boost_context'
             Build request: object(property-set)@424 <address-model>32 <architecture>x86 <asynch-exceptions>off <coverage>off <debug-store>object <debug-symbols>on <embed-manifest-via>linker <embed-manifest>on <exception-handling>on <extern-c-nothrow>off <inlining>off <link>shared <midl-robust>yes <midl-stubless-proxy>yes <optimization>off <os>NT <pch>on <preserve-test-targets>on <profiling>off <relevant>variant <rtti>on <runtime-debugging>on <runtime-link>shared <stdlib>native <strip>off <target-os>windows <testing.execute>on <threadapi>win32 <threading>multi <toolset-msvc:version>143 <toolset>msvc <variant>debug <vectorize>off <warnings-as-errors>off <warnings>on <windows-api>desktop
             Command line free features: <asmflags>/safeseh
             Target requirements: <archiveflags>-machine:X86 -nologo <define>BOOST_ALL_NO_LIB=1 <file>/boost//C:/vcpkg/installed/x86-windows/debug/lib/boost_context-vc140-mt-gd.lib <include>../include&&/C:/vcpkg/installed/x86-windows/include <linkflags>-machine:X86 -nologo -debug -INCREMENTAL <relevant>threading:<relevant>runtime-link <relevant>threading:<relevant>toolset <tag>@Jamfile<C:\vcpkg\buildtrees\boost-coroutine\src\ost-1.78.0-527cba62bf.clean>%Jamfile<C:\vcpkg\buildtrees\boost-coroutine\src\ost-1.78.0-527cba62bf.clean>.tag <toolset>msvc,<runtime-link>shared:<threading>multi <variant>debug
             Already built
                 Usage requirements from boost_context:  <relevant>variant

         Building target '../build/stack_traits_sources'
             Build request: object(property-set)@448 <address-model>32 <architecture>x86 <asynch-exceptions>off <coverage>off <debug-store>object <debug-symbols>on <embed-manifest-via>linker <embed-manifest>on <exception-handling>on <extern-c-nothrow>off <inlining>off <link>shared <midl-robust>yes <midl-stubless-proxy>yes <optimization>off <os>NT <pch>on <preserve-test-targets>on <profiling>off <relevant>target-os <rtti>on <runtime-debugging>on <runtime-link>shared <stdlib>native <strip>off <target-os>windows <testing.execute>on <threadapi>win32 <threading>multi <toolset-msvc:version>143 <toolset>msvc <variant>debug <vectorize>off <warnings-as-errors>off <warnings>on <windows-api>desktop
             Command line free features: <asmflags>/safeseh
             Target requirements: <archiveflags>-machine:X86 -nologo <define>BOOST_ALL_NO_LIB=1 <define>BOOST_COROUTINES_SOURCE <include>../include&&/C:/vcpkg/installed/x86-windows/include <library>/boost/context//boost_context <link>shared:<define>BOOST_COROUTINES_DYN_LINK=1 <linkflags>-machine:X86 -nologo -debug -INCREMENTAL <relevant>cxxflags:<relevant>segmented-stacks <relevant>cxxflags:<relevant>target-os <relevant>cxxflags:<relevant>toolset <relevant>define:<relevant>link <relevant>threading:<relevant>runtime-link <relevant>threading:<relevant>toolset <tag>@Jamfile<C:\vcpkg\buildtrees\boost-coroutine\src\ost-1.78.0-527cba62bf.clean>%Jamfile<C:\vcpkg\buildtrees\boost-coroutine\src\ost-1.78.0-527cba62bf.clean>.tag <target-os>linux,<toolset>gcc,<segmented-stacks>on:<cxxflags>-DBOOST_USE_SEGMENTED_STACKS <target-os>linux,<toolset>gcc,<segmented-stacks>on:<cxxflags>-fsplit-stack <target-os>windows <toolset>clang,<segmented-stacks>on:<cxxflags>-DBOOST_USE_SEGMENTED_STACKS <toolset>clang,<segmented-stacks>on:<cxxflags>-fsplit-stack <toolset>msvc,<runtime-link>shared:<threading>multi

             Common properties:  <address-model>32 <architecture>x86 <archiveflags>-machine:X86 -nologo <asmflags>/safeseh <asynch-exceptions>off <coverage>off <debug-store>object <debug-symbols>on <define>BOOST_ALL_NO_LIB=1 <define>BOOST_COROUTINES_DYN_LINK=1 <define>BOOST_COROUTINES_SOURCE <embed-manifest-via>linker <embed-manifest>on <exception-handling>on <extern-c-nothrow>off <hardcode-dll-paths>true <host-os>windows <include>../include&&/C:/vcpkg/installed/x86-windows/include <inlining>off <install-dependencies>off <library>/boost/context//boost_context <link>shared <linkflags>-machine:X86 -nologo -debug -INCREMENTAL <midl-robust>yes <midl-stubless-proxy>yes <optimization>off <os>NT <pch>on <preserve-test-targets>on <profiling>off <relevant>cxxflags:<relevant>segmented-stacks <relevant>cxxflags:<relevant>target-os <relevant>cxxflags:<relevant>toolset <relevant>define:<relevant>link <relevant>target-os <relevant>threading:<relevant>runtime-link <relevant>threading:<relevant>toolset <response-file>auto <rtti>on <runtime-debugging>on <runtime-link>shared <stdlib>native <strip>off <suppress-import-lib>false <symlink-location>project-relative <tag>@Jamfile<C:\vcpkg\buildtrees\boost-coroutine\src\ost-1.78.0-527cba62bf.clean>%Jamfile<C:\vcpkg\buildtrees\boost-coroutine\src\ost-1.78.0-527cba62bf.clean>.tag <target-os>windows <testing.execute>on <threadapi>win32 <threading>multi <toolset-msvc:version>143 <toolset>msvc <user-interface>console <variant>debug <vectorize>off <warnings-as-errors>off <warnings>on <windows-api>desktop

             Building target '../boost_context'
                 Build request: object(property-set)@424 <address-model>32 <architecture>x86 <asynch-exceptions>off <coverage>off <debug-store>object <debug-symbols>on <embed-manifest-via>linker <embed-manifest>on <exception-handling>on <extern-c-nothrow>off <inlining>off <link>shared <midl-robust>yes <midl-stubless-proxy>yes <optimization>off <os>NT <pch>on <preserve-test-targets>on <profiling>off <relevant>variant <rtti>on <runtime-debugging>on <runtime-link>shared <stdlib>native <strip>off <target-os>windows <testing.execute>on <threadapi>win32 <threading>multi <toolset-msvc:version>143 <toolset>msvc <variant>debug <vectorize>off <warnings-as-errors>off <warnings>on <windows-api>desktop
                 Command line free features: <asmflags>/safeseh
                 Target requirements: <archiveflags>-machine:X86 -nologo <define>BOOST_ALL_NO_LIB=1 <file>/boost//C:/vcpkg/installed/x86-windows/debug/lib/boost_context-vc140-mt-gd.lib <include>../include&&/C:/vcpkg/installed/x86-windows/include <linkflags>-machine:X86 -nologo -debug -INCREMENTAL <relevant>threading:<relevant>runtime-link <relevant>threading:<relevant>toolset <tag>@Jamfile<C:\vcpkg\buildtrees\boost-coroutine\src\ost-1.78.0-527cba62bf.clean>%Jamfile<C:\vcpkg\buildtrees\boost-coroutine\src\ost-1.78.0-527cba62bf.clean>.tag <toolset>msvc,<runtime-link>shared:<threading>multi <variant>debug
                 Already built
                     Usage requirements from boost_context:  <relevant>variant

             Usage requirements for stack_traits_sources:  <relevant>variant
             Build properties:  <address-model>32 <architecture>x86 <archiveflags>-machine:X86 -nologo <asmflags>/safeseh <asynch-exceptions>off <coverage>off <debug-store>object <debug-symbols>on <define>BOOST_ALL_NO_LIB=1 <define>BOOST_COROUTINES_DYN_LINK=1 <define>BOOST_COROUTINES_SOURCE <embed-manifest-via>linker <embed-manifest>on <exception-handling>on <extern-c-nothrow>off <hardcode-dll-paths>true <host-os>windows <include>../include&&/C:/vcpkg/installed/x86-windows/include <inlining>off <install-dependencies>off <library>object(file-target)@431 <link>shared <linkflags>-machine:X86 -nologo -debug -INCREMENTAL <midl-robust>yes <midl-stubless-proxy>yes <optimization>off <os>NT <pch>on <preserve-test-targets>on <profiling>off <relevant>cxxflags:<relevant>segmented-stacks <relevant>cxxflags:<relevant>target-os <relevant>cxxflags:<relevant>toolset <relevant>define:<relevant>link <relevant>target-os <relevant>threading:<relevant>runtime-link <relevant>threading:<relevant>toolset <relevant>variant <response-file>auto <rtti>on <runtime-debugging>on <runtime-link>shared <stdlib>native <strip>off <suppress-import-lib>false <symlink-location>project-relative <tag>@Jamfile<C:\vcpkg\buildtrees\boost-coroutine\src\ost-1.78.0-527cba62bf.clean>%Jamfile<C:\vcpkg\buildtrees\boost-coroutine\src\ost-1.78.0-527cba62bf.clean>.tag <target-os>windows <testing.execute>on <threadapi>win32 <threading>multi <toolset-msvc:version>143 <toolset>msvc <user-interface>console <variant>debug <vectorize>off <warnings-as-errors>off <warnings>on <windows-api>desktop
             Usage requirements from stack_traits_sources:  <define>BOOST_COROUTINES_DYN_LINK=1 <relevant>define:<relevant>link <relevant>target-os <relevant>variant

         Usage requirements for boost_coroutine:  <relevant>variant <define>BOOST_COROUTINES_DYN_LINK=1 <relevant>define:<relevant>link <relevant>target-os <relevant>variant
         Build properties:  <address-model>32 <architecture>x86 <archiveflags>-machine:X86 -nologo <asmflags>/safeseh <asynch-exceptions>off <coverage>off <debug-store>object <debug-symbols>on <define>BOOST_ALL_NO_LIB=1 <define>BOOST_COROUTINES_DYN_LINK=1 <define>BOOST_COROUTINES_SOURCE <embed-manifest-via>linker <embed-manifest>on <exception-handling>on <extern-c-nothrow>off <hardcode-dll-paths>true <host-os>windows <include>../include&&/C:/vcpkg/installed/x86-windows/include <inlining>off <install-dependencies>off <library>object(file-target)@431 <link>shared <linkflags>-machine:X86 -nologo -debug -INCREMENTAL <midl-robust>yes <midl-stubless-proxy>yes <optimization>off <os>NT <pch>on <preserve-test-targets>on <profiling>off <relevant>cxxflags:<relevant>segmented-stacks <relevant>cxxflags:<relevant>target-os <relevant>cxxflags:<relevant>toolset <relevant>define:<relevant>link <relevant>library:<relevant>link <relevant>target-os <relevant>threading:<relevant>runtime-link <relevant>threading:<relevant>toolset <relevant>variant <response-file>auto <rtti>on <runtime-debugging>on <runtime-link>shared <stdlib>native <strip>off <suppress-import-lib>false <symlink-location>project-relative <tag>@Jamfile<C:\vcpkg\buildtrees\boost-coroutine\src\ost-1.78.0-527cba62bf.clean>%Jamfile<C:\vcpkg\buildtrees\boost-coroutine\src\ost-1.78.0-527cba62bf.clean>.tag <target-os>windows <testing.execute>on <threadapi>win32 <threading>multi <toolset-msvc:version>143 <toolset>msvc <user-interface>console <variant>debug <vectorize>off <warnings-as-errors>off <warnings>on <windows-api>desktop
     *** construct LIB
         from { detail/coroutine_context.cpp.CPP }
         from { exceptions.cpp.CPP }
         from { windows/stack_traits.cpp.CPP }
         properties: <address-model>32 <architecture>x86 <archiveflags>-machine:X86 -nologo <asmflags>/safeseh <asynch-exceptions>off <coverage>off <debug-store>object <debug-symbols>on <define>BOOST_ALL_NO_LIB=1 <define>BOOST_COROUTINES_DYN_LINK=1 <define>BOOST_COROUTINES_SOURCE <embed-manifest-via>linker <embed-manifest>on <exception-handling>on <extern-c-nothrow>off <hardcode-dll-paths>true <host-os>windows <include>../include&&/C:/vcpkg/installed/x86-windows/include <inlining>off <install-dependencies>off <library>object(file-target)@431 <link>shared <linkflags>-machine:X86 -nologo -debug -INCREMENTAL <main-target-type>LIB <midl-robust>yes <midl-stubless-proxy>yes <optimization>off <os>NT <pch>on <preserve-test-targets>on <profiling>off <relevant>cxxflags:<relevant>segmented-stacks <relevant>cxxflags:<relevant>target-os <relevant>cxxflags:<relevant>toolset <relevant>define:<relevant>link <relevant>library:<relevant>link <relevant>target-os <relevant>threading:<relevant>runtime-link <relevant>threading:<relevant>toolset <relevant>variant <response-file>auto <rtti>on <runtime-debugging>on <runtime-link>shared <stdlib>native <strip>off <suppress-import-lib>false <symlink-location>project-relative <tag>@Jamfile<C:\vcpkg\buildtrees\boost-coroutine\src\ost-1.78.0-527cba62bf.clean>%Jamfile<C:\vcpkg\buildtrees\boost-coroutine\src\ost-1.78.0-527cba62bf.clean>.tag <target-os>windows <testing.execute>on <threadapi>win32 <threading>multi <toolset-msvc:version>143 <toolset>msvc <user-interface>console <variant>debug <vectorize>off <warnings-as-errors>off <warnings>on <windows-api>desktop
     find-viable-generators target-type= LIB property-set= debug
     trying type LIB
     there are generators for this type
     trying generator builtin.lib-generator ( -> LIB )
       is viable
     trying generator builtin.prebuilt ( -> LIB )
     ***  1  viable generators
         *** construct SHARED_LIB
             from { detail/coroutine_context.cpp.CPP }
             from { exceptions.cpp.CPP }
             from { windows/stack_traits.cpp.CPP }
             properties: <address-model>32 <architecture>x86 <archiveflags>-machine:X86 -nologo <asmflags>/safeseh <asynch-exceptions>off <coverage>off <debug-store>object <debug-symbols>on <define>BOOST_ALL_NO_LIB=1 <define>BOOST_COROUTINES_DYN_LINK=1 <define>BOOST_COROUTINES_SOURCE <embed-manifest-via>linker <embed-manifest>on <exception-handling>on <extern-c-nothrow>off <hardcode-dll-paths>true <host-os>windows <include>../include&&/C:/vcpkg/installed/x86-windows/include <inlining>off <install-dependencies>off <library>object(file-target)@431 <link>shared <linkflags>-machine:X86 -nologo -debug -INCREMENTAL <main-target-type>LIB <midl-robust>yes <midl-stubless-proxy>yes <optimization>off <os>NT <pch>on <preserve-test-targets>on <profiling>off <relevant>cxxflags:<relevant>segmented-stacks <relevant>cxxflags:<relevant>target-os <relevant>cxxflags:<relevant>toolset <relevant>define:<relevant>link <relevant>library:<relevant>link <relevant>link <relevant>target-os <relevant>threading:<relevant>runtime-link <relevant>threading:<relevant>toolset <relevant>variant <response-file>auto <rtti>on <runtime-debugging>on <runtime-link>shared <stdlib>native <strip>off <suppress-import-lib>false <symlink-location>project-relative <tag>@Jamfile<C:\vcpkg\buildtrees\boost-coroutine\src\ost-1.78.0-527cba62bf.clean>%Jamfile<C:\vcpkg\buildtrees\boost-coroutine\src\ost-1.78.0-527cba62bf.clean>.tag <target-os>windows <testing.execute>on <threadapi>win32 <threading>multi <toolset-msvc:version>143 <toolset>msvc <user-interface>console <variant>debug <vectorize>off <warnings-as-errors>off <warnings>on <windows-api>desktop
         find-viable-generators target-type= SHARED_LIB property-set= debug
         trying type SHARED_LIB
         there are generators for this type
         trying generator msvc.link.dll ( OBJ SEARCHED_LIB STATIC_LIB IMPORT_LIB -> SHARED_LIB IMPORT_LIB )
           is viable
         trying generator msvc.link.dll ( OBJ SEARCHED_LIB STATIC_LIB IMPORT_LIB -> SHARED_LIB )
         ***  1  viable generators
           ** generator msvc.link.dll
           composing: true
             *** construct OBJ
                 from { detail/coroutine_context.cpp.CPP }
                 properties: <address-model>32 <architecture>x86 <archiveflags>-machine:X86 -nologo <asmflags>/safeseh <asynch-exceptions>off <coverage>off <debug-store>object <debug-symbols>on <define>BOOST_ALL_NO_LIB=1 <define>BOOST_COROUTINES_DYN_LINK=1 <define>BOOST_COROUTINES_SOURCE <embed-manifest-via>linker <embed-manifest>on <exception-handling>on <extern-c-nothrow>off <hardcode-dll-paths>true <host-os>windows <include>../include&&/C:/vcpkg/installed/x86-windows/include <inlining>off <install-dependencies>off <library>object(file-target)@431 <link>shared <linkflags>-machine:X86 -nologo -debug -INCREMENTAL <main-target-type>LIB <midl-robust>yes <midl-stubless-proxy>yes <optimization>off <os>NT <pch>on <preserve-test-targets>on <profiling>off <relevant>cxxflags:<relevant>segmented-stacks <relevant>cxxflags:<relevant>target-os <relevant>cxxflags:<relevant>toolset <relevant>define:<relevant>link <relevant>library:<relevant>link <relevant>link <relevant>target-os <relevant>threading:<relevant>runtime-link <relevant>threading:<relevant>toolset <relevant>variant <response-file>auto <rtti>on <runtime-debugging>on <runtime-link>shared <stdlib>native <strip>off <suppress-import-lib>false <symlink-location>project-relative <tag>@Jamfile<C:\vcpkg\buildtrees\boost-coroutine\src\ost-1.78.0-527cba62bf.clean>%Jamfile<C:\vcpkg\buildtrees\boost-coroutine\src\ost-1.78.0-527cba62bf.clean>.tag <target-os>windows <testing.execute>on <threadapi>win32 <threading>multi <toolset-msvc:version>143 <toolset>msvc <user-interface>console <variant>debug <vectorize>off <warnings-as-errors>off <warnings>on <windows-api>desktop
             find-viable-generators target-type= OBJ property-set= debug
             trying type OBJ
             there are generators for this type
             trying generator rc.compile.resource ( RC -> OBJ )
               is viable
             trying generator msvc.compile.c++ ( CPP -> OBJ )
               is viable
             trying generator msvc.compile.c ( C -> OBJ )
               is viable
             trying generator msvc.compile.rc ( RC -> OBJ )
               is viable
             trying generator msvc.compile.asm ( ASM -> OBJ )
               is viable
             trying generator msvc.compile.c.pch ( H -> C_PCH OBJ )
               is viable
             trying generator msvc.compile.c++.pch ( H -> CPP_PCH OBJ )
               is viable
             ***  6  viable generators
               ** generator msvc.compile.c++
               composing:
               SUCCESS:  [ <relevant>address-model <relevant>address-sanitizer <relevant>architecture <relevant>asynch-exceptions <relevant>cflags <relevant>cxxflags <relevant>cxxstd <relevant>debug-store <relevant>debug-symbols <relevant>define <relevant>exception-handling <relevant>extern-c-nothrow <relevant>force-include <relevant>include <relevant>inlining <relevant>instruction-set <relevant>lto <relevant>mc-input-encoding <relevant>mc-output-encoding <relevant>mc-set-customer-bit <relevant>optimization <relevant>pch <relevant>pch-file <relevant>pch-header <relevant>pch-source <relevant>response-file <relevant>rtti <relevant>runtime-debugging <relevant>runtime-link <relevant>threading <relevant>toolset <relevant>toolset-msvc:version <relevant>undef <relevant>user-interface <relevant>warnings <relevant>warnings-as-errors <relevant>windows-api ] { msvc%msvc.compile.c++-detail\coroutine_context.obj.OBJ { detail/coroutine_context.cpp.CPP } }

             returned [ <relevant>address-model <relevant>address-sanitizer <relevant>architecture <relevant>asynch-exceptions <relevant>cflags <relevant>cxxflags <relevant>cxxstd <relevant>debug-store <relevant>debug-symbols <relevant>define <relevant>exception-handling <relevant>extern-c-nothrow <relevant>force-include <relevant>include <relevant>inlining <relevant>instruction-set <relevant>lto <relevant>mc-input-encoding <relevant>mc-output-encoding <relevant>mc-set-customer-bit <relevant>optimization <relevant>pch <relevant>pch-file <relevant>pch-header <relevant>pch-source <relevant>response-file <relevant>rtti <relevant>runtime-debugging <relevant>runtime-link <relevant>threading <relevant>toolset <relevant>toolset-msvc:version <relevant>undef <relevant>user-interface <relevant>warnings <relevant>warnings-as-errors <relevant>windows-api ] { msvc%msvc.compile.c++-detail\coroutine_context.obj.OBJ { detail/coroutine_context.cpp.CPP } }
               generator msvc.compile.c++  spawned 
               { msvc%msvc.compile.c++-detail\coroutine_context.obj.OBJ { detail/coroutine_context.cpp.CPP } }
               with usage requirements: [ <relevant>address-model <relevant>address-sanitizer <relevant>architecture <relevant>asynch-exceptions <relevant>cflags <relevant>cxxflags <relevant>cxxstd <relevant>debug-store <relevant>debug-symbols <relevant>define <relevant>exception-handling <relevant>extern-c-nothrow <relevant>force-include <relevant>include <relevant>inlining <relevant>instruction-set <relevant>lto <relevant>mc-input-encoding <relevant>mc-output-encoding <relevant>mc-set-customer-bit <relevant>optimization <relevant>pch <relevant>pch-file <relevant>pch-header <relevant>pch-source <relevant>response-file <relevant>rtti <relevant>runtime-debugging <relevant>runtime-link <relevant>threading <relevant>toolset <relevant>toolset-msvc:version <relevant>undef <relevant>user-interface <relevant>warnings <relevant>warnings-as-errors <relevant>windows-api ]
               ** generator 'msvc.compile.c' pruned
               ** generator 'msvc.compile.rc' pruned
               ** generator 'msvc.compile.asm' pruned
               ** generator 'msvc.compile.c.pch' pruned
               ** generator 'msvc.compile.c++.pch' pruned
             *** construct SEARCHED_LIB
                 from { detail/coroutine_context.cpp.CPP }
                 properties: <address-model>32 <architecture>x86 <archiveflags>-machine:X86 -nologo <asmflags>/safeseh <asynch-exceptions>off <coverage>off <debug-store>object <debug-symbols>on <define>BOOST_ALL_NO_LIB=1 <define>BOOST_COROUTINES_DYN_LINK=1 <define>BOOST_COROUTINES_SOURCE <embed-manifest-via>linker <embed-manifest>on <exception-handling>on <extern-c-nothrow>off <hardcode-dll-paths>true <host-os>windows <include>../include&&/C:/vcpkg/installed/x86-windows/include <inlining>off <install-dependencies>off <library>object(file-target)@431 <link>shared <linkflags>-machine:X86 -nologo -debug -INCREMENTAL <main-target-type>LIB <midl-robust>yes <midl-stubless-proxy>yes <optimization>off <os>NT <pch>on <preserve-test-targets>on <profiling>off <relevant>cxxflags:<relevant>segmented-stacks <relevant>cxxflags:<relevant>target-os <relevant>cxxflags:<relevant>toolset <relevant>define:<relevant>link <relevant>library:<relevant>link <relevant>link <relevant>target-os <relevant>threading:<relevant>runtime-link <relevant>threading:<relevant>toolset <relevant>variant <response-file>auto <rtti>on <runtime-debugging>on <runtime-link>shared <stdlib>native <strip>off <suppress-import-lib>false <symlink-location>project-relative <tag>@Jamfile<C:\vcpkg\buildtrees\boost-coroutine\src\ost-1.78.0-527cba62bf.clean>%Jamfile<C:\vcpkg\buildtrees\boost-coroutine\src\ost-1.78.0-527cba62bf.clean>.tag <target-os>windows <testing.execute>on <threadapi>win32 <threading>multi <toolset-msvc:version>143 <toolset>msvc <user-interface>console <variant>debug <vectorize>off <warnings-as-errors>off <warnings>on <windows-api>desktop
             find-viable-generators target-type= SEARCHED_LIB property-set= debug
             trying type SEARCHED_LIB
             there are generators for this type
             trying generator searched-lib-generator ( -> SEARCHED_LIB )
               is viable
             ***  1  viable generators
             returned
               generator searched-lib-generator  spawned 
              
             *** construct STATIC_LIB
                 from { detail/coroutine_context.cpp.CPP }
                 properties: <address-model>32 <architecture>x86 <archiveflags>-machine:X86 -nologo <asmflags>/safeseh <asynch-exceptions>off <coverage>off <debug-store>object <debug-symbols>on <define>BOOST_ALL_NO_LIB=1 <define>BOOST_COROUTINES_DYN_LINK=1 <define>BOOST_COROUTINES_SOURCE <embed-manifest-via>linker <embed-manifest>on <exception-handling>on <extern-c-nothrow>off <hardcode-dll-paths>true <host-os>windows <include>../include&&/C:/vcpkg/installed/x86-windows/include <inlining>off <install-dependencies>off <library>object(file-target)@431 <link>shared <linkflags>-machine:X86 -nologo -debug -INCREMENTAL <main-target-type>LIB <midl-robust>yes <midl-stubless-proxy>yes <optimization>off <os>NT <pch>on <preserve-test-targets>on <profiling>off <relevant>cxxflags:<relevant>segmented-stacks <relevant>cxxflags:<relevant>target-os <relevant>cxxflags:<relevant>toolset <relevant>define:<relevant>link <relevant>library:<relevant>link <relevant>link <relevant>target-os <relevant>threading:<relevant>runtime-link <relevant>threading:<relevant>toolset <relevant>variant <response-file>auto <rtti>on <runtime-debugging>on <runtime-link>shared <stdlib>native <strip>off <suppress-import-lib>false <symlink-location>project-relative <tag>@Jamfile<C:\vcpkg\buildtrees\boost-coroutine\src\ost-1.78.0-527cba62bf.clean>%Jamfile<C:\vcpkg\buildtrees\boost-coroutine\src\ost-1.78.0-527cba62bf.clean>.tag <target-os>windows <testing.execute>on <threadapi>win32 <threading>multi <toolset-msvc:version>143 <toolset>msvc <user-interface>console <variant>debug <vectorize>off <warnings-as-errors>off <warnings>on <windows-api>desktop
             find-viable-generators target-type= STATIC_LIB property-set= debug
             trying type STATIC_LIB
             there are generators for this type
             trying generator msvc.archive ( OBJ -> STATIC_LIB )
               is viable
             ***  1  viable generators
               ** generator msvc.archive
               composing: true
             returned
               generator msvc.archive  spawned 
              
             *** construct IMPORT_LIB
                 from { detail/coroutine_context.cpp.CPP }
                 properties: <address-model>32 <architecture>x86 <archiveflags>-machine:X86 -nologo <asmflags>/safeseh <asynch-exceptions>off <coverage>off <debug-store>object <debug-symbols>on <define>BOOST_ALL_NO_LIB=1 <define>BOOST_COROUTINES_DYN_LINK=1 <define>BOOST_COROUTINES_SOURCE <embed-manifest-via>linker <embed-manifest>on <exception-handling>on <extern-c-nothrow>off <hardcode-dll-paths>true <host-os>windows <include>../include&&/C:/vcpkg/installed/x86-windows/include <inlining>off <install-dependencies>off <library>object(file-target)@431 <link>shared <linkflags>-machine:X86 -nologo -debug -INCREMENTAL <main-target-type>LIB <midl-robust>yes <midl-stubless-proxy>yes <optimization>off <os>NT <pch>on <preserve-test-targets>on <profiling>off <relevant>cxxflags:<relevant>segmented-stacks <relevant>cxxflags:<relevant>target-os <relevant>cxxflags:<relevant>toolset <relevant>define:<relevant>link <relevant>library:<relevant>link <relevant>link <relevant>target-os <relevant>threading:<relevant>runtime-link <relevant>threading:<relevant>toolset <relevant>variant <response-file>auto <rtti>on <runtime-debugging>on <runtime-link>shared <stdlib>native <strip>off <suppress-import-lib>false <symlink-location>project-relative <tag>@Jamfile<C:\vcpkg\buildtrees\boost-coroutine\src\ost-1.78.0-527cba62bf.clean>%Jamfile<C:\vcpkg\buildtrees\boost-coroutine\src\ost-1.78.0-527cba62bf.clean>.tag <target-os>windows <testing.execute>on <threadapi>win32 <threading>multi <toolset-msvc:version>143 <toolset>msvc <user-interface>console <variant>debug <vectorize>off <warnings-as-errors>off <warnings>on <windows-api>desktop
             find-viable-generators target-type= IMPORT_LIB property-set= debug
             trying type IMPORT_LIB
             there are generators for this type
             trying generator msvc.link.dll ( OBJ SEARCHED_LIB STATIC_LIB IMPORT_LIB -> SHARED_LIB IMPORT_LIB )
               is viable
                generator  msvc.link.dll is active, discaring
             ***  0  viable generators
             *** construct OBJ
                 from { exceptions.cpp.CPP }
                 properties: <address-model>32 <architecture>x86 <archiveflags>-machine:X86 -nologo <asmflags>/safeseh <asynch-exceptions>off <coverage>off <debug-store>object <debug-symbols>on <define>BOOST_ALL_NO_LIB=1 <define>BOOST_COROUTINES_DYN_LINK=1 <define>BOOST_COROUTINES_SOURCE <embed-manifest-via>linker <embed-manifest>on <exception-handling>on <extern-c-nothrow>off <hardcode-dll-paths>true <host-os>windows <include>../include&&/C:/vcpkg/installed/x86-windows/include <inlining>off <install-dependencies>off <library>object(file-target)@431 <link>shared <linkflags>-machine:X86 -nologo -debug -INCREMENTAL <main-target-type>LIB <midl-robust>yes <midl-stubless-proxy>yes <optimization>off <os>NT <pch>on <preserve-test-targets>on <profiling>off <relevant>cxxflags:<relevant>segmented-stacks <relevant>cxxflags:<relevant>target-os <relevant>cxxflags:<relevant>toolset <relevant>define:<relevant>link <relevant>library:<relevant>link <relevant>link <relevant>target-os <relevant>threading:<relevant>runtime-link <relevant>threading:<relevant>toolset <relevant>variant <response-file>auto <rtti>on <runtime-debugging>on <runtime-link>shared <stdlib>native <strip>off <suppress-import-lib>false <symlink-location>project-relative <tag>@Jamfile<C:\vcpkg\buildtrees\boost-coroutine\src\ost-1.78.0-527cba62bf.clean>%Jamfile<C:\vcpkg\buildtrees\boost-coroutine\src\ost-1.78.0-527cba62bf.clean>.tag <target-os>windows <testing.execute>on <threadapi>win32 <threading>multi <toolset-msvc:version>143 <toolset>msvc <user-interface>console <variant>debug <vectorize>off <warnings-as-errors>off <warnings>on <windows-api>desktop
             ***  6  viable generators
               ** generator msvc.compile.c++
               composing:
               SUCCESS:  [ <relevant>address-model <relevant>address-sanitizer <relevant>architecture <relevant>asynch-exceptions <relevant>cflags <relevant>cxxflags <relevant>cxxstd <relevant>debug-store <relevant>debug-symbols <relevant>define <relevant>exception-handling <relevant>extern-c-nothrow <relevant>force-include <relevant>include <relevant>inlining <relevant>instruction-set <relevant>lto <relevant>mc-input-encoding <relevant>mc-output-encoding <relevant>mc-set-customer-bit <relevant>optimization <relevant>pch <relevant>pch-file <relevant>pch-header <relevant>pch-source <relevant>response-file <relevant>rtti <relevant>runtime-debugging <relevant>runtime-link <relevant>threading <relevant>toolset <relevant>toolset-msvc:version <relevant>undef <relevant>user-interface <relevant>warnings <relevant>warnings-as-errors <relevant>windows-api ] { msvc%msvc.compile.c++-exceptions.obj.OBJ { exceptions.cpp.CPP } }

             returned [ <relevant>address-model <relevant>address-sanitizer <relevant>architecture <relevant>asynch-exceptions <relevant>cflags <relevant>cxxflags <relevant>cxxstd <relevant>debug-store <relevant>debug-symbols <relevant>define <relevant>exception-handling <relevant>extern-c-nothrow <relevant>force-include <relevant>include <relevant>inlining <relevant>instruction-set <relevant>lto <relevant>mc-input-encoding <relevant>mc-output-encoding <relevant>mc-set-customer-bit <relevant>optimization <relevant>pch <relevant>pch-file <relevant>pch-header <relevant>pch-source <relevant>response-file <relevant>rtti <relevant>runtime-debugging <relevant>runtime-link <relevant>threading <relevant>toolset <relevant>toolset-msvc:version <relevant>undef <relevant>user-interface <relevant>warnings <relevant>warnings-as-errors <relevant>windows-api ] { msvc%msvc.compile.c++-exceptions.obj.OBJ { exceptions.cpp.CPP } }
               generator msvc.compile.c++  spawned 
               { msvc%msvc.compile.c++-exceptions.obj.OBJ { exceptions.cpp.CPP } }
               with usage requirements: [ <relevant>address-model <relevant>address-sanitizer <relevant>architecture <relevant>asynch-exceptions <relevant>cflags <relevant>cxxflags <relevant>cxxstd <relevant>debug-store <relevant>debug-symbols <relevant>define <relevant>exception-handling <relevant>extern-c-nothrow <relevant>force-include <relevant>include <relevant>inlining <relevant>instruction-set <relevant>lto <relevant>mc-input-encoding <relevant>mc-output-encoding <relevant>mc-set-customer-bit <relevant>optimization <relevant>pch <relevant>pch-file <relevant>pch-header <relevant>pch-source <relevant>response-file <relevant>rtti <relevant>runtime-debugging <relevant>runtime-link <relevant>threading <relevant>toolset <relevant>toolset-msvc:version <relevant>undef <relevant>user-interface <relevant>warnings <relevant>warnings-as-errors <relevant>windows-api ]
               ** generator 'msvc.compile.c' pruned
               ** generator 'msvc.compile.rc' pruned
               ** generator 'msvc.compile.asm' pruned
               ** generator 'msvc.compile.c.pch' pruned
               ** generator 'msvc.compile.c++.pch' pruned
             *** construct SEARCHED_LIB
                 from { exceptions.cpp.CPP }
                 properties: <address-model>32 <architecture>x86 <archiveflags>-machine:X86 -nologo <asmflags>/safeseh <asynch-exceptions>off <coverage>off <debug-store>object <debug-symbols>on <define>BOOST_ALL_NO_LIB=1 <define>BOOST_COROUTINES_DYN_LINK=1 <define>BOOST_COROUTINES_SOURCE <embed-manifest-via>linker <embed-manifest>on <exception-handling>on <extern-c-nothrow>off <hardcode-dll-paths>true <host-os>windows <include>../include&&/C:/vcpkg/installed/x86-windows/include <inlining>off <install-dependencies>off <library>object(file-target)@431 <link>shared <linkflags>-machine:X86 -nologo -debug -INCREMENTAL <main-target-type>LIB <midl-robust>yes <midl-stubless-proxy>yes <optimization>off <os>NT <pch>on <preserve-test-targets>on <profiling>off <relevant>cxxflags:<relevant>segmented-stacks <relevant>cxxflags:<relevant>target-os <relevant>cxxflags:<relevant>toolset <relevant>define:<relevant>link <relevant>library:<relevant>link <relevant>link <relevant>target-os <relevant>threading:<relevant>runtime-link <relevant>threading:<relevant>toolset <relevant>variant <response-file>auto <rtti>on <runtime-debugging>on <runtime-link>shared <stdlib>native <strip>off <suppress-import-lib>false <symlink-location>project-relative <tag>@Jamfile<C:\vcpkg\buildtrees\boost-coroutine\src\ost-1.78.0-527cba62bf.clean>%Jamfile<C:\vcpkg\buildtrees\boost-coroutine\src\ost-1.78.0-527cba62bf.clean>.tag <target-os>windows <testing.execute>on <threadapi>win32 <threading>multi <toolset-msvc:version>143 <toolset>msvc <user-interface>console <variant>debug <vectorize>off <warnings-as-errors>off <warnings>on <windows-api>desktop
             ***  1  viable generators
             returned
               generator searched-lib-generator  spawned 
              
             *** construct STATIC_LIB
                 from { exceptions.cpp.CPP }
                 properties: <address-model>32 <architecture>x86 <archiveflags>-machine:X86 -nologo <asmflags>/safeseh <asynch-exceptions>off <coverage>off <debug-store>object <debug-symbols>on <define>BOOST_ALL_NO_LIB=1 <define>BOOST_COROUTINES_DYN_LINK=1 <define>BOOST_COROUTINES_SOURCE <embed-manifest-via>linker <embed-manifest>on <exception-handling>on <extern-c-nothrow>off <hardcode-dll-paths>true <host-os>windows <include>../include&&/C:/vcpkg/installed/x86-windows/include <inlining>off <install-dependencies>off <library>object(file-target)@431 <link>shared <linkflags>-machine:X86 -nologo -debug -INCREMENTAL <main-target-type>LIB <midl-robust>yes <midl-stubless-proxy>yes <optimization>off <os>NT <pch>on <preserve-test-targets>on <profiling>off <relevant>cxxflags:<relevant>segmented-stacks <relevant>cxxflags:<relevant>target-os <relevant>cxxflags:<relevant>toolset <relevant>define:<relevant>link <relevant>library:<relevant>link <relevant>link <relevant>target-os <relevant>threading:<relevant>runtime-link <relevant>threading:<relevant>toolset <relevant>variant <response-file>auto <rtti>on <runtime-debugging>on <runtime-link>shared <stdlib>native <strip>off <suppress-import-lib>false <symlink-location>project-relative <tag>@Jamfile<C:\vcpkg\buildtrees\boost-coroutine\src\ost-1.78.0-527cba62bf.clean>%Jamfile<C:\vcpkg\buildtrees\boost-coroutine\src\ost-1.78.0-527cba62bf.clean>.tag <target-os>windows <testing.execute>on <threadapi>win32 <threading>multi <toolset-msvc:version>143 <toolset>msvc <user-interface>console <variant>debug <vectorize>off <warnings-as-errors>off <warnings>on <windows-api>desktop
             ***  1  viable generators
               ** generator msvc.archive
               composing: true
             returned
               generator msvc.archive  spawned 
              
             *** construct IMPORT_LIB
                 from { exceptions.cpp.CPP }
                 properties: <address-model>32 <architecture>x86 <archiveflags>-machine:X86 -nologo <asmflags>/safeseh <asynch-exceptions>off <coverage>off <debug-store>object <debug-symbols>on <define>BOOST_ALL_NO_LIB=1 <define>BOOST_COROUTINES_DYN_LINK=1 <define>BOOST_COROUTINES_SOURCE <embed-manifest-via>linker <embed-manifest>on <exception-handling>on <extern-c-nothrow>off <hardcode-dll-paths>true <host-os>windows <include>../include&&/C:/vcpkg/installed/x86-windows/include <inlining>off <install-dependencies>off <library>object(file-target)@431 <link>shared <linkflags>-machine:X86 -nologo -debug -INCREMENTAL <main-target-type>LIB <midl-robust>yes <midl-stubless-proxy>yes <optimization>off <os>NT <pch>on <preserve-test-targets>on <profiling>off <relevant>cxxflags:<relevant>segmented-stacks <relevant>cxxflags:<relevant>target-os <relevant>cxxflags:<relevant>toolset <relevant>define:<relevant>link <relevant>library:<relevant>link <relevant>link <relevant>target-os <relevant>threading:<relevant>runtime-link <relevant>threading:<relevant>toolset <relevant>variant <response-file>auto <rtti>on <runtime-debugging>on <runtime-link>shared <stdlib>native <strip>off <suppress-import-lib>false <symlink-location>project-relative <tag>@Jamfile<C:\vcpkg\buildtrees\boost-coroutine\src\ost-1.78.0-527cba62bf.clean>%Jamfile<C:\vcpkg\buildtrees\boost-coroutine\src\ost-1.78.0-527cba62bf.clean>.tag <target-os>windows <testing.execute>on <threadapi>win32 <threading>multi <toolset-msvc:version>143 <toolset>msvc <user-interface>console <variant>debug <vectorize>off <warnings-as-errors>off <warnings>on <windows-api>desktop
                generator  msvc.link.dll is active, discaring
             ***  0  viable generators
             *** construct OBJ
                 from { windows/stack_traits.cpp.CPP }
                 properties: <address-model>32 <architecture>x86 <archiveflags>-machine:X86 -nologo <asmflags>/safeseh <asynch-exceptions>off <coverage>off <debug-store>object <debug-symbols>on <define>BOOST_ALL_NO_LIB=1 <define>BOOST_COROUTINES_DYN_LINK=1 <define>BOOST_COROUTINES_SOURCE <embed-manifest-via>linker <embed-manifest>on <exception-handling>on <extern-c-nothrow>off <hardcode-dll-paths>true <host-os>windows <include>../include&&/C:/vcpkg/installed/x86-windows/include <inlining>off <install-dependencies>off <library>object(file-target)@431 <link>shared <linkflags>-machine:X86 -nologo -debug -INCREMENTAL <main-target-type>LIB <midl-robust>yes <midl-stubless-proxy>yes <optimization>off <os>NT <pch>on <preserve-test-targets>on <profiling>off <relevant>cxxflags:<relevant>segmented-stacks <relevant>cxxflags:<relevant>target-os <relevant>cxxflags:<relevant>toolset <relevant>define:<relevant>link <relevant>library:<relevant>link <relevant>link <relevant>target-os <relevant>threading:<relevant>runtime-link <relevant>threading:<relevant>toolset <relevant>variant <response-file>auto <rtti>on <runtime-debugging>on <runtime-link>shared <stdlib>native <strip>off <suppress-import-lib>false <symlink-location>project-relative <tag>@Jamfile<C:\vcpkg\buildtrees\boost-coroutine\src\ost-1.78.0-527cba62bf.clean>%Jamfile<C:\vcpkg\buildtrees\boost-coroutine\src\ost-1.78.0-527cba62bf.clean>.tag <target-os>windows <testing.execute>on <threadapi>win32 <threading>multi <toolset-msvc:version>143 <toolset>msvc <user-interface>console <variant>debug <vectorize>off <warnings-as-errors>off <warnings>on <windows-api>desktop
             ***  6  viable generators
               ** generator msvc.compile.c++
               composing:
               SUCCESS:  [ <relevant>address-model <relevant>address-sanitizer <relevant>architecture <relevant>asynch-exceptions <relevant>cflags <relevant>cxxflags <relevant>cxxstd <relevant>debug-store <relevant>debug-symbols <relevant>define <relevant>exception-handling <relevant>extern-c-nothrow <relevant>force-include <relevant>include <relevant>inlining <relevant>instruction-set <relevant>lto <relevant>mc-input-encoding <relevant>mc-output-encoding <relevant>mc-set-customer-bit <relevant>optimization <relevant>pch <relevant>pch-file <relevant>pch-header <relevant>pch-source <relevant>response-file <relevant>rtti <relevant>runtime-debugging <relevant>runtime-link <relevant>threading <relevant>toolset <relevant>toolset-msvc:version <relevant>undef <relevant>user-interface <relevant>warnings <relevant>warnings-as-errors <relevant>windows-api ] { msvc%msvc.compile.c++-windows\stack_traits.obj.OBJ { windows/stack_traits.cpp.CPP } }

             returned [ <relevant>address-model <relevant>address-sanitizer <relevant>architecture <relevant>asynch-exceptions <relevant>cflags <relevant>cxxflags <relevant>cxxstd <relevant>debug-store <relevant>debug-symbols <relevant>define <relevant>exception-handling <relevant>extern-c-nothrow <relevant>force-include <relevant>include <relevant>inlining <relevant>instruction-set <relevant>lto <relevant>mc-input-encoding <relevant>mc-output-encoding <relevant>mc-set-customer-bit <relevant>optimization <relevant>pch <relevant>pch-file <relevant>pch-header <relevant>pch-source <relevant>response-file <relevant>rtti <relevant>runtime-debugging <relevant>runtime-link <relevant>threading <relevant>toolset <relevant>toolset-msvc:version <relevant>undef <relevant>user-interface <relevant>warnings <relevant>warnings-as-errors <relevant>windows-api ] { msvc%msvc.compile.c++-windows\stack_traits.obj.OBJ { windows/stack_traits.cpp.CPP } }
               generator msvc.compile.c++  spawned 
               { msvc%msvc.compile.c++-windows\stack_traits.obj.OBJ { windows/stack_traits.cpp.CPP } }
               with usage requirements: [ <relevant>address-model <relevant>address-sanitizer <relevant>architecture <relevant>asynch-exceptions <relevant>cflags <relevant>cxxflags <relevant>cxxstd <relevant>debug-store <relevant>debug-symbols <relevant>define <relevant>exception-handling <relevant>extern-c-nothrow <relevant>force-include <relevant>include <relevant>inlining <relevant>instruction-set <relevant>lto <relevant>mc-input-encoding <relevant>mc-output-encoding <relevant>mc-set-customer-bit <relevant>optimization <relevant>pch <relevant>pch-file <relevant>pch-header <relevant>pch-source <relevant>response-file <relevant>rtti <relevant>runtime-debugging <relevant>runtime-link <relevant>threading <relevant>toolset <relevant>toolset-msvc:version <relevant>undef <relevant>user-interface <relevant>warnings <relevant>warnings-as-errors <relevant>windows-api ]
               ** generator 'msvc.compile.c' pruned
               ** generator 'msvc.compile.rc' pruned
               ** generator 'msvc.compile.asm' pruned
               ** generator 'msvc.compile.c.pch' pruned
               ** generator 'msvc.compile.c++.pch' pruned
             *** construct SEARCHED_LIB
                 from { windows/stack_traits.cpp.CPP }
                 properties: <address-model>32 <architecture>x86 <archiveflags>-machine:X86 -nologo <asmflags>/safeseh <asynch-exceptions>off <coverage>off <debug-store>object <debug-symbols>on <define>BOOST_ALL_NO_LIB=1 <define>BOOST_COROUTINES_DYN_LINK=1 <define>BOOST_COROUTINES_SOURCE <embed-manifest-via>linker <embed-manifest>on <exception-handling>on <extern-c-nothrow>off <hardcode-dll-paths>true <host-os>windows <include>../include&&/C:/vcpkg/installed/x86-windows/include <inlining>off <install-dependencies>off <library>object(file-target)@431 <link>shared <linkflags>-machine:X86 -nologo -debug -INCREMENTAL <main-target-type>LIB <midl-robust>yes <midl-stubless-proxy>yes <optimization>off <os>NT <pch>on <preserve-test-targets>on <profiling>off <relevant>cxxflags:<relevant>segmented-stacks <relevant>cxxflags:<relevant>target-os <relevant>cxxflags:<relevant>toolset <relevant>define:<relevant>link <relevant>library:<relevant>link <relevant>link <relevant>target-os <relevant>threading:<relevant>runtime-link <relevant>threading:<relevant>toolset <relevant>variant <response-file>auto <rtti>on <runtime-debugging>on <runtime-link>shared <stdlib>native <strip>off <suppress-import-lib>false <symlink-location>project-relative <tag>@Jamfile<C:\vcpkg\buildtrees\boost-coroutine\src\ost-1.78.0-527cba62bf.clean>%Jamfile<C:\vcpkg\buildtrees\boost-coroutine\src\ost-1.78.0-527cba62bf.clean>.tag <target-os>windows <testing.execute>on <threadapi>win32 <threading>multi <toolset-msvc:version>143 <toolset>msvc <user-interface>console <variant>debug <vectorize>off <warnings-as-errors>off <warnings>on <windows-api>desktop
             ***  1  viable generators
             returned
               generator searched-lib-generator  spawned 
              
             *** construct STATIC_LIB
                 from { windows/stack_traits.cpp.CPP }
                 properties: <address-model>32 <architecture>x86 <archiveflags>-machine:X86 -nologo <asmflags>/safeseh <asynch-exceptions>off <coverage>off <debug-store>object <debug-symbols>on <define>BOOST_ALL_NO_LIB=1 <define>BOOST_COROUTINES_DYN_LINK=1 <define>BOOST_COROUTINES_SOURCE <embed-manifest-via>linker <embed-manifest>on <exception-handling>on <extern-c-nothrow>off <hardcode-dll-paths>true <host-os>windows <include>../include&&/C:/vcpkg/installed/x86-windows/include <inlining>off <install-dependencies>off <library>object(file-target)@431 <link>shared <linkflags>-machine:X86 -nologo -debug -INCREMENTAL <main-target-type>LIB <midl-robust>yes <midl-stubless-proxy>yes <optimization>off <os>NT <pch>on <preserve-test-targets>on <profiling>off <relevant>cxxflags:<relevant>segmented-stacks <relevant>cxxflags:<relevant>target-os <relevant>cxxflags:<relevant>toolset <relevant>define:<relevant>link <relevant>library:<relevant>link <relevant>link <relevant>target-os <relevant>threading:<relevant>runtime-link <relevant>threading:<relevant>toolset <relevant>variant <response-file>auto <rtti>on <runtime-debugging>on <runtime-link>shared <stdlib>native <strip>off <suppress-import-lib>false <symlink-location>project-relative <tag>@Jamfile<C:\vcpkg\buildtrees\boost-coroutine\src\ost-1.78.0-527cba62bf.clean>%Jamfile<C:\vcpkg\buildtrees\boost-coroutine\src\ost-1.78.0-527cba62bf.clean>.tag <target-os>windows <testing.execute>on <threadapi>win32 <threading>multi <toolset-msvc:version>143 <toolset>msvc <user-interface>console <variant>debug <vectorize>off <warnings-as-errors>off <warnings>on <windows-api>desktop
             ***  1  viable generators
               ** generator msvc.archive
               composing: true
             returned
               generator msvc.archive  spawned 
              
             *** construct IMPORT_LIB
                 from { windows/stack_traits.cpp.CPP }
                 properties: <address-model>32 <architecture>x86 <archiveflags>-machine:X86 -nologo <asmflags>/safeseh <asynch-exceptions>off <coverage>off <debug-store>object <debug-symbols>on <define>BOOST_ALL_NO_LIB=1 <define>BOOST_COROUTINES_DYN_LINK=1 <define>BOOST_COROUTINES_SOURCE <embed-manifest-via>linker <embed-manifest>on <exception-handling>on <extern-c-nothrow>off <hardcode-dll-paths>true <host-os>windows <include>../include&&/C:/vcpkg/installed/x86-windows/include <inlining>off <install-dependencies>off <library>object(file-target)@431 <link>shared <linkflags>-machine:X86 -nologo -debug -INCREMENTAL <main-target-type>LIB <midl-robust>yes <midl-stubless-proxy>yes <optimization>off <os>NT <pch>on <preserve-test-targets>on <profiling>off <relevant>cxxflags:<relevant>segmented-stacks <relevant>cxxflags:<relevant>target-os <relevant>cxxflags:<relevant>toolset <relevant>define:<relevant>link <relevant>library:<relevant>link <relevant>link <relevant>target-os <relevant>threading:<relevant>runtime-link <relevant>threading:<relevant>toolset <relevant>variant <response-file>auto <rtti>on <runtime-debugging>on <runtime-link>shared <stdlib>native <strip>off <suppress-import-lib>false <symlink-location>project-relative <tag>@Jamfile<C:\vcpkg\buildtrees\boost-coroutine\src\ost-1.78.0-527cba62bf.clean>%Jamfile<C:\vcpkg\buildtrees\boost-coroutine\src\ost-1.78.0-527cba62bf.clean>.tag <target-os>windows <testing.execute>on <threadapi>win32 <threading>multi <toolset-msvc:version>143 <toolset>msvc <user-interface>console <variant>debug <vectorize>off <warnings-as-errors>off <warnings>on <windows-api>desktop
                generator  msvc.link.dll is active, discaring
             ***  0  viable generators
           SUCCESS:  [ <relevant>address-model <relevant>address-sanitizer <relevant>architecture <relevant>debug-store <relevant>debug-symbols <relevant>def-file <relevant>embed-manifest <relevant>embed-manifest-file <relevant>embed-manifest-via <relevant>find-shared-library <relevant>find-static-library <relevant>library-file <relevant>library-path <relevant>link <relevant>linkflags <relevant>lto <relevant>main-target-type <relevant>response-file <relevant>runtime-debugging <relevant>runtime-link <relevant>suppress-import-lib <relevant>toolset <relevant>toolset-msvc:version <relevant>user-interface <relevant>windows-api ] { msvc%msvc.link.dll-boost_coroutine-vc143-mt-gd-x32-1_78.dll.SHARED_LIB { msvc%msvc.compile.c++-detail\coroutine_context.obj.OBJ { detail/coroutine_context.cpp.CPP } } { msvc%msvc.compile.c++-exceptions.obj.OBJ { exceptions.cpp.CPP } } { msvc%msvc.compile.c++-windows\stack_traits.obj.OBJ { windows/stack_traits.cpp.CPP } } { /C:/vcpkg/installed/x86-windows/debug/lib/boost_context-vc140-mt-gd.lib.STATIC_LIB } } { msvc%msvc.link.dll-boost_coroutine-vc143-mt-gd-x32-1_78.lib.IMPORT_LIB { msvc%msvc.compile.c++-detail\coroutine_context.obj.OBJ { detail/coroutine_context.cpp.CPP } } { msvc%msvc.compile.c++-exceptions.obj.OBJ { exceptions.cpp.CPP } } { msvc%msvc.compile.c++-windows\stack_traits.obj.OBJ { windows/stack_traits.cpp.CPP } } { /C:/vcpkg/installed/x86-windows/debug/lib/boost_context-vc140-mt-gd.lib.STATIC_LIB } } { msvc%msvc.link.dll-boost_coroutine-vc143-mt-gd-x32-1_78.pdb.PDB { msvc%msvc.compile.c++-detail\coroutine_context.obj.OBJ { detail/coroutine_context.cpp.CPP } } { msvc%msvc.compile.c++-exceptions.obj.OBJ { exceptions.cpp.CPP } } { msvc%msvc.compile.c++-windows\stack_traits.obj.OBJ { windows/stack_traits.cpp.CPP } } { /C:/vcpkg/installed/x86-windows/debug/lib/boost_context-vc140-mt-gd.lib.STATIC_LIB } }

         returned [ <relevant>address-model <relevant>address-sanitizer <relevant>architecture <relevant>asynch-exceptions <relevant>cflags <relevant>cxxflags <relevant>cxxstd <relevant>debug-store <relevant>debug-symbols <relevant>def-file <relevant>define <relevant>embed-manifest <relevant>embed-manifest-file <relevant>embed-manifest-via <relevant>exception-handling <relevant>extern-c-nothrow <relevant>find-shared-library <relevant>find-static-library <relevant>force-include <relevant>include <relevant>inlining <relevant>instruction-set <relevant>library-file <relevant>library-path <relevant>link <relevant>linkflags <relevant>lto <relevant>main-target-type <relevant>mc-input-encoding <relevant>mc-output-encoding <relevant>mc-set-customer-bit <relevant>optimization <relevant>pch <relevant>pch-file <relevant>pch-header <relevant>pch-source <relevant>response-file <relevant>rtti <relevant>runtime-debugging <relevant>runtime-link <relevant>suppress-import-lib <relevant>threading <relevant>toolset <relevant>toolset-msvc:version <relevant>undef <relevant>user-interface <relevant>warnings <relevant>warnings-as-errors <relevant>windows-api <xdll-path>/C:/vcpkg/buildtrees/boost-coroutine/x86-windows-dbg/boost/build/be5942cda3c3f2780e89dae0e486e1dd ] { msvc%msvc.link.dll-boost_coroutine-vc143-mt-gd-x32-1_78.dll.SHARED_LIB { msvc%msvc.compile.c++-detail\coroutine_context.obj.OBJ { detail/coroutine_context.cpp.CPP } } { msvc%msvc.compile.c++-exceptions.obj.OBJ { exceptions.cpp.CPP } } { msvc%msvc.compile.c++-windows\stack_traits.obj.OBJ { windows/stack_traits.cpp.CPP } } { /C:/vcpkg/installed/x86-windows/debug/lib/boost_context-vc140-mt-gd.lib.STATIC_LIB } } { msvc%msvc.link.dll-boost_coroutine-vc143-mt-gd-x32-1_78.lib.IMPORT_LIB { msvc%msvc.compile.c++-detail\coroutine_context.obj.OBJ { detail/coroutine_context.cpp.CPP } } { msvc%msvc.compile.c++-exceptions.obj.OBJ { exceptions.cpp.CPP } } { msvc%msvc.compile.c++-windows\stack_traits.obj.OBJ { windows/stack_traits.cpp.CPP } } { /C:/vcpkg/installed/x86-windows/debug/lib/boost_context-vc140-mt-gd.lib.STATIC_LIB } } { msvc%msvc.link.dll-boost_coroutine-vc143-mt-gd-x32-1_78.pdb.PDB { msvc%msvc.compile.c++-detail\coroutine_context.obj.OBJ { detail/coroutine_context.cpp.CPP } } { msvc%msvc.compile.c++-exceptions.obj.OBJ { exceptions.cpp.CPP } } { msvc%msvc.compile.c++-windows\stack_traits.obj.OBJ { windows/stack_traits.cpp.CPP } } { /C:/vcpkg/installed/x86-windows/debug/lib/boost_context-vc140-mt-gd.lib.STATIC_LIB } }
           generator msvc.link.dll  spawned 
           { msvc%msvc.link.dll-boost_coroutine-vc143-mt-gd-x32-1_78.dll.SHARED_LIB { msvc%msvc.compile.c++-detail\coroutine_context.obj.OBJ { detail/coroutine_context.cpp.CPP } } { msvc%msvc.compile.c++-exceptions.obj.OBJ { exceptions.cpp.CPP } } { msvc%msvc.compile.c++-windows\stack_traits.obj.OBJ { windows/stack_traits.cpp.CPP } } { /C:/vcpkg/installed/x86-windows/debug/lib/boost_context-vc140-mt-gd.lib.STATIC_LIB } } { msvc%msvc.link.dll-boost_coroutine-vc143-mt-gd-x32-1_78.lib.IMPORT_LIB { msvc%msvc.compile.c++-detail\coroutine_context.obj.OBJ { detail/coroutine_context.cpp.CPP } } { msvc%msvc.compile.c++-exceptions.obj.OBJ { exceptions.cpp.CPP } } { msvc%msvc.compile.c++-windows\stack_traits.obj.OBJ { windows/stack_traits.cpp.CPP } } { /C:/vcpkg/installed/x86-windows/debug/lib/boost_context-vc140-mt-gd.lib.STATIC_LIB } } { msvc%msvc.link.dll-boost_coroutine-vc143-mt-gd-x32-1_78.pdb.PDB { msvc%msvc.compile.c++-detail\coroutine_context.obj.OBJ { detail/coroutine_context.cpp.CPP } } { msvc%msvc.compile.c++-exceptions.obj.OBJ { exceptions.cpp.CPP } } { msvc%msvc.compile.c++-windows\stack_traits.obj.OBJ { windows/stack_traits.cpp.CPP } } { /C:/vcpkg/installed/x86-windows/debug/lib/boost_context-vc140-mt-gd.lib.STATIC_LIB } }
           with usage requirements: [ <relevant>address-model <relevant>address-sanitizer <relevant>architecture <relevant>asynch-exceptions <relevant>cflags <relevant>cxxflags <relevant>cxxstd <relevant>debug-store <relevant>debug-symbols <relevant>def-file <relevant>define <relevant>embed-manifest <relevant>embed-manifest-file <relevant>embed-manifest-via <relevant>exception-handling <relevant>extern-c-nothrow <relevant>find-shared-library <relevant>find-static-library <relevant>force-include <relevant>include <relevant>inlining <relevant>instruction-set <relevant>library-file <relevant>library-path <relevant>link <relevant>linkflags <relevant>lto <relevant>main-target-type <relevant>mc-input-encoding <relevant>mc-output-encoding <relevant>mc-set-customer-bit <relevant>optimization <relevant>pch <relevant>pch-file <relevant>pch-header <relevant>pch-source <relevant>response-file <relevant>rtti <relevant>runtime-debugging <relevant>runtime-link <relevant>suppress-import-lib <relevant>threading <relevant>toolset <relevant>toolset-msvc:version <relevant>undef <relevant>user-interface <relevant>warnings <relevant>warnings-as-errors <relevant>windows-api <xdll-path>/C:/vcpkg/buildtrees/boost-coroutine/x86-windows-dbg/boost/build/be5942cda3c3f2780e89dae0e486e1dd ]
     returned [ <relevant>address-model <relevant>address-sanitizer <relevant>architecture <relevant>asynch-exceptions <relevant>cflags <relevant>cxxflags <relevant>cxxstd <relevant>debug-store <relevant>debug-symbols <relevant>def-file <relevant>define <relevant>embed-manifest <relevant>embed-manifest-file <relevant>embed-manifest-via <relevant>exception-handling <relevant>extern-c-nothrow <relevant>find-shared-library <relevant>find-static-library <relevant>force-include <relevant>include <relevant>inlining <relevant>instruction-set <relevant>library-file <relevant>library-path <relevant>link <relevant>linkflags <relevant>lto <relevant>main-target-type <relevant>mc-input-encoding <relevant>mc-output-encoding <relevant>mc-set-customer-bit <relevant>optimization <relevant>pch <relevant>pch-file <relevant>pch-header <relevant>pch-source <relevant>response-file <relevant>rtti <relevant>runtime-debugging <relevant>runtime-link <relevant>suppress-import-lib <relevant>threading <relevant>toolset <relevant>toolset-msvc:version <relevant>undef <relevant>user-interface <relevant>warnings <relevant>warnings-as-errors <relevant>windows-api <xdll-path>/C:/vcpkg/buildtrees/boost-coroutine/x86-windows-dbg/boost/build/be5942cda3c3f2780e89dae0e486e1dd ] { msvc%msvc.link.dll-boost_coroutine-vc143-mt-gd-x32-1_78.dll.SHARED_LIB { msvc%msvc.compile.c++-detail\coroutine_context.obj.OBJ { detail/coroutine_context.cpp.CPP } } { msvc%msvc.compile.c++-exceptions.obj.OBJ { exceptions.cpp.CPP } } { msvc%msvc.compile.c++-windows\stack_traits.obj.OBJ { windows/stack_traits.cpp.CPP } } { /C:/vcpkg/installed/x86-windows/debug/lib/boost_context-vc140-mt-gd.lib.STATIC_LIB } } { msvc%msvc.link.dll-boost_coroutine-vc143-mt-gd-x32-1_78.lib.IMPORT_LIB { msvc%msvc.compile.c++-detail\coroutine_context.obj.OBJ { detail/coroutine_context.cpp.CPP } } { msvc%msvc.compile.c++-exceptions.obj.OBJ { exceptions.cpp.CPP } } { msvc%msvc.compile.c++-windows\stack_traits.obj.OBJ { windows/stack_traits.cpp.CPP } } { /C:/vcpkg/installed/x86-windows/debug/lib/boost_context-vc140-mt-gd.lib.STATIC_LIB } } { msvc%msvc.link.dll-boost_coroutine-vc143-mt-gd-x32-1_78.pdb.PDB { msvc%msvc.compile.c++-detail\coroutine_context.obj.OBJ { detail/coroutine_context.cpp.CPP } } { msvc%msvc.compile.c++-exceptions.obj.OBJ { exceptions.cpp.CPP } } { msvc%msvc.compile.c++-windows\stack_traits.obj.OBJ { windows/stack_traits.cpp.CPP } } { /C:/vcpkg/installed/x86-windows/debug/lib/boost_context-vc140-mt-gd.lib.STATIC_LIB } }
       generator builtin.lib-generator  spawned 
       { msvc%msvc.link.dll-boost_coroutine-vc143-mt-gd-x32-1_78.dll.SHARED_LIB { msvc%msvc.compile.c++-detail\coroutine_context.obj.OBJ { detail/coroutine_context.cpp.CPP } } { msvc%msvc.compile.c++-exceptions.obj.OBJ { exceptions.cpp.CPP } } { msvc%msvc.compile.c++-windows\stack_traits.obj.OBJ { windows/stack_traits.cpp.CPP } } { /C:/vcpkg/installed/x86-windows/debug/lib/boost_context-vc140-mt-gd.lib.STATIC_LIB } } { msvc%msvc.link.dll-boost_coroutine-vc143-mt-gd-x32-1_78.lib.IMPORT_LIB { msvc%msvc.compile.c++-detail\coroutine_context.obj.OBJ { detail/coroutine_context.cpp.CPP } } { msvc%msvc.compile.c++-exceptions.obj.OBJ { exceptions.cpp.CPP } } { msvc%msvc.compile.c++-windows\stack_traits.obj.OBJ { windows/stack_traits.cpp.CPP } } { /C:/vcpkg/installed/x86-windows/debug/lib/boost_context-vc140-mt-gd.lib.STATIC_LIB } } { msvc%msvc.link.dll-boost_coroutine-vc143-mt-gd-x32-1_78.pdb.PDB { msvc%msvc.compile.c++-detail\coroutine_context.obj.OBJ { detail/coroutine_context.cpp.CPP } } { msvc%msvc.compile.c++-exceptions.obj.OBJ { exceptions.cpp.CPP } } { msvc%msvc.compile.c++-windows\stack_traits.obj.OBJ { windows/stack_traits.cpp.CPP } } { /C:/vcpkg/installed/x86-windows/debug/lib/boost_context-vc140-mt-gd.lib.STATIC_LIB } }
       with usage requirements: [ <relevant>address-model <relevant>address-sanitizer <relevant>architecture <relevant>asynch-exceptions <relevant>cflags <relevant>cxxflags <relevant>cxxstd <relevant>debug-store <relevant>debug-symbols <relevant>def-file <relevant>define <relevant>embed-manifest <relevant>embed-manifest-file <relevant>embed-manifest-via <relevant>exception-handling <relevant>extern-c-nothrow <relevant>find-shared-library <relevant>find-static-library <relevant>force-include <relevant>include <relevant>inlining <relevant>instruction-set <relevant>library-file <relevant>library-path <relevant>link <relevant>linkflags <relevant>lto <relevant>main-target-type <relevant>mc-input-encoding <relevant>mc-output-encoding <relevant>mc-set-customer-bit <relevant>optimization <relevant>pch <relevant>pch-file <relevant>pch-header <relevant>pch-source <relevant>response-file <relevant>rtti <relevant>runtime-debugging <relevant>runtime-link <relevant>suppress-import-lib <relevant>threading <relevant>toolset <relevant>toolset-msvc:version <relevant>undef <relevant>user-interface <relevant>warnings <relevant>warnings-as-errors <relevant>windows-api <xdll-path>/C:/vcpkg/buildtrees/boost-coroutine/x86-windows-dbg/boost/build/be5942cda3c3f2780e89dae0e486e1dd ]
         Usage requirements from boost_coroutine:  <define>BOOST_COROUTINES_DYN_LINK=1 <relevant>address-model <relevant>address-sanitizer <relevant>architecture <relevant>asynch-exceptions <relevant>cxxstd <relevant>cxxstd-dialect <relevant>debug-store <relevant>debug-symbols <relevant>deduced-address-model <relevant>deduced-architecture <relevant>define:<relevant>link <relevant>embed-manifest <relevant>embed-manifest-via <relevant>exception-handling <relevant>extern-c-nothrow <relevant>inlining <relevant>instruction-set <relevant>link <relevant>lto <relevant>lto-mode <relevant>optimization <relevant>pch <relevant>rtti <relevant>runtime-debugging <relevant>runtime-link <relevant>segmented-stacks <relevant>target-os <relevant>threading <relevant>toolset <relevant>toolset-msvc:vendor <relevant>toolset-msvc:version <relevant>variant <relevant>warnings <relevant>warnings-as-errors <relevant>windows-api <xdll-path>/C:/vcpkg/buildtrees/boost-coroutine/x86-windows-dbg/boost/build/be5942cda3c3f2780e89dae0e486e1dd

     Usage requirements for stage:  <relevant>variant <define>BOOST_COROUTINES_DYN_LINK=1 <relevant>address-model <relevant>address-sanitizer <relevant>architecture <relevant>asynch-exceptions <relevant>cxxstd <relevant>cxxstd-dialect <relevant>debug-store <relevant>debug-symbols <relevant>deduced-address-model <relevant>deduced-architecture <relevant>define:<relevant>link <relevant>embed-manifest <relevant>embed-manifest-via <relevant>exception-handling <relevant>extern-c-nothrow <relevant>inlining <relevant>instruction-set <relevant>link <relevant>lto <relevant>lto-mode <relevant>optimization <relevant>pch <relevant>rtti <relevant>runtime-debugging <relevant>runtime-link <relevant>segmented-stacks <relevant>target-os <relevant>threading <relevant>toolset <relevant>toolset-msvc:vendor <relevant>toolset-msvc:version <relevant>variant <relevant>warnings <relevant>warnings-as-errors <relevant>windows-api <xdll-path>/C:/vcpkg/buildtrees/boost-coroutine/x86-windows-dbg/boost/build/be5942cda3c3f2780e89dae0e486e1dd
     Build properties:  <address-model>32 <architecture>x86 <archiveflags>-machine:X86 -nologo <asmflags>/safeseh <asynch-exceptions>off <coverage>off <debug-store>object <debug-symbols>on <define>BOOST_ALL_NO_LIB=1 <define>BOOST_COROUTINES_DYN_LINK=1 <define>BOOST_COROUTINES_SOURCE <embed-manifest-via>linker <embed-manifest>on <exception-handling>on <extern-c-nothrow>off <hardcode-dll-paths>false <host-os>windows <include>../include&&/C:/vcpkg/installed/x86-windows/include <inlining>off <install-dependencies>off <library>object(file-target)@431 <link>shared <linkflags>-machine:X86 -nologo -debug -INCREMENTAL <location>/C:/vcpkg/buildtrees/boost-coroutine/x86-windows-dbg/stage/lib <midl-robust>yes <midl-stubless-proxy>yes <optimization>off <os>NT <pch>on <preserve-test-targets>on <profiling>off <relevant>address-model <relevant>address-sanitizer <relevant>architecture <relevant>asynch-exceptions <relevant>cxxflags:<relevant>segmented-stacks <relevant>cxxflags:<relevant>target-os <relevant>cxxflags:<relevant>toolset <relevant>cxxstd <relevant>cxxstd-dialect <relevant>debug-store <relevant>debug-symbols <relevant>deduced-address-model <relevant>deduced-architecture <relevant>define:<relevant>link <relevant>embed-manifest <relevant>embed-manifest-via <relevant>exception-handling <relevant>extern-c-nothrow <relevant>inlining <relevant>instruction-set <relevant>link <relevant>lto <relevant>lto-mode <relevant>optimization <relevant>pch <relevant>rtti <relevant>runtime-debugging <relevant>runtime-link <relevant>segmented-stacks <relevant>target-os <relevant>threading <relevant>threading:<relevant>runtime-link <relevant>threading:<relevant>toolset <relevant>toolset <relevant>toolset-msvc:vendor <relevant>toolset-msvc:version <relevant>variant <relevant>warnings <relevant>warnings-as-errors <relevant>windows-api <response-file>auto <rtti>on <runtime-debugging>on <runtime-link>shared <stdlib>native <strip>off <suppress-import-lib>false <symlink-location>project-relative <tag>@Jamfile<C:\vcpkg\buildtrees\boost-coroutine\src\ost-1.78.0-527cba62bf.clean>%Jamfile<C:\vcpkg\buildtrees\boost-coroutine\src\ost-1.78.0-527cba62bf.clean>.tag <target-os>windows <testing.execute>on <threadapi>win32 <threading>multi <toolset-msvc:version>143 <toolset>msvc <translate-path>@Jamfile<C:\vcpkg\buildtrees\boost-coroutine\src\ost-1.78.0-527cba62bf.clean\build>%Jamfile<C:\vcpkg\buildtrees\boost-coroutine\src\ost-1.78.0-527cba62bf.clean\build>.stage-translate-path <user-interface>console <variant>debug <vectorize>off <warnings-as-errors>off <warnings>on <windows-api>desktop <xdll-path>/C:/vcpkg/buildtrees/boost-coroutine/x86-windows-dbg/boost/build/be5942cda3c3f2780e89dae0e486e1dd
     *** construct INSTALLED_SHARED_LIB
         from { msvc%msvc.link.dll-boost_coroutine-vc143-mt-gd-x32-1_78.dll.SHARED_LIB { msvc%msvc.compile.c++-detail\coroutine_context.obj.OBJ { detail/coroutine_context.cpp.CPP } } { msvc%msvc.compile.c++-exceptions.obj.OBJ { exceptions.cpp.CPP } } { msvc%msvc.compile.c++-windows\stack_traits.obj.OBJ { windows/stack_traits.cpp.CPP } } { /C:/vcpkg/installed/x86-windows/debug/lib/boost_context-vc140-mt-gd.lib.STATIC_LIB } }
         properties: <address-model>32 <architecture>x86 <archiveflags>-machine:X86 -nologo <asmflags>/safeseh <asynch-exceptions>off <coverage>off <debug-store>object <debug-symbols>on <define>BOOST_ALL_NO_LIB=1 <define>BOOST_COROUTINES_DYN_LINK=1 <define>BOOST_COROUTINES_SOURCE <embed-manifest-via>linker <embed-manifest>on <exception-handling>on <extern-c-nothrow>off <hardcode-dll-paths>true <host-os>windows <include>../include&&/C:/vcpkg/installed/x86-windows/include <inlining>off <install-dependencies>off <library>object(file-target)@431 <link>shared <linkflags>-machine:X86 -nologo -debug -INCREMENTAL <location>/C:/vcpkg/buildtrees/boost-coroutine/x86-windows-dbg/stage/lib <main-target-type>LIB <midl-robust>yes <midl-stubless-proxy>yes <optimization>off <os>NT <pch>on <preserve-test-targets>on <profiling>off <relevant>address-model <relevant>address-sanitizer <relevant>architecture <relevant>asynch-exceptions <relevant>cflags <relevant>cxxflags <relevant>cxxflags:<relevant>segmented-stacks <relevant>cxxflags:<relevant>target-os <relevant>cxxflags:<relevant>toolset <relevant>cxxstd <relevant>debug-store <relevant>debug-symbols <relevant>def-file <relevant>define <relevant>define:<relevant>link <relevant>embed-manifest <relevant>embed-manifest-file <relevant>embed-manifest-via <relevant>exception-handling <relevant>extern-c-nothrow <relevant>find-shared-library <relevant>find-static-library <relevant>force-include <relevant>include <relevant>inlining <relevant>instruction-set <relevant>library-file <relevant>library-path <relevant>library:<relevant>link <relevant>link <relevant>linkflags <relevant>lto <relevant>main-target-type <relevant>mc-input-encoding <relevant>mc-output-encoding <relevant>mc-set-customer-bit <relevant>optimization <relevant>pch <relevant>pch-file <relevant>pch-header <relevant>pch-source <relevant>response-file <relevant>rtti <relevant>runtime-debugging <relevant>runtime-link <relevant>suppress-import-lib <relevant>target-os <relevant>threading <relevant>threading:<relevant>runtime-link <relevant>threading:<relevant>toolset <relevant>toolset <relevant>toolset-msvc:version <relevant>undef <relevant>user-interface <relevant>variant <relevant>warnings <relevant>warnings-as-errors <relevant>windows-api <response-file>auto <rtti>on <runtime-debugging>on <runtime-link>shared <stdlib>native <strip>off <suppress-import-lib>false <symlink-location>project-relative <target-os>windows <testing.execute>on <threadapi>win32 <threading>multi <toolset-msvc:version>143 <toolset>msvc <user-interface>console <variant>debug <vectorize>off <warnings-as-errors>off <warnings>on <windows-api>desktop
     find-viable-generators target-type= INSTALLED_SHARED_LIB property-set= msvc-143/debug/address-model-32/architecture-x86/threading-multi
     trying type INSTALLED_SHARED_LIB
     there are generators for this type
     trying generator install-shared-lib ( SHARED_LIB -> INSTALLED_SHARED_LIB )
       is viable
     ***  1  viable generators
     returned { common%common.copy-boost_coroutine-vc143-mt-gd-x32-1_78.dll.SHARED_LIB { msvc%msvc.link.dll-boost_coroutine-vc143-mt-gd-x32-1_78.dll.SHARED_LIB { msvc%msvc.compile.c++-detail\coroutine_context.obj.OBJ { detail/coroutine_context.cpp.CPP } } { msvc%msvc.compile.c++-exceptions.obj.OBJ { exceptions.cpp.CPP } } { msvc%msvc.compile.c++-windows\stack_traits.obj.OBJ { windows/stack_traits.cpp.CPP } } { /C:/vcpkg/installed/x86-windows/debug/lib/boost_context-vc140-mt-gd.lib.STATIC_LIB } } }
       generator install-shared-lib  spawned 
       { common%common.copy-boost_coroutine-vc143-mt-gd-x32-1_78.dll.SHARED_LIB { msvc%msvc.link.dll-boost_coroutine-vc143-mt-gd-x32-1_78.dll.SHARED_LIB { msvc%msvc.compile.c++-detail\coroutine_context.obj.OBJ { detail/coroutine_context.cpp.CPP } } { msvc%msvc.compile.c++-exceptions.obj.OBJ { exceptions.cpp.CPP } } { msvc%msvc.compile.c++-windows\stack_traits.obj.OBJ { windows/stack_traits.cpp.CPP } } { /C:/vcpkg/installed/x86-windows/debug/lib/boost_context-vc140-mt-gd.lib.STATIC_LIB } } }
       with usage requirements: [ ]
     Usage requirements from stage:  <define>BOOST_COROUTINES_DYN_LINK=1 <relevant>address-model <relevant>address-sanitizer <relevant>architecture <relevant>asynch-exceptions <relevant>cxxstd <relevant>cxxstd-dialect <relevant>debug-store <relevant>debug-symbols <relevant>deduced-address-model <relevant>deduced-architecture <relevant>define:<relevant>link <relevant>embed-manifest <relevant>embed-manifest-via <relevant>exception-handling <relevant>extern-c-nothrow <relevant>inlining <relevant>instruction-set <relevant>link <relevant>lto <relevant>lto-mode <relevant>optimization <relevant>pch <relevant>rtti <relevant>runtime-debugging <relevant>runtime-link <relevant>segmented-stacks <relevant>target-os <relevant>threading <relevant>toolset <relevant>toolset-msvc:vendor <relevant>toolset-msvc:version <relevant>variant <relevant>warnings <relevant>warnings-as-errors <relevant>windows-api <xdll-path>/C:/vcpkg/buildtrees/boost-coroutine/x86-windows-dbg/boost/build/be5942cda3c3f2780e89dae0e486e1dd
msvc.read-setup <pC:\vcpkg\buildtrees\boost-coroutine\x86-windows-dbg\boost\standalone\msvc\fabbfd46c2a4e30dd1594f96c4cd44b2>msvc-setup.read
 
common.mkdir C:\vcpkg\buildtrees\boost-coroutine\x86-windows-dbg\stage

        if not exist "C:\vcpkg\buildtrees\boost-coroutine\x86-windows-dbg\stage\\" mkdir "C:\vcpkg\buildtrees\boost-coroutine\x86-windows-dbg\stage"
    
common.mkdir C:\vcpkg\buildtrees\boost-coroutine\x86-windows-dbg\boost

        if not exist "C:\vcpkg\buildtrees\boost-coroutine\x86-windows-dbg\boost\\" mkdir "C:\vcpkg\buildtrees\boost-coroutine\x86-windows-dbg\boost"
    
common.mkdir C:\vcpkg\buildtrees\boost-coroutine\x86-windows-dbg\stage\lib

        if not exist "C:\vcpkg\buildtrees\boost-coroutine\x86-windows-dbg\stage\lib\\" mkdir "C:\vcpkg\buildtrees\boost-coroutine\x86-windows-dbg\stage\lib"
    
common.mkdir C:\vcpkg\buildtrees\boost-coroutine\x86-windows-dbg\boost\build

        if not exist "C:\vcpkg\buildtrees\boost-coroutine\x86-windows-dbg\boost\build\\" mkdir "C:\vcpkg\buildtrees\boost-coroutine\x86-windows-dbg\boost\build"
    
common.mkdir C:\vcpkg\buildtrees\boost-coroutine\x86-windows-dbg\boost\standalone

        if not exist "C:\vcpkg\buildtrees\boost-coroutine\x86-windows-dbg\boost\standalone\\" mkdir "C:\vcpkg\buildtrees\boost-coroutine\x86-windows-dbg\boost\standalone"
    
common.mkdir C:\vcpkg\buildtrees\boost-coroutine\x86-windows-dbg\boost\build\be5942cda3c3f2780e89dae0e486e1dd

        if not exist "C:\vcpkg\buildtrees\boost-coroutine\x86-windows-dbg\boost\build\be5942cda3c3f2780e89dae0e486e1dd\\" mkdir "C:\vcpkg\buildtrees\boost-coroutine\x86-windows-dbg\boost\build\be5942cda3c3f2780e89dae0e486e1dd"
    
common.mkdir C:\vcpkg\buildtrees\boost-coroutine\x86-windows-dbg\boost\standalone\msvc

        if not exist "C:\vcpkg\buildtrees\boost-coroutine\x86-windows-dbg\boost\standalone\msvc\\" mkdir "C:\vcpkg\buildtrees\boost-coroutine\x86-windows-dbg\boost\standalone\msvc"
    
common.mkdir C:\vcpkg\buildtrees\boost-coroutine\x86-windows-dbg\boost\build\be5942cda3c3f2780e89dae0e486e1dd\detail

        if not exist "C:\vcpkg\buildtrees\boost-coroutine\x86-windows-dbg\boost\build\be5942cda3c3f2780e89dae0e486e1dd\detail\\" mkdir "C:\vcpkg\buildtrees\boost-coroutine\x86-windows-dbg\boost\build\be5942cda3c3f2780e89dae0e486e1dd\detail"
    
common.mkdir C:\vcpkg\buildtrees\boost-coroutine\x86-windows-dbg\boost\build\be5942cda3c3f2780e89dae0e486e1dd\windows

        if not exist "C:\vcpkg\buildtrees\boost-coroutine\x86-windows-dbg\boost\build\be5942cda3c3f2780e89dae0e486e1dd\windows\\" mkdir "C:\vcpkg\buildtrees\boost-coroutine\x86-windows-dbg\boost\build\be5942cda3c3f2780e89dae0e486e1dd\windows"
    
common.mkdir C:\vcpkg\buildtrees\boost-coroutine\x86-windows-dbg\boost\standalone\msvc\fabbfd46c2a4e30dd1594f96c4cd44b2

        if not exist "C:\vcpkg\buildtrees\boost-coroutine\x86-windows-dbg\boost\standalone\msvc\fabbfd46c2a4e30dd1594f96c4cd44b2\\" mkdir "C:\vcpkg\buildtrees\boost-coroutine\x86-windows-dbg\boost\standalone\msvc\fabbfd46c2a4e30dd1594f96c4cd44b2"
    

file C:\Users\pulpo\AppData\Local\Temp\jam35c1b56.000

msvc.write-setup-script C:\vcpkg\buildtrees\boost-coroutine\x86-windows-dbg\boost\standalone\msvc\fabbfd46c2a4e30dd1594f96c4cd44b2\msvc-setup.bat

    type "C:\Users\pulpo\AppData\Local\Temp\jam35c1b56.000" > "C:\vcpkg\buildtrees\boost-coroutine\x86-windows-dbg\boost\standalone\msvc\fabbfd46c2a4e30dd1594f96c4cd44b2\msvc-setup.bat"

compile-c-c++ C:\vcpkg\buildtrees\boost-coroutine\x86-windows-dbg\boost\build\be5942cda3c3f2780e89dae0e486e1dd\detail\coroutine_context.obj

    call "C:\vcpkg\buildtrees\boost-coroutine\x86-windows-dbg\boost\standalone\msvc\fabbfd46c2a4e30dd1594f96c4cd44b2\msvc-setup.bat" x86 >nul
 cl "..\src\detail\coroutine_context.cpp" -c -Fo"C:\vcpkg\buildtrees\boost-coroutine\x86-windows-dbg\boost\build\be5942cda3c3f2780e89dae0e486e1dd\detail\coroutine_context.obj"     -TP /wd4675 /EHs /GR /Zc:throwingNew -nologo -DWIN32 -D_WINDOWS -W3 -utf-8 -GR -EHsc -MP -D_DEBUG -MDd -Z7 -Ob0 -Od -RTC1 /Z7 /Od /Ob0 /W3 /MDd /Zc:forScope /Zc:wchar_t /Zc:inline -DBOOST_ALL_NO_LIB=1 -DBOOST_COROUTINES_DYN_LINK=1 -DBOOST_COROUTINES_SOURCE "-I..\include" "-IC:\vcpkg\installed\x86-windows\include" 

coroutine_context.cpp
compile-c-c++ C:\vcpkg\buildtrees\boost-coroutine\x86-windows-dbg\boost\build\be5942cda3c3f2780e89dae0e486e1dd\exceptions.obj

    call "C:\vcpkg\buildtrees\boost-coroutine\x86-windows-dbg\boost\standalone\msvc\fabbfd46c2a4e30dd1594f96c4cd44b2\msvc-setup.bat" x86 >nul
 cl "..\src\exceptions.cpp" -c -Fo"C:\vcpkg\buildtrees\boost-coroutine\x86-windows-dbg\boost\build\be5942cda3c3f2780e89dae0e486e1dd\exceptions.obj"     -TP /wd4675 /EHs /GR /Zc:throwingNew -nologo -DWIN32 -D_WINDOWS -W3 -utf-8 -GR -EHsc -MP -D_DEBUG -MDd -Z7 -Ob0 -Od -RTC1 /Z7 /Od /Ob0 /W3 /MDd /Zc:forScope /Zc:wchar_t /Zc:inline -DBOOST_ALL_NO_LIB=1 -DBOOST_COROUTINES_DYN_LINK=1 -DBOOST_COROUTINES_SOURCE "-I..\include" "-IC:\vcpkg\installed\x86-windows\include" 

exceptions.cpp
compile-c-c++ C:\vcpkg\buildtrees\boost-coroutine\x86-windows-dbg\boost\build\be5942cda3c3f2780e89dae0e486e1dd\windows\stack_traits.obj

    call "C:\vcpkg\buildtrees\boost-coroutine\x86-windows-dbg\boost\standalone\msvc\fabbfd46c2a4e30dd1594f96c4cd44b2\msvc-setup.bat" x86 >nul
 cl "..\src\windows\stack_traits.cpp" -c -Fo"C:\vcpkg\buildtrees\boost-coroutine\x86-windows-dbg\boost\build\be5942cda3c3f2780e89dae0e486e1dd\windows\stack_traits.obj"     -TP /wd4675 /EHs /GR /Zc:throwingNew -nologo -DWIN32 -D_WINDOWS -W3 -utf-8 -GR -EHsc -MP -D_DEBUG -MDd -Z7 -Ob0 -Od -RTC1 /Z7 /Od /Ob0 /W3 /MDd /Zc:forScope /Zc:wchar_t /Zc:inline -DBOOST_ALL_NO_LIB=1 -DBOOST_COROUTINES_DYN_LINK=1 -DBOOST_COROUTINES_SOURCE "-I..\include" "-IC:\vcpkg\installed\x86-windows\include" 

stack_traits.cpp
msvc.link.dll C:\vcpkg\buildtrees\boost-coroutine\x86-windows-dbg\boost\build\be5942cda3c3f2780e89dae0e486e1dd\boost_coroutine-vc143-mt-gd-x32-1_78.dll

        call "C:\vcpkg\buildtrees\boost-coroutine\x86-windows-dbg\boost\standalone\msvc\fabbfd46c2a4e30dd1594f96c4cd44b2\msvc-setup.bat" x86 >nul
 link /NOLOGO /INCREMENTAL:NO "C:\vcpkg\buildtrees\boost-coroutine\x86-windows-dbg\boost\build\be5942cda3c3f2780e89dae0e486e1dd\detail\coroutine_context.obj" "C:\vcpkg\buildtrees\boost-coroutine\x86-windows-dbg\boost\build\be5942cda3c3f2780e89dae0e486e1dd\exceptions.obj" "C:\vcpkg\buildtrees\boost-coroutine\x86-windows-dbg\boost\build\be5942cda3c3f2780e89dae0e486e1dd\windows\stack_traits.obj" "C:\vcpkg\installed\x86-windows\debug\lib\boost_context-vc140-mt-gd.lib"      /DEBUG -machine:X86 -nologo -debug -INCREMENTAL /MACHINE:X86 /MANIFEST:EMBED /subsystem:console /out:"C:\vcpkg\buildtrees\boost-coroutine\x86-windows-dbg\boost\build\be5942cda3c3f2780e89dae0e486e1dd\boost_coroutine-vc143-mt-gd-x32-1_78.dll"   /DLL /IMPLIB:"C:\vcpkg\buildtrees\boost-coroutine\x86-windows-dbg\boost\build\be5942cda3c3f2780e89dae0e486e1dd\boost_coroutine-vc143-mt-gd-x32-1_78.lib" 
    
   Creando biblioteca C:\vcpkg\buildtrees\boost-coroutine\x86-windows-dbg\boost\build\be5942cda3c3f2780e89dae0e486e1dd\boost_coroutine-vc143-mt-gd-x32-1_78.lib y objeto C:\vcpkg\buildtrees\boost-coroutine\x86-windows-dbg\boost\build\be5942cda3c3f2780e89dae0e486e1dd\boost_coroutine-vc143-mt-gd-x32-1_78.exp
common.copy C:\vcpkg\buildtrees\boost-coroutine\x86-windows-dbg\stage\lib\boost_coroutine-vc143-mt-gd-x32-1_78.lib

    copy /b "C:\vcpkg\buildtrees\boost-coroutine\x86-windows-dbg\boost\build\be5942cda3c3f2780e89dae0e486e1dd\boost_coroutine-vc143-mt-gd-x32-1_78.lib" + this-file-does-not-exist-A698EE7806899E69 "C:\vcpkg\buildtrees\boost-coroutine\x86-windows-dbg\stage\lib\boost_coroutine-vc143-mt-gd-x32-1_78.lib"

C:\vcpkg\buildtrees\boost-coroutine\x86-windows-dbg\boost\build\be5942cda3c3f2780e89dae0e486e1dd\boost_coroutine-vc143-mt-gd-x32-1_78.lib
        1 archivo(s) copiado(s).
common.copy C:\vcpkg\buildtrees\boost-coroutine\x86-windows-dbg\stage\lib\boost_coroutine-vc143-mt-gd-x32-1_78.pdb

    copy /b "C:\vcpkg\buildtrees\boost-coroutine\x86-windows-dbg\boost\build\be5942cda3c3f2780e89dae0e486e1dd\boost_coroutine-vc143-mt-gd-x32-1_78.pdb" + this-file-does-not-exist-A698EE7806899E69 "C:\vcpkg\buildtrees\boost-coroutine\x86-windows-dbg\stage\lib\boost_coroutine-vc143-mt-gd-x32-1_78.pdb"

C:\vcpkg\buildtrees\boost-coroutine\x86-windows-dbg\boost\build\be5942cda3c3f2780e89dae0e486e1dd\boost_coroutine-vc143-mt-gd-x32-1_78.pdb
        1 archivo(s) copiado(s).
common.copy C:\vcpkg\buildtrees\boost-coroutine\x86-windows-dbg\stage\lib\boost_coroutine-vc143-mt-gd-x32-1_78.dll

    copy /b "C:\vcpkg\buildtrees\boost-coroutine\x86-windows-dbg\boost\build\be5942cda3c3f2780e89dae0e486e1dd\boost_coroutine-vc143-mt-gd-x32-1_78.dll" + this-file-does-not-exist-A698EE7806899E69 "C:\vcpkg\buildtrees\boost-coroutine\x86-windows-dbg\stage\lib\boost_coroutine-vc143-mt-gd-x32-1_78.dll"

C:\vcpkg\buildtrees\boost-coroutine\x86-windows-dbg\boost\build\be5942cda3c3f2780e89dae0e486e1dd\boost_coroutine-vc143-mt-gd-x32-1_78.dll
        1 archivo(s) copiado(s).
[1/2] cmd.exe /C "cd /D C:\vcpkg\buildtrees\boost-coroutine\x86-windows-dbg && C:\vcpkg\downloads\tools\cmake-3.22.2-windows\cmake-3.22.2-windows-i386\bin\cmake.exe -P cmake_install.cmake"
-- Install configuration: "Debug"
-- Installing: C:/vcpkg/packages/boost-coroutine_x86-windows/debug/lib/boost_coroutine-vc143-mt-gd-x32-1_78.lib
-- Installing: C:/vcpkg/packages/boost-coroutine_x86-windows/debug/bin/boost_coroutine-vc143-mt-gd-x32-1_78.dll
