[1/2] cmd.exe /C "cd /D C:\vcpkg\buildtrees\boost-chrono\src\ost-1.78.0-63248fd362.clean\build && C:\vcpkg\installed\x64-windows\tools\boost-build\b2.exe toolset=msvc --user-config=C:/vcpkg/buildtrees/boost-chrono/x86-windows-dbg/user-config.jam --stagedir=C:/vcpkg/buildtrees/boost-chrono/x86-windows-dbg/stage --build-dir=C:/vcpkg/buildtrees/boost-chrono/x86-windows-dbg runtime-link=shared link=shared address-model=32 architecture=x86 asmflags=/safeseh target-os=windows threadapi=win32 variant=debug --disable-icu --with-atomic --with-random --with-date_time --with-filesystem --with-system --with-thread --with-chrono -j4 -sBOOST_ROOT=C:/vcpkg/installed/x64-windows/tools/boost-build -sBOOST_BUILD_PATH=C:/vcpkg/installed/x64-windows/tools/boost-build --debug-configuration --debug-building --debug-generators --ignore-site-config --hash -q debug-symbols=on -d +2 threading=multi stage"
notice: found boost-build.jam at C:/vcpkg/installed/x64-windows/tools/boost-build/boost-build.jam
notice: loading B2 from C:/vcpkg/installed/x64-windows/tools/boost-build/src/kernel/bootstrap.jam
notice: Site configuration files will be ignored due to the
notice: --ignore-site-config command-line option.
notice: Loading explicitly specified user configuration file:
    C:\vcpkg\buildtrees\boost-chrono\x86-windows-dbg\user-config.jam
notice: Searching 'C:\vcpkg\buildtrees\boost-chrono\x86-windows-dbg' for user-config configuration file 'user-config.jam'.
notice: Loading user-config configuration file 'user-config.jam' from 'C:/vcpkg/buildtrees/boost-chrono/x86-windows-dbg'.
notice: [msvc-cfg] msvc-14.3 detected, command: 'C:\Program Files\Microsoft Visual Studio\2022\Community\VC\Tools\MSVC\14.31.31103\bin\Hostx64\x64\cl.exe'
notice: [msvc-cfg] msvc-14.2 detected, command: 'C:\Program Files (x86)\Microsoft Visual Studio\2019\Community\VC\Tools\MSVC\14.29.30133\bin\Hostx64\x64\cl.exe'
notice: will use 'C:/Program Files/Microsoft Visual Studio/2022/Community/VC/Tools/MSVC/14.31.31103/bin/Hostx64/x86/cl.exe' for msvc, condition <toolset>msvc-143
notice: [msvc-cfg] condition: '<toolset>msvc-143/<architecture>x86/<address-model>32', setup: 'C:/vcpkg/installed/x64-windows/share/boost-build/nothing.bat x86'
notice: [msvc-cfg] condition: '<toolset>msvc-143/<architecture>/<address-model>32', setup: 'C:/vcpkg/installed/x64-windows/share/boost-build/nothing.bat x86'
notice: [msvc-cfg] condition: '<toolset>msvc-143/<architecture>x86/<address-model>64', setup: 'C:/vcpkg/installed/x64-windows/share/boost-build/nothing.bat amd64'
notice: [msvc-cfg] condition: '<toolset>msvc-143/<architecture>/<address-model>64', setup: 'C:/vcpkg/installed/x64-windows/share/boost-build/nothing.bat amd64'
notice: [msvc-cfg] condition: '<toolset>msvc-143/<architecture>x86/<address-model>', setup: 'C:/vcpkg/installed/x64-windows/share/boost-build/nothing.bat amd64'
notice: [msvc-cfg] condition: '<toolset>msvc-143/<architecture>/<address-model>', setup: 'C:/vcpkg/installed/x64-windows/share/boost-build/nothing.bat amd64'
notice: [msvc-cfg] condition: '<toolset>msvc-143/<architecture>ia64/<address-model>64', setup: 'C:/vcpkg/installed/x64-windows/share/boost-build/nothing.bat x86_ia64'
notice: [msvc-cfg] condition: '<toolset>msvc-143/<architecture>ia64/<address-model>', setup: 'C:/vcpkg/installed/x64-windows/share/boost-build/nothing.bat x86_ia64'
notice: [msvc-cfg] condition: '<toolset>msvc-143/<architecture>arm/<address-model>32', setup: 'C:/vcpkg/installed/x64-windows/share/boost-build/nothing.bat x86_arm'
notice: [msvc-cfg] condition: '<toolset>msvc-143/<architecture>arm/<address-model>64', setup: 'C:/vcpkg/installed/x64-windows/share/boost-build/nothing.bat x86_arm64'

Building target '../build/stage'
     Build request: object(property-set)@377 <address-model>32 <architecture>x86 <asmflags>/safeseh <debug-symbols>on <link>shared <runtime-link>shared <target-os>windows <threadapi>win32 <threading>multi <toolset>msvc <variant>debug
     Command line free features: <asmflags>/safeseh
     Target requirements: <archiveflags>-machine:X86 -nologo <define>BOOST_ALL_NO_LIB=1 <hardcode-dll-paths>false <include>../include&&/C:/vcpkg/installed/x86-windows/include <linkflags>-machine:X86 -nologo -debug -INCREMENTAL <location>/C:/vcpkg/buildtrees/boost-chrono/x86-windows-dbg/stage/lib <relevant>cxxflags:<relevant>target-os <relevant>cxxflags:<relevant>toolset <relevant>define:<relevant>toolset <relevant>linkflags:<relevant>target-os <relevant>linkflags:<relevant>toolset <relevant>threading:<relevant>runtime-link <relevant>threading:<relevant>toolset <relevant>warnings:<relevant>toolset <tag>@Jamfile<C:\vcpkg\buildtrees\boost-chrono\src\ost-1.78.0-63248fd362.clean>%Jamfile<C:\vcpkg\buildtrees\boost-chrono\src\ost-1.78.0-63248fd362.clean>.tag <target-os>freebsd:<linkflags>-lrt <target-os>linux:<linkflags>-lrt -lpthread <toolset>clang:<cxxflags>-Wextra <toolset>clang:<cxxflags>-Wno-long-long <toolset>clang:<cxxflags>-Wno-variadic-macros <toolset>clang:<cxxflags>-pedantic <toolset>clang:<warnings>on <toolset>darwin-4:<cxxflags>-Wno-variadic-macros <toolset>darwin-5:<cxxflags>-Wno-variadic-macros <toolset>darwin:<cxxflags>-Wextra <toolset>darwin:<cxxflags>-Wno-long-long <toolset>darwin:<cxxflags>-pedantic <toolset>gcc-4.4.0,<target-os>windows:<cxxflags>-fdiagnostics-show-option <toolset>gcc-4.5.0,<target-os>windows:<cxxflags>-fdiagnostics-show-option <toolset>gcc-4.6.0,<target-os>windows:<cxxflags>-fdiagnostics-show-option <toolset>gcc-4.6.3,<target-os>windows:<cxxflags>-fdiagnostics-show-option <toolset>gcc-4.7.0,<target-os>windows:<cxxflags>-fdiagnostics-show-option <toolset>gcc-4.8.0,<target-os>windows:<cxxflags>-fdiagnostics-show-option <toolset>gcc-4:<cxxflags>-Wno-variadic-macros <toolset>gcc-5:<cxxflags>-Wno-variadic-macros <toolset>gcc:<cxxflags>-Wextra <toolset>gcc:<cxxflags>-Wno-long-long <toolset>intel:<cxxflags>-wd1418 <toolset>intel:<cxxflags>-wd193,304,383,444 <toolset>intel:<cxxflags>-wd2415 <toolset>intel:<cxxflags>-wd593,981 <toolset>msvc,<runtime-link>shared:<threading>multi <toolset>msvc:<cxxflags>/wd4512 <toolset>pathscale:<cxxflags>-Wno-long-long <toolset>pathscale:<cxxflags>-pedantic <toolset>pgi:<linkflags>-lrt <toolset>sun:<define>__typeof__=__typeof__ <translate-path>@Jamfile<C:\vcpkg\buildtrees\boost-chrono\src\ost-1.78.0-63248fd362.clean\build>%Jamfile<C:\vcpkg\buildtrees\boost-chrono\src\ost-1.78.0-63248fd362.clean\build>.stage-translate-path <warnings>all

     Common properties:  <address-model>32 <architecture>x86 <archiveflags>-machine:X86 -nologo <asmflags>/safeseh <asynch-exceptions>off <coverage>off <cxxflags>/wd4512 <debug-store>object <debug-symbols>on <define>BOOST_ALL_NO_LIB=1 <embed-manifest-via>linker <embed-manifest>on <exception-handling>on <extern-c-nothrow>off <hardcode-dll-paths>false <host-os>windows <include>../include&&/C:/vcpkg/installed/x86-windows/include <inlining>off <install-dependencies>off <link>shared <linkflags>-machine:X86 -nologo -debug -INCREMENTAL <location>/C:/vcpkg/buildtrees/boost-chrono/x86-windows-dbg/stage/lib <midl-robust>yes <midl-stubless-proxy>yes <optimization>off <os>NT <pch>on <preserve-test-targets>on <profiling>off <relevant>cxxflags:<relevant>target-os <relevant>cxxflags:<relevant>toolset <relevant>define:<relevant>toolset <relevant>linkflags:<relevant>target-os <relevant>linkflags:<relevant>toolset <relevant>threading:<relevant>runtime-link <relevant>threading:<relevant>toolset <relevant>warnings:<relevant>toolset <response-file>auto <rtti>on <runtime-debugging>on <runtime-link>shared <stdlib>native <strip>off <suppress-import-lib>false <symlink-location>project-relative <tag>@Jamfile<C:\vcpkg\buildtrees\boost-chrono\src\ost-1.78.0-63248fd362.clean>%Jamfile<C:\vcpkg\buildtrees\boost-chrono\src\ost-1.78.0-63248fd362.clean>.tag <target-os>windows <testing.execute>on <threadapi>win32 <threading>multi <toolset-msvc:version>143 <toolset>msvc <translate-path>@Jamfile<C:\vcpkg\buildtrees\boost-chrono\src\ost-1.78.0-63248fd362.clean\build>%Jamfile<C:\vcpkg\buildtrees\boost-chrono\src\ost-1.78.0-63248fd362.clean\build>.stage-translate-path <user-interface>console <variant>debug <vectorize>off <warnings-as-errors>off <warnings>all <windows-api>desktop

     Building target '../build/boost_chrono'
         Build request: object(property-set)@385 <address-model>32 <architecture>x86 <asynch-exceptions>off <coverage>off <debug-store>object <debug-symbols>on <embed-manifest-via>linker <embed-manifest>on <exception-handling>on <extern-c-nothrow>off <inlining>off <link>shared <midl-robust>yes <midl-stubless-proxy>yes <optimization>off <os>NT <pch>on <preserve-test-targets>on <profiling>off <rtti>on <runtime-debugging>on <runtime-link>shared <stdlib>native <strip>off <target-os>windows <testing.execute>on <threadapi>win32 <threading>multi <toolset-msvc:version>143 <toolset>msvc <variant>debug <vectorize>off <warnings-as-errors>off <warnings>all <windows-api>desktop
         Command line free features: <asmflags>/safeseh
         Target requirements: <archiveflags>-machine:X86 -nologo <define>BOOST_ALL_NO_LIB=1 <include>../include&&/C:/vcpkg/installed/x86-windows/include <link>shared:<define>BOOST_ALL_DYN_LINK=1 <link>static:<define>BOOST_All_STATIC_LINK=1 <linkflags>-machine:X86 -nologo -debug -INCREMENTAL <relevant>cxxflags:<relevant>target-os <relevant>cxxflags:<relevant>toolset <relevant>define:<relevant>link <relevant>define:<relevant>toolset <relevant>linkflags:<relevant>target-os <relevant>linkflags:<relevant>toolset <relevant>threading:<relevant>runtime-link <relevant>threading:<relevant>toolset <relevant>warnings:<relevant>toolset <tag>@Jamfile<C:\vcpkg\buildtrees\boost-chrono\src\ost-1.78.0-63248fd362.clean>%Jamfile<C:\vcpkg\buildtrees\boost-chrono\src\ost-1.78.0-63248fd362.clean>.tag <target-os>freebsd:<linkflags>-lrt <target-os>linux:<linkflags>-lrt -lpthread <toolset>clang:<cxxflags>-Wextra <toolset>clang:<cxxflags>-Wno-long-long <toolset>clang:<cxxflags>-Wno-variadic-macros <toolset>clang:<cxxflags>-pedantic <toolset>clang:<warnings>on <toolset>darwin-4:<cxxflags>-Wno-variadic-macros <toolset>darwin-5:<cxxflags>-Wno-variadic-macros <toolset>darwin:<cxxflags>-Wextra <toolset>darwin:<cxxflags>-Wno-long-long <toolset>darwin:<cxxflags>-pedantic <toolset>gcc-4.4.0,<target-os>windows:<cxxflags>-fdiagnostics-show-option <toolset>gcc-4.5.0,<target-os>windows:<cxxflags>-fdiagnostics-show-option <toolset>gcc-4.6.0,<target-os>windows:<cxxflags>-fdiagnostics-show-option <toolset>gcc-4.6.3,<target-os>windows:<cxxflags>-fdiagnostics-show-option <toolset>gcc-4.7.0,<target-os>windows:<cxxflags>-fdiagnostics-show-option <toolset>gcc-4.8.0,<target-os>windows:<cxxflags>-fdiagnostics-show-option <toolset>gcc-4:<cxxflags>-Wno-variadic-macros <toolset>gcc-5:<cxxflags>-Wno-variadic-macros <toolset>gcc:<cxxflags>-Wextra <toolset>gcc:<cxxflags>-Wno-long-long <toolset>intel:<cxxflags>-wd1418 <toolset>intel:<cxxflags>-wd193,304,383,444 <toolset>intel:<cxxflags>-wd2415 <toolset>intel:<cxxflags>-wd593,981 <toolset>msvc,<runtime-link>shared:<threading>multi <toolset>msvc:<cxxflags>/wd4512 <toolset>pathscale:<cxxflags>-Wno-long-long <toolset>pathscale:<cxxflags>-pedantic <toolset>pgi:<linkflags>-lrt <toolset>sun:<define>__typeof__=__typeof__ <warnings>all

         Common properties:  <address-model>32 <architecture>x86 <archiveflags>-machine:X86 -nologo <asmflags>/safeseh <asynch-exceptions>off <coverage>off <cxxflags>/wd4512 <debug-store>object <debug-symbols>on <define>BOOST_ALL_DYN_LINK=1 <define>BOOST_ALL_NO_LIB=1 <embed-manifest-via>linker <embed-manifest>on <exception-handling>on <extern-c-nothrow>off <hardcode-dll-paths>true <host-os>windows <include>../include&&/C:/vcpkg/installed/x86-windows/include <inlining>off <install-dependencies>off <link>shared <linkflags>-machine:X86 -nologo -debug -INCREMENTAL <midl-robust>yes <midl-stubless-proxy>yes <optimization>off <os>NT <pch>on <preserve-test-targets>on <profiling>off <relevant>cxxflags:<relevant>target-os <relevant>cxxflags:<relevant>toolset <relevant>define:<relevant>link <relevant>define:<relevant>toolset <relevant>linkflags:<relevant>target-os <relevant>linkflags:<relevant>toolset <relevant>threading:<relevant>runtime-link <relevant>threading:<relevant>toolset <relevant>warnings:<relevant>toolset <response-file>auto <rtti>on <runtime-debugging>on <runtime-link>shared <stdlib>native <strip>off <suppress-import-lib>false <symlink-location>project-relative <tag>@Jamfile<C:\vcpkg\buildtrees\boost-chrono\src\ost-1.78.0-63248fd362.clean>%Jamfile<C:\vcpkg\buildtrees\boost-chrono\src\ost-1.78.0-63248fd362.clean>.tag <target-os>windows <testing.execute>on <threadapi>win32 <threading>multi <toolset-msvc:version>143 <toolset>msvc <user-interface>console <variant>debug <vectorize>off <warnings-as-errors>off <warnings>all <windows-api>desktop

         Usage requirements for boost_chrono: 
         Build properties:  <address-model>32 <architecture>x86 <archiveflags>-machine:X86 -nologo <asmflags>/safeseh <asynch-exceptions>off <coverage>off <cxxflags>/wd4512 <debug-store>object <debug-symbols>on <define>BOOST_ALL_DYN_LINK=1 <define>BOOST_ALL_NO_LIB=1 <embed-manifest-via>linker <embed-manifest>on <exception-handling>on <extern-c-nothrow>off <hardcode-dll-paths>true <host-os>windows <include>../include&&/C:/vcpkg/installed/x86-windows/include <inlining>off <install-dependencies>off <link>shared <linkflags>-machine:X86 -nologo -debug -INCREMENTAL <midl-robust>yes <midl-stubless-proxy>yes <optimization>off <os>NT <pch>on <preserve-test-targets>on <profiling>off <relevant>cxxflags:<relevant>target-os <relevant>cxxflags:<relevant>toolset <relevant>define:<relevant>link <relevant>define:<relevant>toolset <relevant>linkflags:<relevant>target-os <relevant>linkflags:<relevant>toolset <relevant>threading:<relevant>runtime-link <relevant>threading:<relevant>toolset <relevant>warnings:<relevant>toolset <response-file>auto <rtti>on <runtime-debugging>on <runtime-link>shared <stdlib>native <strip>off <suppress-import-lib>false <symlink-location>project-relative <tag>@Jamfile<C:\vcpkg\buildtrees\boost-chrono\src\ost-1.78.0-63248fd362.clean>%Jamfile<C:\vcpkg\buildtrees\boost-chrono\src\ost-1.78.0-63248fd362.clean>.tag <target-os>windows <testing.execute>on <threadapi>win32 <threading>multi <toolset-msvc:version>143 <toolset>msvc <user-interface>console <variant>debug <vectorize>off <warnings-as-errors>off <warnings>all <windows-api>desktop
     *** construct LIB
         from { chrono.cpp.CPP }
         from { thread_clock.cpp.CPP }
         from { process_cpu_clocks.cpp.CPP }
         properties: <address-model>32 <architecture>x86 <archiveflags>-machine:X86 -nologo <asmflags>/safeseh <asynch-exceptions>off <coverage>off <cxxflags>/wd4512 <debug-store>object <debug-symbols>on <define>BOOST_ALL_DYN_LINK=1 <define>BOOST_ALL_NO_LIB=1 <embed-manifest-via>linker <embed-manifest>on <exception-handling>on <extern-c-nothrow>off <hardcode-dll-paths>true <host-os>windows <include>../include&&/C:/vcpkg/installed/x86-windows/include <inlining>off <install-dependencies>off <link>shared <linkflags>-machine:X86 -nologo -debug -INCREMENTAL <main-target-type>LIB <midl-robust>yes <midl-stubless-proxy>yes <optimization>off <os>NT <pch>on <preserve-test-targets>on <profiling>off <relevant>cxxflags:<relevant>target-os <relevant>cxxflags:<relevant>toolset <relevant>define:<relevant>link <relevant>define:<relevant>toolset <relevant>linkflags:<relevant>target-os <relevant>linkflags:<relevant>toolset <relevant>threading:<relevant>runtime-link <relevant>threading:<relevant>toolset <relevant>warnings:<relevant>toolset <response-file>auto <rtti>on <runtime-debugging>on <runtime-link>shared <stdlib>native <strip>off <suppress-import-lib>false <symlink-location>project-relative <tag>@Jamfile<C:\vcpkg\buildtrees\boost-chrono\src\ost-1.78.0-63248fd362.clean>%Jamfile<C:\vcpkg\buildtrees\boost-chrono\src\ost-1.78.0-63248fd362.clean>.tag <target-os>windows <testing.execute>on <threadapi>win32 <threading>multi <toolset-msvc:version>143 <toolset>msvc <user-interface>console <variant>debug <vectorize>off <warnings-as-errors>off <warnings>all <windows-api>desktop
     find-viable-generators target-type= LIB property-set=
     trying type LIB
     there are generators for this type
     trying generator builtin.lib-generator ( -> LIB )
       is viable
     trying generator builtin.prebuilt ( -> LIB )
     ***  1  viable generators
         *** construct SHARED_LIB
             from { chrono.cpp.CPP }
             from { thread_clock.cpp.CPP }
             from { process_cpu_clocks.cpp.CPP }
             properties: <address-model>32 <architecture>x86 <archiveflags>-machine:X86 -nologo <asmflags>/safeseh <asynch-exceptions>off <coverage>off <cxxflags>/wd4512 <debug-store>object <debug-symbols>on <define>BOOST_ALL_DYN_LINK=1 <define>BOOST_ALL_NO_LIB=1 <embed-manifest-via>linker <embed-manifest>on <exception-handling>on <extern-c-nothrow>off <hardcode-dll-paths>true <host-os>windows <include>../include&&/C:/vcpkg/installed/x86-windows/include <inlining>off <install-dependencies>off <link>shared <linkflags>-machine:X86 -nologo -debug -INCREMENTAL <main-target-type>LIB <midl-robust>yes <midl-stubless-proxy>yes <optimization>off <os>NT <pch>on <preserve-test-targets>on <profiling>off <relevant>cxxflags:<relevant>target-os <relevant>cxxflags:<relevant>toolset <relevant>define:<relevant>link <relevant>define:<relevant>toolset <relevant>link <relevant>linkflags:<relevant>target-os <relevant>linkflags:<relevant>toolset <relevant>threading:<relevant>runtime-link <relevant>threading:<relevant>toolset <relevant>warnings:<relevant>toolset <response-file>auto <rtti>on <runtime-debugging>on <runtime-link>shared <stdlib>native <strip>off <suppress-import-lib>false <symlink-location>project-relative <tag>@Jamfile<C:\vcpkg\buildtrees\boost-chrono\src\ost-1.78.0-63248fd362.clean>%Jamfile<C:\vcpkg\buildtrees\boost-chrono\src\ost-1.78.0-63248fd362.clean>.tag <target-os>windows <testing.execute>on <threadapi>win32 <threading>multi <toolset-msvc:version>143 <toolset>msvc <user-interface>console <variant>debug <vectorize>off <warnings-as-errors>off <warnings>all <windows-api>desktop
         find-viable-generators target-type= SHARED_LIB property-set=
         trying type SHARED_LIB
         there are generators for this type
         trying generator msvc.link.dll ( OBJ SEARCHED_LIB STATIC_LIB IMPORT_LIB -> SHARED_LIB IMPORT_LIB )
           is viable
         trying generator msvc.link.dll ( OBJ SEARCHED_LIB STATIC_LIB IMPORT_LIB -> SHARED_LIB )
         ***  1  viable generators
           ** generator msvc.link.dll
           composing: true
             *** construct OBJ
                 from { chrono.cpp.CPP }
                 properties: <address-model>32 <architecture>x86 <archiveflags>-machine:X86 -nologo <asmflags>/safeseh <asynch-exceptions>off <coverage>off <cxxflags>/wd4512 <debug-store>object <debug-symbols>on <define>BOOST_ALL_DYN_LINK=1 <define>BOOST_ALL_NO_LIB=1 <embed-manifest-via>linker <embed-manifest>on <exception-handling>on <extern-c-nothrow>off <hardcode-dll-paths>true <host-os>windows <include>../include&&/C:/vcpkg/installed/x86-windows/include <inlining>off <install-dependencies>off <link>shared <linkflags>-machine:X86 -nologo -debug -INCREMENTAL <main-target-type>LIB <midl-robust>yes <midl-stubless-proxy>yes <optimization>off <os>NT <pch>on <preserve-test-targets>on <profiling>off <relevant>cxxflags:<relevant>target-os <relevant>cxxflags:<relevant>toolset <relevant>define:<relevant>link <relevant>define:<relevant>toolset <relevant>link <relevant>linkflags:<relevant>target-os <relevant>linkflags:<relevant>toolset <relevant>threading:<relevant>runtime-link <relevant>threading:<relevant>toolset <relevant>warnings:<relevant>toolset <response-file>auto <rtti>on <runtime-debugging>on <runtime-link>shared <stdlib>native <strip>off <suppress-import-lib>false <symlink-location>project-relative <tag>@Jamfile<C:\vcpkg\buildtrees\boost-chrono\src\ost-1.78.0-63248fd362.clean>%Jamfile<C:\vcpkg\buildtrees\boost-chrono\src\ost-1.78.0-63248fd362.clean>.tag <target-os>windows <testing.execute>on <threadapi>win32 <threading>multi <toolset-msvc:version>143 <toolset>msvc <user-interface>console <variant>debug <vectorize>off <warnings-as-errors>off <warnings>all <windows-api>desktop
             find-viable-generators target-type= OBJ property-set=
             trying type OBJ
             there are generators for this type
             trying generator rc.compile.resource ( RC -> OBJ )
               is viable
             trying generator msvc.compile.c++ ( CPP -> OBJ )
               is viable
             trying generator msvc.compile.c ( C -> OBJ )
               is viable
             trying generator msvc.compile.rc ( RC -> OBJ )
               is viable
             trying generator msvc.compile.asm ( ASM -> OBJ )
               is viable
             trying generator msvc.compile.c.pch ( H -> C_PCH OBJ )
               is viable
             trying generator msvc.compile.c++.pch ( H -> CPP_PCH OBJ )
               is viable
             ***  6  viable generators
               ** generator msvc.compile.c++
               composing:
               SUCCESS:  [ <relevant>address-model <relevant>address-sanitizer <relevant>architecture <relevant>asynch-exceptions <relevant>cflags <relevant>cxxflags <relevant>cxxstd <relevant>debug-store <relevant>debug-symbols <relevant>define <relevant>exception-handling <relevant>extern-c-nothrow <relevant>force-include <relevant>include <relevant>inlining <relevant>instruction-set <relevant>lto <relevant>mc-input-encoding <relevant>mc-output-encoding <relevant>mc-set-customer-bit <relevant>optimization <relevant>pch <relevant>pch-file <relevant>pch-header <relevant>pch-source <relevant>response-file <relevant>rtti <relevant>runtime-debugging <relevant>runtime-link <relevant>threading <relevant>toolset <relevant>toolset-msvc:version <relevant>undef <relevant>user-interface <relevant>warnings <relevant>warnings-as-errors <relevant>windows-api ] { msvc%msvc.compile.c++-chrono.obj.OBJ { chrono.cpp.CPP } }

             returned [ <relevant>address-model <relevant>address-sanitizer <relevant>architecture <relevant>asynch-exceptions <relevant>cflags <relevant>cxxflags <relevant>cxxstd <relevant>debug-store <relevant>debug-symbols <relevant>define <relevant>exception-handling <relevant>extern-c-nothrow <relevant>force-include <relevant>include <relevant>inlining <relevant>instruction-set <relevant>lto <relevant>mc-input-encoding <relevant>mc-output-encoding <relevant>mc-set-customer-bit <relevant>optimization <relevant>pch <relevant>pch-file <relevant>pch-header <relevant>pch-source <relevant>response-file <relevant>rtti <relevant>runtime-debugging <relevant>runtime-link <relevant>threading <relevant>toolset <relevant>toolset-msvc:version <relevant>undef <relevant>user-interface <relevant>warnings <relevant>warnings-as-errors <relevant>windows-api ] { msvc%msvc.compile.c++-chrono.obj.OBJ { chrono.cpp.CPP } }
               generator msvc.compile.c++  spawned 
               { msvc%msvc.compile.c++-chrono.obj.OBJ { chrono.cpp.CPP } }
               with usage requirements: [ <relevant>address-model <relevant>address-sanitizer <relevant>architecture <relevant>asynch-exceptions <relevant>cflags <relevant>cxxflags <relevant>cxxstd <relevant>debug-store <relevant>debug-symbols <relevant>define <relevant>exception-handling <relevant>extern-c-nothrow <relevant>force-include <relevant>include <relevant>inlining <relevant>instruction-set <relevant>lto <relevant>mc-input-encoding <relevant>mc-output-encoding <relevant>mc-set-customer-bit <relevant>optimization <relevant>pch <relevant>pch-file <relevant>pch-header <relevant>pch-source <relevant>response-file <relevant>rtti <relevant>runtime-debugging <relevant>runtime-link <relevant>threading <relevant>toolset <relevant>toolset-msvc:version <relevant>undef <relevant>user-interface <relevant>warnings <relevant>warnings-as-errors <relevant>windows-api ]
               ** generator 'msvc.compile.c' pruned
               ** generator 'msvc.compile.rc' pruned
               ** generator 'msvc.compile.asm' pruned
               ** generator 'msvc.compile.c.pch' pruned
               ** generator 'msvc.compile.c++.pch' pruned
             *** construct SEARCHED_LIB
                 from { chrono.cpp.CPP }
                 properties: <address-model>32 <architecture>x86 <archiveflags>-machine:X86 -nologo <asmflags>/safeseh <asynch-exceptions>off <coverage>off <cxxflags>/wd4512 <debug-store>object <debug-symbols>on <define>BOOST_ALL_DYN_LINK=1 <define>BOOST_ALL_NO_LIB=1 <embed-manifest-via>linker <embed-manifest>on <exception-handling>on <extern-c-nothrow>off <hardcode-dll-paths>true <host-os>windows <include>../include&&/C:/vcpkg/installed/x86-windows/include <inlining>off <install-dependencies>off <link>shared <linkflags>-machine:X86 -nologo -debug -INCREMENTAL <main-target-type>LIB <midl-robust>yes <midl-stubless-proxy>yes <optimization>off <os>NT <pch>on <preserve-test-targets>on <profiling>off <relevant>cxxflags:<relevant>target-os <relevant>cxxflags:<relevant>toolset <relevant>define:<relevant>link <relevant>define:<relevant>toolset <relevant>link <relevant>linkflags:<relevant>target-os <relevant>linkflags:<relevant>toolset <relevant>threading:<relevant>runtime-link <relevant>threading:<relevant>toolset <relevant>warnings:<relevant>toolset <response-file>auto <rtti>on <runtime-debugging>on <runtime-link>shared <stdlib>native <strip>off <suppress-import-lib>false <symlink-location>project-relative <tag>@Jamfile<C:\vcpkg\buildtrees\boost-chrono\src\ost-1.78.0-63248fd362.clean>%Jamfile<C:\vcpkg\buildtrees\boost-chrono\src\ost-1.78.0-63248fd362.clean>.tag <target-os>windows <testing.execute>on <threadapi>win32 <threading>multi <toolset-msvc:version>143 <toolset>msvc <user-interface>console <variant>debug <vectorize>off <warnings-as-errors>off <warnings>all <windows-api>desktop
             find-viable-generators target-type= SEARCHED_LIB property-set=
             trying type SEARCHED_LIB
             there are generators for this type
             trying generator searched-lib-generator ( -> SEARCHED_LIB )
               is viable
             ***  1  viable generators
             returned
               generator searched-lib-generator  spawned 
              
             *** construct STATIC_LIB
                 from { chrono.cpp.CPP }
                 properties: <address-model>32 <architecture>x86 <archiveflags>-machine:X86 -nologo <asmflags>/safeseh <asynch-exceptions>off <coverage>off <cxxflags>/wd4512 <debug-store>object <debug-symbols>on <define>BOOST_ALL_DYN_LINK=1 <define>BOOST_ALL_NO_LIB=1 <embed-manifest-via>linker <embed-manifest>on <exception-handling>on <extern-c-nothrow>off <hardcode-dll-paths>true <host-os>windows <include>../include&&/C:/vcpkg/installed/x86-windows/include <inlining>off <install-dependencies>off <link>shared <linkflags>-machine:X86 -nologo -debug -INCREMENTAL <main-target-type>LIB <midl-robust>yes <midl-stubless-proxy>yes <optimization>off <os>NT <pch>on <preserve-test-targets>on <profiling>off <relevant>cxxflags:<relevant>target-os <relevant>cxxflags:<relevant>toolset <relevant>define:<relevant>link <relevant>define:<relevant>toolset <relevant>link <relevant>linkflags:<relevant>target-os <relevant>linkflags:<relevant>toolset <relevant>threading:<relevant>runtime-link <relevant>threading:<relevant>toolset <relevant>warnings:<relevant>toolset <response-file>auto <rtti>on <runtime-debugging>on <runtime-link>shared <stdlib>native <strip>off <suppress-import-lib>false <symlink-location>project-relative <tag>@Jamfile<C:\vcpkg\buildtrees\boost-chrono\src\ost-1.78.0-63248fd362.clean>%Jamfile<C:\vcpkg\buildtrees\boost-chrono\src\ost-1.78.0-63248fd362.clean>.tag <target-os>windows <testing.execute>on <threadapi>win32 <threading>multi <toolset-msvc:version>143 <toolset>msvc <user-interface>console <variant>debug <vectorize>off <warnings-as-errors>off <warnings>all <windows-api>desktop
             find-viable-generators target-type= STATIC_LIB property-set=
             trying type STATIC_LIB
             there are generators for this type
             trying generator msvc.archive ( OBJ -> STATIC_LIB )
               is viable
             ***  1  viable generators
               ** generator msvc.archive
               composing: true
             returned
               generator msvc.archive  spawned 
              
             *** construct IMPORT_LIB
                 from { chrono.cpp.CPP }
                 properties: <address-model>32 <architecture>x86 <archiveflags>-machine:X86 -nologo <asmflags>/safeseh <asynch-exceptions>off <coverage>off <cxxflags>/wd4512 <debug-store>object <debug-symbols>on <define>BOOST_ALL_DYN_LINK=1 <define>BOOST_ALL_NO_LIB=1 <embed-manifest-via>linker <embed-manifest>on <exception-handling>on <extern-c-nothrow>off <hardcode-dll-paths>true <host-os>windows <include>../include&&/C:/vcpkg/installed/x86-windows/include <inlining>off <install-dependencies>off <link>shared <linkflags>-machine:X86 -nologo -debug -INCREMENTAL <main-target-type>LIB <midl-robust>yes <midl-stubless-proxy>yes <optimization>off <os>NT <pch>on <preserve-test-targets>on <profiling>off <relevant>cxxflags:<relevant>target-os <relevant>cxxflags:<relevant>toolset <relevant>define:<relevant>link <relevant>define:<relevant>toolset <relevant>link <relevant>linkflags:<relevant>target-os <relevant>linkflags:<relevant>toolset <relevant>threading:<relevant>runtime-link <relevant>threading:<relevant>toolset <relevant>warnings:<relevant>toolset <response-file>auto <rtti>on <runtime-debugging>on <runtime-link>shared <stdlib>native <strip>off <suppress-import-lib>false <symlink-location>project-relative <tag>@Jamfile<C:\vcpkg\buildtrees\boost-chrono\src\ost-1.78.0-63248fd362.clean>%Jamfile<C:\vcpkg\buildtrees\boost-chrono\src\ost-1.78.0-63248fd362.clean>.tag <target-os>windows <testing.execute>on <threadapi>win32 <threading>multi <toolset-msvc:version>143 <toolset>msvc <user-interface>console <variant>debug <vectorize>off <warnings-as-errors>off <warnings>all <windows-api>desktop
             find-viable-generators target-type= IMPORT_LIB property-set=
             trying type IMPORT_LIB
             there are generators for this type
             trying generator msvc.link.dll ( OBJ SEARCHED_LIB STATIC_LIB IMPORT_LIB -> SHARED_LIB IMPORT_LIB )
               is viable
                generator  msvc.link.dll is active, discaring
             ***  0  viable generators
             *** construct OBJ
                 from { thread_clock.cpp.CPP }
                 properties: <address-model>32 <architecture>x86 <archiveflags>-machine:X86 -nologo <asmflags>/safeseh <asynch-exceptions>off <coverage>off <cxxflags>/wd4512 <debug-store>object <debug-symbols>on <define>BOOST_ALL_DYN_LINK=1 <define>BOOST_ALL_NO_LIB=1 <embed-manifest-via>linker <embed-manifest>on <exception-handling>on <extern-c-nothrow>off <hardcode-dll-paths>true <host-os>windows <include>../include&&/C:/vcpkg/installed/x86-windows/include <inlining>off <install-dependencies>off <link>shared <linkflags>-machine:X86 -nologo -debug -INCREMENTAL <main-target-type>LIB <midl-robust>yes <midl-stubless-proxy>yes <optimization>off <os>NT <pch>on <preserve-test-targets>on <profiling>off <relevant>cxxflags:<relevant>target-os <relevant>cxxflags:<relevant>toolset <relevant>define:<relevant>link <relevant>define:<relevant>toolset <relevant>link <relevant>linkflags:<relevant>target-os <relevant>linkflags:<relevant>toolset <relevant>threading:<relevant>runtime-link <relevant>threading:<relevant>toolset <relevant>warnings:<relevant>toolset <response-file>auto <rtti>on <runtime-debugging>on <runtime-link>shared <stdlib>native <strip>off <suppress-import-lib>false <symlink-location>project-relative <tag>@Jamfile<C:\vcpkg\buildtrees\boost-chrono\src\ost-1.78.0-63248fd362.clean>%Jamfile<C:\vcpkg\buildtrees\boost-chrono\src\ost-1.78.0-63248fd362.clean>.tag <target-os>windows <testing.execute>on <threadapi>win32 <threading>multi <toolset-msvc:version>143 <toolset>msvc <user-interface>console <variant>debug <vectorize>off <warnings-as-errors>off <warnings>all <windows-api>desktop
             ***  6  viable generators
               ** generator msvc.compile.c++
               composing:
               SUCCESS:  [ <relevant>address-model <relevant>address-sanitizer <relevant>architecture <relevant>asynch-exceptions <relevant>cflags <relevant>cxxflags <relevant>cxxstd <relevant>debug-store <relevant>debug-symbols <relevant>define <relevant>exception-handling <relevant>extern-c-nothrow <relevant>force-include <relevant>include <relevant>inlining <relevant>instruction-set <relevant>lto <relevant>mc-input-encoding <relevant>mc-output-encoding <relevant>mc-set-customer-bit <relevant>optimization <relevant>pch <relevant>pch-file <relevant>pch-header <relevant>pch-source <relevant>response-file <relevant>rtti <relevant>runtime-debugging <relevant>runtime-link <relevant>threading <relevant>toolset <relevant>toolset-msvc:version <relevant>undef <relevant>user-interface <relevant>warnings <relevant>warnings-as-errors <relevant>windows-api ] { msvc%msvc.compile.c++-thread_clock.obj.OBJ { thread_clock.cpp.CPP } }

             returned [ <relevant>address-model <relevant>address-sanitizer <relevant>architecture <relevant>asynch-exceptions <relevant>cflags <relevant>cxxflags <relevant>cxxstd <relevant>debug-store <relevant>debug-symbols <relevant>define <relevant>exception-handling <relevant>extern-c-nothrow <relevant>force-include <relevant>include <relevant>inlining <relevant>instruction-set <relevant>lto <relevant>mc-input-encoding <relevant>mc-output-encoding <relevant>mc-set-customer-bit <relevant>optimization <relevant>pch <relevant>pch-file <relevant>pch-header <relevant>pch-source <relevant>response-file <relevant>rtti <relevant>runtime-debugging <relevant>runtime-link <relevant>threading <relevant>toolset <relevant>toolset-msvc:version <relevant>undef <relevant>user-interface <relevant>warnings <relevant>warnings-as-errors <relevant>windows-api ] { msvc%msvc.compile.c++-thread_clock.obj.OBJ { thread_clock.cpp.CPP } }
               generator msvc.compile.c++  spawned 
               { msvc%msvc.compile.c++-thread_clock.obj.OBJ { thread_clock.cpp.CPP } }
               with usage requirements: [ <relevant>address-model <relevant>address-sanitizer <relevant>architecture <relevant>asynch-exceptions <relevant>cflags <relevant>cxxflags <relevant>cxxstd <relevant>debug-store <relevant>debug-symbols <relevant>define <relevant>exception-handling <relevant>extern-c-nothrow <relevant>force-include <relevant>include <relevant>inlining <relevant>instruction-set <relevant>lto <relevant>mc-input-encoding <relevant>mc-output-encoding <relevant>mc-set-customer-bit <relevant>optimization <relevant>pch <relevant>pch-file <relevant>pch-header <relevant>pch-source <relevant>response-file <relevant>rtti <relevant>runtime-debugging <relevant>runtime-link <relevant>threading <relevant>toolset <relevant>toolset-msvc:version <relevant>undef <relevant>user-interface <relevant>warnings <relevant>warnings-as-errors <relevant>windows-api ]
               ** generator 'msvc.compile.c' pruned
               ** generator 'msvc.compile.rc' pruned
               ** generator 'msvc.compile.asm' pruned
               ** generator 'msvc.compile.c.pch' pruned
               ** generator 'msvc.compile.c++.pch' pruned
             *** construct SEARCHED_LIB
                 from { thread_clock.cpp.CPP }
                 properties: <address-model>32 <architecture>x86 <archiveflags>-machine:X86 -nologo <asmflags>/safeseh <asynch-exceptions>off <coverage>off <cxxflags>/wd4512 <debug-store>object <debug-symbols>on <define>BOOST_ALL_DYN_LINK=1 <define>BOOST_ALL_NO_LIB=1 <embed-manifest-via>linker <embed-manifest>on <exception-handling>on <extern-c-nothrow>off <hardcode-dll-paths>true <host-os>windows <include>../include&&/C:/vcpkg/installed/x86-windows/include <inlining>off <install-dependencies>off <link>shared <linkflags>-machine:X86 -nologo -debug -INCREMENTAL <main-target-type>LIB <midl-robust>yes <midl-stubless-proxy>yes <optimization>off <os>NT <pch>on <preserve-test-targets>on <profiling>off <relevant>cxxflags:<relevant>target-os <relevant>cxxflags:<relevant>toolset <relevant>define:<relevant>link <relevant>define:<relevant>toolset <relevant>link <relevant>linkflags:<relevant>target-os <relevant>linkflags:<relevant>toolset <relevant>threading:<relevant>runtime-link <relevant>threading:<relevant>toolset <relevant>warnings:<relevant>toolset <response-file>auto <rtti>on <runtime-debugging>on <runtime-link>shared <stdlib>native <strip>off <suppress-import-lib>false <symlink-location>project-relative <tag>@Jamfile<C:\vcpkg\buildtrees\boost-chrono\src\ost-1.78.0-63248fd362.clean>%Jamfile<C:\vcpkg\buildtrees\boost-chrono\src\ost-1.78.0-63248fd362.clean>.tag <target-os>windows <testing.execute>on <threadapi>win32 <threading>multi <toolset-msvc:version>143 <toolset>msvc <user-interface>console <variant>debug <vectorize>off <warnings-as-errors>off <warnings>all <windows-api>desktop
             ***  1  viable generators
             returned
               generator searched-lib-generator  spawned 
              
             *** construct STATIC_LIB
                 from { thread_clock.cpp.CPP }
                 properties: <address-model>32 <architecture>x86 <archiveflags>-machine:X86 -nologo <asmflags>/safeseh <asynch-exceptions>off <coverage>off <cxxflags>/wd4512 <debug-store>object <debug-symbols>on <define>BOOST_ALL_DYN_LINK=1 <define>BOOST_ALL_NO_LIB=1 <embed-manifest-via>linker <embed-manifest>on <exception-handling>on <extern-c-nothrow>off <hardcode-dll-paths>true <host-os>windows <include>../include&&/C:/vcpkg/installed/x86-windows/include <inlining>off <install-dependencies>off <link>shared <linkflags>-machine:X86 -nologo -debug -INCREMENTAL <main-target-type>LIB <midl-robust>yes <midl-stubless-proxy>yes <optimization>off <os>NT <pch>on <preserve-test-targets>on <profiling>off <relevant>cxxflags:<relevant>target-os <relevant>cxxflags:<relevant>toolset <relevant>define:<relevant>link <relevant>define:<relevant>toolset <relevant>link <relevant>linkflags:<relevant>target-os <relevant>linkflags:<relevant>toolset <relevant>threading:<relevant>runtime-link <relevant>threading:<relevant>toolset <relevant>warnings:<relevant>toolset <response-file>auto <rtti>on <runtime-debugging>on <runtime-link>shared <stdlib>native <strip>off <suppress-import-lib>false <symlink-location>project-relative <tag>@Jamfile<C:\vcpkg\buildtrees\boost-chrono\src\ost-1.78.0-63248fd362.clean>%Jamfile<C:\vcpkg\buildtrees\boost-chrono\src\ost-1.78.0-63248fd362.clean>.tag <target-os>windows <testing.execute>on <threadapi>win32 <threading>multi <toolset-msvc:version>143 <toolset>msvc <user-interface>console <variant>debug <vectorize>off <warnings-as-errors>off <warnings>all <windows-api>desktop
             ***  1  viable generators
               ** generator msvc.archive
               composing: true
             returned
               generator msvc.archive  spawned 
              
             *** construct IMPORT_LIB
                 from { thread_clock.cpp.CPP }
                 properties: <address-model>32 <architecture>x86 <archiveflags>-machine:X86 -nologo <asmflags>/safeseh <asynch-exceptions>off <coverage>off <cxxflags>/wd4512 <debug-store>object <debug-symbols>on <define>BOOST_ALL_DYN_LINK=1 <define>BOOST_ALL_NO_LIB=1 <embed-manifest-via>linker <embed-manifest>on <exception-handling>on <extern-c-nothrow>off <hardcode-dll-paths>true <host-os>windows <include>../include&&/C:/vcpkg/installed/x86-windows/include <inlining>off <install-dependencies>off <link>shared <linkflags>-machine:X86 -nologo -debug -INCREMENTAL <main-target-type>LIB <midl-robust>yes <midl-stubless-proxy>yes <optimization>off <os>NT <pch>on <preserve-test-targets>on <profiling>off <relevant>cxxflags:<relevant>target-os <relevant>cxxflags:<relevant>toolset <relevant>define:<relevant>link <relevant>define:<relevant>toolset <relevant>link <relevant>linkflags:<relevant>target-os <relevant>linkflags:<relevant>toolset <relevant>threading:<relevant>runtime-link <relevant>threading:<relevant>toolset <relevant>warnings:<relevant>toolset <response-file>auto <rtti>on <runtime-debugging>on <runtime-link>shared <stdlib>native <strip>off <suppress-import-lib>false <symlink-location>project-relative <tag>@Jamfile<C:\vcpkg\buildtrees\boost-chrono\src\ost-1.78.0-63248fd362.clean>%Jamfile<C:\vcpkg\buildtrees\boost-chrono\src\ost-1.78.0-63248fd362.clean>.tag <target-os>windows <testing.execute>on <threadapi>win32 <threading>multi <toolset-msvc:version>143 <toolset>msvc <user-interface>console <variant>debug <vectorize>off <warnings-as-errors>off <warnings>all <windows-api>desktop
                generator  msvc.link.dll is active, discaring
             ***  0  viable generators
             *** construct OBJ
                 from { process_cpu_clocks.cpp.CPP }
                 properties: <address-model>32 <architecture>x86 <archiveflags>-machine:X86 -nologo <asmflags>/safeseh <asynch-exceptions>off <coverage>off <cxxflags>/wd4512 <debug-store>object <debug-symbols>on <define>BOOST_ALL_DYN_LINK=1 <define>BOOST_ALL_NO_LIB=1 <embed-manifest-via>linker <embed-manifest>on <exception-handling>on <extern-c-nothrow>off <hardcode-dll-paths>true <host-os>windows <include>../include&&/C:/vcpkg/installed/x86-windows/include <inlining>off <install-dependencies>off <link>shared <linkflags>-machine:X86 -nologo -debug -INCREMENTAL <main-target-type>LIB <midl-robust>yes <midl-stubless-proxy>yes <optimization>off <os>NT <pch>on <preserve-test-targets>on <profiling>off <relevant>cxxflags:<relevant>target-os <relevant>cxxflags:<relevant>toolset <relevant>define:<relevant>link <relevant>define:<relevant>toolset <relevant>link <relevant>linkflags:<relevant>target-os <relevant>linkflags:<relevant>toolset <relevant>threading:<relevant>runtime-link <relevant>threading:<relevant>toolset <relevant>warnings:<relevant>toolset <response-file>auto <rtti>on <runtime-debugging>on <runtime-link>shared <stdlib>native <strip>off <suppress-import-lib>false <symlink-location>project-relative <tag>@Jamfile<C:\vcpkg\buildtrees\boost-chrono\src\ost-1.78.0-63248fd362.clean>%Jamfile<C:\vcpkg\buildtrees\boost-chrono\src\ost-1.78.0-63248fd362.clean>.tag <target-os>windows <testing.execute>on <threadapi>win32 <threading>multi <toolset-msvc:version>143 <toolset>msvc <user-interface>console <variant>debug <vectorize>off <warnings-as-errors>off <warnings>all <windows-api>desktop
             ***  6  viable generators
               ** generator msvc.compile.c++
               composing:
               SUCCESS:  [ <relevant>address-model <relevant>address-sanitizer <relevant>architecture <relevant>asynch-exceptions <relevant>cflags <relevant>cxxflags <relevant>cxxstd <relevant>debug-store <relevant>debug-symbols <relevant>define <relevant>exception-handling <relevant>extern-c-nothrow <relevant>force-include <relevant>include <relevant>inlining <relevant>instruction-set <relevant>lto <relevant>mc-input-encoding <relevant>mc-output-encoding <relevant>mc-set-customer-bit <relevant>optimization <relevant>pch <relevant>pch-file <relevant>pch-header <relevant>pch-source <relevant>response-file <relevant>rtti <relevant>runtime-debugging <relevant>runtime-link <relevant>threading <relevant>toolset <relevant>toolset-msvc:version <relevant>undef <relevant>user-interface <relevant>warnings <relevant>warnings-as-errors <relevant>windows-api ] { msvc%msvc.compile.c++-process_cpu_clocks.obj.OBJ { process_cpu_clocks.cpp.CPP } }

             returned [ <relevant>address-model <relevant>address-sanitizer <relevant>architecture <relevant>asynch-exceptions <relevant>cflags <relevant>cxxflags <relevant>cxxstd <relevant>debug-store <relevant>debug-symbols <relevant>define <relevant>exception-handling <relevant>extern-c-nothrow <relevant>force-include <relevant>include <relevant>inlining <relevant>instruction-set <relevant>lto <relevant>mc-input-encoding <relevant>mc-output-encoding <relevant>mc-set-customer-bit <relevant>optimization <relevant>pch <relevant>pch-file <relevant>pch-header <relevant>pch-source <relevant>response-file <relevant>rtti <relevant>runtime-debugging <relevant>runtime-link <relevant>threading <relevant>toolset <relevant>toolset-msvc:version <relevant>undef <relevant>user-interface <relevant>warnings <relevant>warnings-as-errors <relevant>windows-api ] { msvc%msvc.compile.c++-process_cpu_clocks.obj.OBJ { process_cpu_clocks.cpp.CPP } }
               generator msvc.compile.c++  spawned 
               { msvc%msvc.compile.c++-process_cpu_clocks.obj.OBJ { process_cpu_clocks.cpp.CPP } }
               with usage requirements: [ <relevant>address-model <relevant>address-sanitizer <relevant>architecture <relevant>asynch-exceptions <relevant>cflags <relevant>cxxflags <relevant>cxxstd <relevant>debug-store <relevant>debug-symbols <relevant>define <relevant>exception-handling <relevant>extern-c-nothrow <relevant>force-include <relevant>include <relevant>inlining <relevant>instruction-set <relevant>lto <relevant>mc-input-encoding <relevant>mc-output-encoding <relevant>mc-set-customer-bit <relevant>optimization <relevant>pch <relevant>pch-file <relevant>pch-header <relevant>pch-source <relevant>response-file <relevant>rtti <relevant>runtime-debugging <relevant>runtime-link <relevant>threading <relevant>toolset <relevant>toolset-msvc:version <relevant>undef <relevant>user-interface <relevant>warnings <relevant>warnings-as-errors <relevant>windows-api ]
               ** generator 'msvc.compile.c' pruned
               ** generator 'msvc.compile.rc' pruned
               ** generator 'msvc.compile.asm' pruned
               ** generator 'msvc.compile.c.pch' pruned
               ** generator 'msvc.compile.c++.pch' pruned
             *** construct SEARCHED_LIB
                 from { process_cpu_clocks.cpp.CPP }
                 properties: <address-model>32 <architecture>x86 <archiveflags>-machine:X86 -nologo <asmflags>/safeseh <asynch-exceptions>off <coverage>off <cxxflags>/wd4512 <debug-store>object <debug-symbols>on <define>BOOST_ALL_DYN_LINK=1 <define>BOOST_ALL_NO_LIB=1 <embed-manifest-via>linker <embed-manifest>on <exception-handling>on <extern-c-nothrow>off <hardcode-dll-paths>true <host-os>windows <include>../include&&/C:/vcpkg/installed/x86-windows/include <inlining>off <install-dependencies>off <link>shared <linkflags>-machine:X86 -nologo -debug -INCREMENTAL <main-target-type>LIB <midl-robust>yes <midl-stubless-proxy>yes <optimization>off <os>NT <pch>on <preserve-test-targets>on <profiling>off <relevant>cxxflags:<relevant>target-os <relevant>cxxflags:<relevant>toolset <relevant>define:<relevant>link <relevant>define:<relevant>toolset <relevant>link <relevant>linkflags:<relevant>target-os <relevant>linkflags:<relevant>toolset <relevant>threading:<relevant>runtime-link <relevant>threading:<relevant>toolset <relevant>warnings:<relevant>toolset <response-file>auto <rtti>on <runtime-debugging>on <runtime-link>shared <stdlib>native <strip>off <suppress-import-lib>false <symlink-location>project-relative <tag>@Jamfile<C:\vcpkg\buildtrees\boost-chrono\src\ost-1.78.0-63248fd362.clean>%Jamfile<C:\vcpkg\buildtrees\boost-chrono\src\ost-1.78.0-63248fd362.clean>.tag <target-os>windows <testing.execute>on <threadapi>win32 <threading>multi <toolset-msvc:version>143 <toolset>msvc <user-interface>console <variant>debug <vectorize>off <warnings-as-errors>off <warnings>all <windows-api>desktop
             ***  1  viable generators
             returned
               generator searched-lib-generator  spawned 
              
             *** construct STATIC_LIB
                 from { process_cpu_clocks.cpp.CPP }
                 properties: <address-model>32 <architecture>x86 <archiveflags>-machine:X86 -nologo <asmflags>/safeseh <asynch-exceptions>off <coverage>off <cxxflags>/wd4512 <debug-store>object <debug-symbols>on <define>BOOST_ALL_DYN_LINK=1 <define>BOOST_ALL_NO_LIB=1 <embed-manifest-via>linker <embed-manifest>on <exception-handling>on <extern-c-nothrow>off <hardcode-dll-paths>true <host-os>windows <include>../include&&/C:/vcpkg/installed/x86-windows/include <inlining>off <install-dependencies>off <link>shared <linkflags>-machine:X86 -nologo -debug -INCREMENTAL <main-target-type>LIB <midl-robust>yes <midl-stubless-proxy>yes <optimization>off <os>NT <pch>on <preserve-test-targets>on <profiling>off <relevant>cxxflags:<relevant>target-os <relevant>cxxflags:<relevant>toolset <relevant>define:<relevant>link <relevant>define:<relevant>toolset <relevant>link <relevant>linkflags:<relevant>target-os <relevant>linkflags:<relevant>toolset <relevant>threading:<relevant>runtime-link <relevant>threading:<relevant>toolset <relevant>warnings:<relevant>toolset <response-file>auto <rtti>on <runtime-debugging>on <runtime-link>shared <stdlib>native <strip>off <suppress-import-lib>false <symlink-location>project-relative <tag>@Jamfile<C:\vcpkg\buildtrees\boost-chrono\src\ost-1.78.0-63248fd362.clean>%Jamfile<C:\vcpkg\buildtrees\boost-chrono\src\ost-1.78.0-63248fd362.clean>.tag <target-os>windows <testing.execute>on <threadapi>win32 <threading>multi <toolset-msvc:version>143 <toolset>msvc <user-interface>console <variant>debug <vectorize>off <warnings-as-errors>off <warnings>all <windows-api>desktop
             ***  1  viable generators
               ** generator msvc.archive
               composing: true
             returned
               generator msvc.archive  spawned 
              
             *** construct IMPORT_LIB
                 from { process_cpu_clocks.cpp.CPP }
                 properties: <address-model>32 <architecture>x86 <archiveflags>-machine:X86 -nologo <asmflags>/safeseh <asynch-exceptions>off <coverage>off <cxxflags>/wd4512 <debug-store>object <debug-symbols>on <define>BOOST_ALL_DYN_LINK=1 <define>BOOST_ALL_NO_LIB=1 <embed-manifest-via>linker <embed-manifest>on <exception-handling>on <extern-c-nothrow>off <hardcode-dll-paths>true <host-os>windows <include>../include&&/C:/vcpkg/installed/x86-windows/include <inlining>off <install-dependencies>off <link>shared <linkflags>-machine:X86 -nologo -debug -INCREMENTAL <main-target-type>LIB <midl-robust>yes <midl-stubless-proxy>yes <optimization>off <os>NT <pch>on <preserve-test-targets>on <profiling>off <relevant>cxxflags:<relevant>target-os <relevant>cxxflags:<relevant>toolset <relevant>define:<relevant>link <relevant>define:<relevant>toolset <relevant>link <relevant>linkflags:<relevant>target-os <relevant>linkflags:<relevant>toolset <relevant>threading:<relevant>runtime-link <relevant>threading:<relevant>toolset <relevant>warnings:<relevant>toolset <response-file>auto <rtti>on <runtime-debugging>on <runtime-link>shared <stdlib>native <strip>off <suppress-import-lib>false <symlink-location>project-relative <tag>@Jamfile<C:\vcpkg\buildtrees\boost-chrono\src\ost-1.78.0-63248fd362.clean>%Jamfile<C:\vcpkg\buildtrees\boost-chrono\src\ost-1.78.0-63248fd362.clean>.tag <target-os>windows <testing.execute>on <threadapi>win32 <threading>multi <toolset-msvc:version>143 <toolset>msvc <user-interface>console <variant>debug <vectorize>off <warnings-as-errors>off <warnings>all <windows-api>desktop
                generator  msvc.link.dll is active, discaring
             ***  0  viable generators
           SUCCESS:  [ <relevant>address-model <relevant>address-sanitizer <relevant>architecture <relevant>debug-store <relevant>debug-symbols <relevant>def-file <relevant>embed-manifest <relevant>embed-manifest-file <relevant>embed-manifest-via <relevant>find-shared-library <relevant>find-static-library <relevant>library-file <relevant>library-path <relevant>link <relevant>linkflags <relevant>lto <relevant>main-target-type <relevant>response-file <relevant>runtime-debugging <relevant>runtime-link <relevant>suppress-import-lib <relevant>toolset <relevant>toolset-msvc:version <relevant>user-interface <relevant>windows-api ] { msvc%msvc.link.dll-boost_chrono-vc143-mt-gd-x32-1_78.dll.SHARED_LIB { msvc%msvc.compile.c++-chrono.obj.OBJ { chrono.cpp.CPP } } { msvc%msvc.compile.c++-thread_clock.obj.OBJ { thread_clock.cpp.CPP } } { msvc%msvc.compile.c++-process_cpu_clocks.obj.OBJ { process_cpu_clocks.cpp.CPP } } } { msvc%msvc.link.dll-boost_chrono-vc143-mt-gd-x32-1_78.lib.IMPORT_LIB { msvc%msvc.compile.c++-chrono.obj.OBJ { chrono.cpp.CPP } } { msvc%msvc.compile.c++-thread_clock.obj.OBJ { thread_clock.cpp.CPP } } { msvc%msvc.compile.c++-process_cpu_clocks.obj.OBJ { process_cpu_clocks.cpp.CPP } } } { msvc%msvc.link.dll-boost_chrono-vc143-mt-gd-x32-1_78.pdb.PDB { msvc%msvc.compile.c++-chrono.obj.OBJ { chrono.cpp.CPP } } { msvc%msvc.compile.c++-thread_clock.obj.OBJ { thread_clock.cpp.CPP } } { msvc%msvc.compile.c++-process_cpu_clocks.obj.OBJ { process_cpu_clocks.cpp.CPP } } }

         returned [ <relevant>address-model <relevant>address-sanitizer <relevant>architecture <relevant>asynch-exceptions <relevant>cflags <relevant>cxxflags <relevant>cxxstd <relevant>debug-store <relevant>debug-symbols <relevant>def-file <relevant>define <relevant>embed-manifest <relevant>embed-manifest-file <relevant>embed-manifest-via <relevant>exception-handling <relevant>extern-c-nothrow <relevant>find-shared-library <relevant>find-static-library <relevant>force-include <relevant>include <relevant>inlining <relevant>instruction-set <relevant>library-file <relevant>library-path <relevant>link <relevant>linkflags <relevant>lto <relevant>main-target-type <relevant>mc-input-encoding <relevant>mc-output-encoding <relevant>mc-set-customer-bit <relevant>optimization <relevant>pch <relevant>pch-file <relevant>pch-header <relevant>pch-source <relevant>response-file <relevant>rtti <relevant>runtime-debugging <relevant>runtime-link <relevant>suppress-import-lib <relevant>threading <relevant>toolset <relevant>toolset-msvc:version <relevant>undef <relevant>user-interface <relevant>warnings <relevant>warnings-as-errors <relevant>windows-api <xdll-path>/C:/vcpkg/buildtrees/boost-chrono/x86-windows-dbg/boost/build/be5942cda3c3f2780e89dae0e486e1dd ] { msvc%msvc.link.dll-boost_chrono-vc143-mt-gd-x32-1_78.dll.SHARED_LIB { msvc%msvc.compile.c++-chrono.obj.OBJ { chrono.cpp.CPP } } { msvc%msvc.compile.c++-thread_clock.obj.OBJ { thread_clock.cpp.CPP } } { msvc%msvc.compile.c++-process_cpu_clocks.obj.OBJ { process_cpu_clocks.cpp.CPP } } } { msvc%msvc.link.dll-boost_chrono-vc143-mt-gd-x32-1_78.lib.IMPORT_LIB { msvc%msvc.compile.c++-chrono.obj.OBJ { chrono.cpp.CPP } } { msvc%msvc.compile.c++-thread_clock.obj.OBJ { thread_clock.cpp.CPP } } { msvc%msvc.compile.c++-process_cpu_clocks.obj.OBJ { process_cpu_clocks.cpp.CPP } } } { msvc%msvc.link.dll-boost_chrono-vc143-mt-gd-x32-1_78.pdb.PDB { msvc%msvc.compile.c++-chrono.obj.OBJ { chrono.cpp.CPP } } { msvc%msvc.compile.c++-thread_clock.obj.OBJ { thread_clock.cpp.CPP } } { msvc%msvc.compile.c++-process_cpu_clocks.obj.OBJ { process_cpu_clocks.cpp.CPP } } }
           generator msvc.link.dll  spawned 
           { msvc%msvc.link.dll-boost_chrono-vc143-mt-gd-x32-1_78.dll.SHARED_LIB { msvc%msvc.compile.c++-chrono.obj.OBJ { chrono.cpp.CPP } } { msvc%msvc.compile.c++-thread_clock.obj.OBJ { thread_clock.cpp.CPP } } { msvc%msvc.compile.c++-process_cpu_clocks.obj.OBJ { process_cpu_clocks.cpp.CPP } } } { msvc%msvc.link.dll-boost_chrono-vc143-mt-gd-x32-1_78.lib.IMPORT_LIB { msvc%msvc.compile.c++-chrono.obj.OBJ { chrono.cpp.CPP } } { msvc%msvc.compile.c++-thread_clock.obj.OBJ { thread_clock.cpp.CPP } } { msvc%msvc.compile.c++-process_cpu_clocks.obj.OBJ { process_cpu_clocks.cpp.CPP } } } { msvc%msvc.link.dll-boost_chrono-vc143-mt-gd-x32-1_78.pdb.PDB { msvc%msvc.compile.c++-chrono.obj.OBJ { chrono.cpp.CPP } } { msvc%msvc.compile.c++-thread_clock.obj.OBJ { thread_clock.cpp.CPP } } { msvc%msvc.compile.c++-process_cpu_clocks.obj.OBJ { process_cpu_clocks.cpp.CPP } } }
           with usage requirements: [ <relevant>address-model <relevant>address-sanitizer <relevant>architecture <relevant>asynch-exceptions <relevant>cflags <relevant>cxxflags <relevant>cxxstd <relevant>debug-store <relevant>debug-symbols <relevant>def-file <relevant>define <relevant>embed-manifest <relevant>embed-manifest-file <relevant>embed-manifest-via <relevant>exception-handling <relevant>extern-c-nothrow <relevant>find-shared-library <relevant>find-static-library <relevant>force-include <relevant>include <relevant>inlining <relevant>instruction-set <relevant>library-file <relevant>library-path <relevant>link <relevant>linkflags <relevant>lto <relevant>main-target-type <relevant>mc-input-encoding <relevant>mc-output-encoding <relevant>mc-set-customer-bit <relevant>optimization <relevant>pch <relevant>pch-file <relevant>pch-header <relevant>pch-source <relevant>response-file <relevant>rtti <relevant>runtime-debugging <relevant>runtime-link <relevant>suppress-import-lib <relevant>threading <relevant>toolset <relevant>toolset-msvc:version <relevant>undef <relevant>user-interface <relevant>warnings <relevant>warnings-as-errors <relevant>windows-api <xdll-path>/C:/vcpkg/buildtrees/boost-chrono/x86-windows-dbg/boost/build/be5942cda3c3f2780e89dae0e486e1dd ]
     returned [ <relevant>address-model <relevant>address-sanitizer <relevant>architecture <relevant>asynch-exceptions <relevant>cflags <relevant>cxxflags <relevant>cxxstd <relevant>debug-store <relevant>debug-symbols <relevant>def-file <relevant>define <relevant>embed-manifest <relevant>embed-manifest-file <relevant>embed-manifest-via <relevant>exception-handling <relevant>extern-c-nothrow <relevant>find-shared-library <relevant>find-static-library <relevant>force-include <relevant>include <relevant>inlining <relevant>instruction-set <relevant>library-file <relevant>library-path <relevant>link <relevant>linkflags <relevant>lto <relevant>main-target-type <relevant>mc-input-encoding <relevant>mc-output-encoding <relevant>mc-set-customer-bit <relevant>optimization <relevant>pch <relevant>pch-file <relevant>pch-header <relevant>pch-source <relevant>response-file <relevant>rtti <relevant>runtime-debugging <relevant>runtime-link <relevant>suppress-import-lib <relevant>threading <relevant>toolset <relevant>toolset-msvc:version <relevant>undef <relevant>user-interface <relevant>warnings <relevant>warnings-as-errors <relevant>windows-api <xdll-path>/C:/vcpkg/buildtrees/boost-chrono/x86-windows-dbg/boost/build/be5942cda3c3f2780e89dae0e486e1dd ] { msvc%msvc.link.dll-boost_chrono-vc143-mt-gd-x32-1_78.dll.SHARED_LIB { msvc%msvc.compile.c++-chrono.obj.OBJ { chrono.cpp.CPP } } { msvc%msvc.compile.c++-thread_clock.obj.OBJ { thread_clock.cpp.CPP } } { msvc%msvc.compile.c++-process_cpu_clocks.obj.OBJ { process_cpu_clocks.cpp.CPP } } } { msvc%msvc.link.dll-boost_chrono-vc143-mt-gd-x32-1_78.lib.IMPORT_LIB { msvc%msvc.compile.c++-chrono.obj.OBJ { chrono.cpp.CPP } } { msvc%msvc.compile.c++-thread_clock.obj.OBJ { thread_clock.cpp.CPP } } { msvc%msvc.compile.c++-process_cpu_clocks.obj.OBJ { process_cpu_clocks.cpp.CPP } } } { msvc%msvc.link.dll-boost_chrono-vc143-mt-gd-x32-1_78.pdb.PDB { msvc%msvc.compile.c++-chrono.obj.OBJ { chrono.cpp.CPP } } { msvc%msvc.compile.c++-thread_clock.obj.OBJ { thread_clock.cpp.CPP } } { msvc%msvc.compile.c++-process_cpu_clocks.obj.OBJ { process_cpu_clocks.cpp.CPP } } }
       generator builtin.lib-generator  spawned 
       { msvc%msvc.link.dll-boost_chrono-vc143-mt-gd-x32-1_78.dll.SHARED_LIB { msvc%msvc.compile.c++-chrono.obj.OBJ { chrono.cpp.CPP } } { msvc%msvc.compile.c++-thread_clock.obj.OBJ { thread_clock.cpp.CPP } } { msvc%msvc.compile.c++-process_cpu_clocks.obj.OBJ { process_cpu_clocks.cpp.CPP } } } { msvc%msvc.link.dll-boost_chrono-vc143-mt-gd-x32-1_78.lib.IMPORT_LIB { msvc%msvc.compile.c++-chrono.obj.OBJ { chrono.cpp.CPP } } { msvc%msvc.compile.c++-thread_clock.obj.OBJ { thread_clock.cpp.CPP } } { msvc%msvc.compile.c++-process_cpu_clocks.obj.OBJ { process_cpu_clocks.cpp.CPP } } } { msvc%msvc.link.dll-boost_chrono-vc143-mt-gd-x32-1_78.pdb.PDB { msvc%msvc.compile.c++-chrono.obj.OBJ { chrono.cpp.CPP } } { msvc%msvc.compile.c++-thread_clock.obj.OBJ { thread_clock.cpp.CPP } } { msvc%msvc.compile.c++-process_cpu_clocks.obj.OBJ { process_cpu_clocks.cpp.CPP } } }
       with usage requirements: [ <relevant>address-model <relevant>address-sanitizer <relevant>architecture <relevant>asynch-exceptions <relevant>cflags <relevant>cxxflags <relevant>cxxstd <relevant>debug-store <relevant>debug-symbols <relevant>def-file <relevant>define <relevant>embed-manifest <relevant>embed-manifest-file <relevant>embed-manifest-via <relevant>exception-handling <relevant>extern-c-nothrow <relevant>find-shared-library <relevant>find-static-library <relevant>force-include <relevant>include <relevant>inlining <relevant>instruction-set <relevant>library-file <relevant>library-path <relevant>link <relevant>linkflags <relevant>lto <relevant>main-target-type <relevant>mc-input-encoding <relevant>mc-output-encoding <relevant>mc-set-customer-bit <relevant>optimization <relevant>pch <relevant>pch-file <relevant>pch-header <relevant>pch-source <relevant>response-file <relevant>rtti <relevant>runtime-debugging <relevant>runtime-link <relevant>suppress-import-lib <relevant>threading <relevant>toolset <relevant>toolset-msvc:version <relevant>undef <relevant>user-interface <relevant>warnings <relevant>warnings-as-errors <relevant>windows-api <xdll-path>/C:/vcpkg/buildtrees/boost-chrono/x86-windows-dbg/boost/build/be5942cda3c3f2780e89dae0e486e1dd ]
         Usage requirements from boost_chrono:  <define>BOOST_CHRONO_DYN_LINK=1 <relevant>address-model <relevant>address-sanitizer <relevant>architecture <relevant>asynch-exceptions <relevant>cxxstd <relevant>cxxstd-dialect <relevant>debug-store <relevant>debug-symbols <relevant>deduced-address-model <relevant>deduced-architecture <relevant>define:<relevant>link <relevant>define:<relevant>threading <relevant>define:<relevant>toolset <relevant>embed-manifest <relevant>embed-manifest-via <relevant>exception-handling <relevant>extern-c-nothrow <relevant>inlining <relevant>instruction-set <relevant>link <relevant>linkflags:<relevant>target-os <relevant>linkflags:<relevant>toolset <relevant>lto <relevant>lto-mode <relevant>optimization <relevant>pch <relevant>rtti <relevant>runtime-debugging <relevant>runtime-link <relevant>segmented-stacks <relevant>target-os <relevant>threading <relevant>toolset <relevant>toolset-msvc:vendor <relevant>toolset-msvc:version <relevant>variant <relevant>warnings <relevant>warnings-as-errors <relevant>windows-api <xdll-path>/C:/vcpkg/buildtrees/boost-chrono/x86-windows-dbg/boost/build/be5942cda3c3f2780e89dae0e486e1dd

     Usage requirements for stage:  <define>BOOST_CHRONO_DYN_LINK=1 <relevant>address-model <relevant>address-sanitizer <relevant>architecture <relevant>asynch-exceptions <relevant>cxxstd <relevant>cxxstd-dialect <relevant>debug-store <relevant>debug-symbols <relevant>deduced-address-model <relevant>deduced-architecture <relevant>define:<relevant>link <relevant>define:<relevant>threading <relevant>define:<relevant>toolset <relevant>embed-manifest <relevant>embed-manifest-via <relevant>exception-handling <relevant>extern-c-nothrow <relevant>inlining <relevant>instruction-set <relevant>link <relevant>linkflags:<relevant>target-os <relevant>linkflags:<relevant>toolset <relevant>lto <relevant>lto-mode <relevant>optimization <relevant>pch <relevant>rtti <relevant>runtime-debugging <relevant>runtime-link <relevant>segmented-stacks <relevant>target-os <relevant>threading <relevant>toolset <relevant>toolset-msvc:vendor <relevant>toolset-msvc:version <relevant>variant <relevant>warnings <relevant>warnings-as-errors <relevant>windows-api <xdll-path>/C:/vcpkg/buildtrees/boost-chrono/x86-windows-dbg/boost/build/be5942cda3c3f2780e89dae0e486e1dd
     Build properties:  <address-model>32 <architecture>x86 <archiveflags>-machine:X86 -nologo <asmflags>/safeseh <asynch-exceptions>off <coverage>off <cxxflags>/wd4512 <debug-store>object <debug-symbols>on <define>BOOST_ALL_NO_LIB=1 <define>BOOST_CHRONO_DYN_LINK=1 <embed-manifest-via>linker <embed-manifest>on <exception-handling>on <extern-c-nothrow>off <hardcode-dll-paths>false <host-os>windows <include>../include&&/C:/vcpkg/installed/x86-windows/include <inlining>off <install-dependencies>off <link>shared <linkflags>-machine:X86 -nologo -debug -INCREMENTAL <location>/C:/vcpkg/buildtrees/boost-chrono/x86-windows-dbg/stage/lib <midl-robust>yes <midl-stubless-proxy>yes <optimization>off <os>NT <pch>on <preserve-test-targets>on <profiling>off <relevant>address-model <relevant>address-sanitizer <relevant>architecture <relevant>asynch-exceptions <relevant>cxxflags:<relevant>target-os <relevant>cxxflags:<relevant>toolset <relevant>cxxstd <relevant>cxxstd-dialect <relevant>debug-store <relevant>debug-symbols <relevant>deduced-address-model <relevant>deduced-architecture <relevant>define:<relevant>link <relevant>define:<relevant>threading <relevant>define:<relevant>toolset <relevant>embed-manifest <relevant>embed-manifest-via <relevant>exception-handling <relevant>extern-c-nothrow <relevant>inlining <relevant>instruction-set <relevant>link <relevant>linkflags:<relevant>target-os <relevant>linkflags:<relevant>toolset <relevant>lto <relevant>lto-mode <relevant>optimization <relevant>pch <relevant>rtti <relevant>runtime-debugging <relevant>runtime-link <relevant>segmented-stacks <relevant>target-os <relevant>threading <relevant>threading:<relevant>runtime-link <relevant>threading:<relevant>toolset <relevant>toolset <relevant>toolset-msvc:vendor <relevant>toolset-msvc:version <relevant>variant <relevant>warnings <relevant>warnings-as-errors <relevant>warnings:<relevant>toolset <relevant>windows-api <response-file>auto <rtti>on <runtime-debugging>on <runtime-link>shared <stdlib>native <strip>off <suppress-import-lib>false <symlink-location>project-relative <tag>@Jamfile<C:\vcpkg\buildtrees\boost-chrono\src\ost-1.78.0-63248fd362.clean>%Jamfile<C:\vcpkg\buildtrees\boost-chrono\src\ost-1.78.0-63248fd362.clean>.tag <target-os>windows <testing.execute>on <threadapi>win32 <threading>multi <toolset-msvc:version>143 <toolset>msvc <translate-path>@Jamfile<C:\vcpkg\buildtrees\boost-chrono\src\ost-1.78.0-63248fd362.clean\build>%Jamfile<C:\vcpkg\buildtrees\boost-chrono\src\ost-1.78.0-63248fd362.clean\build>.stage-translate-path <user-interface>console <variant>debug <vectorize>off <warnings-as-errors>off <warnings>all <windows-api>desktop <xdll-path>/C:/vcpkg/buildtrees/boost-chrono/x86-windows-dbg/boost/build/be5942cda3c3f2780e89dae0e486e1dd
     *** construct INSTALLED_SHARED_LIB
         from { msvc%msvc.link.dll-boost_chrono-vc143-mt-gd-x32-1_78.dll.SHARED_LIB { msvc%msvc.compile.c++-chrono.obj.OBJ { chrono.cpp.CPP } } { msvc%msvc.compile.c++-thread_clock.obj.OBJ { thread_clock.cpp.CPP } } { msvc%msvc.compile.c++-process_cpu_clocks.obj.OBJ { process_cpu_clocks.cpp.CPP } } }
         properties: <address-model>32 <architecture>x86 <archiveflags>-machine:X86 -nologo <asmflags>/safeseh <asynch-exceptions>off <coverage>off <cxxflags>/wd4512 <debug-store>object <debug-symbols>on <define>BOOST_ALL_DYN_LINK=1 <define>BOOST_ALL_NO_LIB=1 <embed-manifest-via>linker <embed-manifest>on <exception-handling>on <extern-c-nothrow>off <hardcode-dll-paths>true <host-os>windows <include>../include&&/C:/vcpkg/installed/x86-windows/include <inlining>off <install-dependencies>off <link>shared <linkflags>-machine:X86 -nologo -debug -INCREMENTAL <location>/C:/vcpkg/buildtrees/boost-chrono/x86-windows-dbg/stage/lib <main-target-type>LIB <midl-robust>yes <midl-stubless-proxy>yes <optimization>off <os>NT <pch>on <preserve-test-targets>on <profiling>off <relevant>address-model <relevant>address-sanitizer <relevant>architecture <relevant>asynch-exceptions <relevant>cflags <relevant>cxxflags <relevant>cxxflags:<relevant>target-os <relevant>cxxflags:<relevant>toolset <relevant>cxxstd <relevant>debug-store <relevant>debug-symbols <relevant>def-file <relevant>define <relevant>define:<relevant>link <relevant>define:<relevant>toolset <relevant>embed-manifest <relevant>embed-manifest-file <relevant>embed-manifest-via <relevant>exception-handling <relevant>extern-c-nothrow <relevant>find-shared-library <relevant>find-static-library <relevant>force-include <relevant>include <relevant>inlining <relevant>instruction-set <relevant>library-file <relevant>library-path <relevant>link <relevant>linkflags <relevant>linkflags:<relevant>target-os <relevant>linkflags:<relevant>toolset <relevant>lto <relevant>main-target-type <relevant>mc-input-encoding <relevant>mc-output-encoding <relevant>mc-set-customer-bit <relevant>optimization <relevant>pch <relevant>pch-file <relevant>pch-header <relevant>pch-source <relevant>response-file <relevant>rtti <relevant>runtime-debugging <relevant>runtime-link <relevant>suppress-import-lib <relevant>threading <relevant>threading:<relevant>runtime-link <relevant>threading:<relevant>toolset <relevant>toolset <relevant>toolset-msvc:version <relevant>undef <relevant>user-interface <relevant>warnings <relevant>warnings-as-errors <relevant>warnings:<relevant>toolset <relevant>windows-api <response-file>auto <rtti>on <runtime-debugging>on <runtime-link>shared <stdlib>native <strip>off <suppress-import-lib>false <symlink-location>project-relative <target-os>windows <testing.execute>on <threadapi>win32 <threading>multi <toolset-msvc:version>143 <toolset>msvc <user-interface>console <variant>debug <vectorize>off <warnings-as-errors>off <warnings>all <windows-api>desktop
     find-viable-generators target-type= INSTALLED_SHARED_LIB property-set= msvc-143/debug/address-model-32/architecture-x86/threading-multi
     trying type INSTALLED_SHARED_LIB
     there are generators for this type
     trying generator install-shared-lib ( SHARED_LIB -> INSTALLED_SHARED_LIB )
       is viable
     ***  1  viable generators
     returned { common%common.copy-boost_chrono-vc143-mt-gd-x32-1_78.dll.SHARED_LIB { msvc%msvc.link.dll-boost_chrono-vc143-mt-gd-x32-1_78.dll.SHARED_LIB { msvc%msvc.compile.c++-chrono.obj.OBJ { chrono.cpp.CPP } } { msvc%msvc.compile.c++-thread_clock.obj.OBJ { thread_clock.cpp.CPP } } { msvc%msvc.compile.c++-process_cpu_clocks.obj.OBJ { process_cpu_clocks.cpp.CPP } } } }
       generator install-shared-lib  spawned 
       { common%common.copy-boost_chrono-vc143-mt-gd-x32-1_78.dll.SHARED_LIB { msvc%msvc.link.dll-boost_chrono-vc143-mt-gd-x32-1_78.dll.SHARED_LIB { msvc%msvc.compile.c++-chrono.obj.OBJ { chrono.cpp.CPP } } { msvc%msvc.compile.c++-thread_clock.obj.OBJ { thread_clock.cpp.CPP } } { msvc%msvc.compile.c++-process_cpu_clocks.obj.OBJ { process_cpu_clocks.cpp.CPP } } } }
       with usage requirements: [ ]
     Usage requirements from stage:  <define>BOOST_CHRONO_DYN_LINK=1 <relevant>address-model <relevant>address-sanitizer <relevant>architecture <relevant>asynch-exceptions <relevant>cxxstd <relevant>cxxstd-dialect <relevant>debug-store <relevant>debug-symbols <relevant>deduced-address-model <relevant>deduced-architecture <relevant>define:<relevant>link <relevant>define:<relevant>threading <relevant>define:<relevant>toolset <relevant>embed-manifest <relevant>embed-manifest-via <relevant>exception-handling <relevant>extern-c-nothrow <relevant>inlining <relevant>instruction-set <relevant>link <relevant>linkflags:<relevant>target-os <relevant>linkflags:<relevant>toolset <relevant>lto <relevant>lto-mode <relevant>optimization <relevant>pch <relevant>rtti <relevant>runtime-debugging <relevant>runtime-link <relevant>segmented-stacks <relevant>target-os <relevant>threading <relevant>toolset <relevant>toolset-msvc:vendor <relevant>toolset-msvc:version <relevant>variant <relevant>warnings <relevant>warnings-as-errors <relevant>windows-api <xdll-path>/C:/vcpkg/buildtrees/boost-chrono/x86-windows-dbg/boost/build/be5942cda3c3f2780e89dae0e486e1dd
msvc.read-setup <pC:\vcpkg\buildtrees\boost-chrono\x86-windows-dbg\boost\standalone\msvc\fabbfd46c2a4e30dd1594f96c4cd44b2>msvc-setup.read
 
common.mkdir C:\vcpkg\buildtrees\boost-chrono\x86-windows-dbg\stage

        if not exist "C:\vcpkg\buildtrees\boost-chrono\x86-windows-dbg\stage\\" mkdir "C:\vcpkg\buildtrees\boost-chrono\x86-windows-dbg\stage"
    
common.mkdir C:\vcpkg\buildtrees\boost-chrono\x86-windows-dbg\boost

        if not exist "C:\vcpkg\buildtrees\boost-chrono\x86-windows-dbg\boost\\" mkdir "C:\vcpkg\buildtrees\boost-chrono\x86-windows-dbg\boost"
    
common.mkdir C:\vcpkg\buildtrees\boost-chrono\x86-windows-dbg\stage\lib

        if not exist "C:\vcpkg\buildtrees\boost-chrono\x86-windows-dbg\stage\lib\\" mkdir "C:\vcpkg\buildtrees\boost-chrono\x86-windows-dbg\stage\lib"
    
common.mkdir C:\vcpkg\buildtrees\boost-chrono\x86-windows-dbg\boost\build

        if not exist "C:\vcpkg\buildtrees\boost-chrono\x86-windows-dbg\boost\build\\" mkdir "C:\vcpkg\buildtrees\boost-chrono\x86-windows-dbg\boost\build"
    
common.mkdir C:\vcpkg\buildtrees\boost-chrono\x86-windows-dbg\boost\standalone

        if not exist "C:\vcpkg\buildtrees\boost-chrono\x86-windows-dbg\boost\standalone\\" mkdir "C:\vcpkg\buildtrees\boost-chrono\x86-windows-dbg\boost\standalone"
    
common.mkdir C:\vcpkg\buildtrees\boost-chrono\x86-windows-dbg\boost\build\be5942cda3c3f2780e89dae0e486e1dd

        if not exist "C:\vcpkg\buildtrees\boost-chrono\x86-windows-dbg\boost\build\be5942cda3c3f2780e89dae0e486e1dd\\" mkdir "C:\vcpkg\buildtrees\boost-chrono\x86-windows-dbg\boost\build\be5942cda3c3f2780e89dae0e486e1dd"
    
common.mkdir C:\vcpkg\buildtrees\boost-chrono\x86-windows-dbg\boost\standalone\msvc

        if not exist "C:\vcpkg\buildtrees\boost-chrono\x86-windows-dbg\boost\standalone\msvc\\" mkdir "C:\vcpkg\buildtrees\boost-chrono\x86-windows-dbg\boost\standalone\msvc"
    
common.mkdir C:\vcpkg\buildtrees\boost-chrono\x86-windows-dbg\boost\standalone\msvc\fabbfd46c2a4e30dd1594f96c4cd44b2

        if not exist "C:\vcpkg\buildtrees\boost-chrono\x86-windows-dbg\boost\standalone\msvc\fabbfd46c2a4e30dd1594f96c4cd44b2\\" mkdir "C:\vcpkg\buildtrees\boost-chrono\x86-windows-dbg\boost\standalone\msvc\fabbfd46c2a4e30dd1594f96c4cd44b2"
    

file C:\Users\pulpo\AppData\Local\Temp\jam31d01a81.000

msvc.write-setup-script C:\vcpkg\buildtrees\boost-chrono\x86-windows-dbg\boost\standalone\msvc\fabbfd46c2a4e30dd1594f96c4cd44b2\msvc-setup.bat

    type "C:\Users\pulpo\AppData\Local\Temp\jam31d01a81.000" > "C:\vcpkg\buildtrees\boost-chrono\x86-windows-dbg\boost\standalone\msvc\fabbfd46c2a4e30dd1594f96c4cd44b2\msvc-setup.bat"

compile-c-c++ C:\vcpkg\buildtrees\boost-chrono\x86-windows-dbg\boost\build\be5942cda3c3f2780e89dae0e486e1dd\thread_clock.obj

    call "C:\vcpkg\buildtrees\boost-chrono\x86-windows-dbg\boost\standalone\msvc\fabbfd46c2a4e30dd1594f96c4cd44b2\msvc-setup.bat" x86 >nul
 cl "..\src\thread_clock.cpp" -c -Fo"C:\vcpkg\buildtrees\boost-chrono\x86-windows-dbg\boost\build\be5942cda3c3f2780e89dae0e486e1dd\thread_clock.obj"     -TP /wd4512 /wd4675 /EHs /GR /Zc:throwingNew -nologo -DWIN32 -D_WINDOWS -W3 -utf-8 -GR -EHsc -MP -D_DEBUG -MDd -Z7 -Ob0 -Od -RTC1 /Z7 /Od /Ob0 /W4 /MDd /Zc:forScope /Zc:wchar_t /Zc:inline -DBOOST_ALL_DYN_LINK=1 -DBOOST_ALL_NO_LIB=1 "-I..\include" "-IC:\vcpkg\installed\x86-windows\include" 

cl : Lnea de comandos warning D9025 : invalidando '/W3' con '/W4'
thread_clock.cpp
compile-c-c++ C:\vcpkg\buildtrees\boost-chrono\x86-windows-dbg\boost\build\be5942cda3c3f2780e89dae0e486e1dd\process_cpu_clocks.obj

    call "C:\vcpkg\buildtrees\boost-chrono\x86-windows-dbg\boost\standalone\msvc\fabbfd46c2a4e30dd1594f96c4cd44b2\msvc-setup.bat" x86 >nul
 cl "..\src\process_cpu_clocks.cpp" -c -Fo"C:\vcpkg\buildtrees\boost-chrono\x86-windows-dbg\boost\build\be5942cda3c3f2780e89dae0e486e1dd\process_cpu_clocks.obj"     -TP /wd4512 /wd4675 /EHs /GR /Zc:throwingNew -nologo -DWIN32 -D_WINDOWS -W3 -utf-8 -GR -EHsc -MP -D_DEBUG -MDd -Z7 -Ob0 -Od -RTC1 /Z7 /Od /Ob0 /W4 /MDd /Zc:forScope /Zc:wchar_t /Zc:inline -DBOOST_ALL_DYN_LINK=1 -DBOOST_ALL_NO_LIB=1 "-I..\include" "-IC:\vcpkg\installed\x86-windows\include" 

cl : Lnea de comandos warning D9025 : invalidando '/W3' con '/W4'
process_cpu_clocks.cpp
compile-c-c++ C:\vcpkg\buildtrees\boost-chrono\x86-windows-dbg\boost\build\be5942cda3c3f2780e89dae0e486e1dd\chrono.obj

    call "C:\vcpkg\buildtrees\boost-chrono\x86-windows-dbg\boost\standalone\msvc\fabbfd46c2a4e30dd1594f96c4cd44b2\msvc-setup.bat" x86 >nul
 cl "..\src\chrono.cpp" -c -Fo"C:\vcpkg\buildtrees\boost-chrono\x86-windows-dbg\boost\build\be5942cda3c3f2780e89dae0e486e1dd\chrono.obj"     -TP /wd4512 /wd4675 /EHs /GR /Zc:throwingNew -nologo -DWIN32 -D_WINDOWS -W3 -utf-8 -GR -EHsc -MP -D_DEBUG -MDd -Z7 -Ob0 -Od -RTC1 /Z7 /Od /Ob0 /W4 /MDd /Zc:forScope /Zc:wchar_t /Zc:inline -DBOOST_ALL_DYN_LINK=1 -DBOOST_ALL_NO_LIB=1 "-I..\include" "-IC:\vcpkg\installed\x86-windows\include" 

cl : Lnea de comandos warning D9025 : invalidando '/W3' con '/W4'
chrono.cpp
msvc.link.dll C:\vcpkg\buildtrees\boost-chrono\x86-windows-dbg\boost\build\be5942cda3c3f2780e89dae0e486e1dd\boost_chrono-vc143-mt-gd-x32-1_78.dll

        call "C:\vcpkg\buildtrees\boost-chrono\x86-windows-dbg\boost\standalone\msvc\fabbfd46c2a4e30dd1594f96c4cd44b2\msvc-setup.bat" x86 >nul
 link /NOLOGO /INCREMENTAL:NO "C:\vcpkg\buildtrees\boost-chrono\x86-windows-dbg\boost\build\be5942cda3c3f2780e89dae0e486e1dd\chrono.obj" "C:\vcpkg\buildtrees\boost-chrono\x86-windows-dbg\boost\build\be5942cda3c3f2780e89dae0e486e1dd\thread_clock.obj" "C:\vcpkg\buildtrees\boost-chrono\x86-windows-dbg\boost\build\be5942cda3c3f2780e89dae0e486e1dd\process_cpu_clocks.obj"      /DEBUG -machine:X86 -nologo -debug -INCREMENTAL /MACHINE:X86 /MANIFEST:EMBED /subsystem:console /out:"C:\vcpkg\buildtrees\boost-chrono\x86-windows-dbg\boost\build\be5942cda3c3f2780e89dae0e486e1dd\boost_chrono-vc143-mt-gd-x32-1_78.dll"   /DLL /IMPLIB:"C:\vcpkg\buildtrees\boost-chrono\x86-windows-dbg\boost\build\be5942cda3c3f2780e89dae0e486e1dd\boost_chrono-vc143-mt-gd-x32-1_78.lib" 
    
   Creando biblioteca C:\vcpkg\buildtrees\boost-chrono\x86-windows-dbg\boost\build\be5942cda3c3f2780e89dae0e486e1dd\boost_chrono-vc143-mt-gd-x32-1_78.lib y objeto C:\vcpkg\buildtrees\boost-chrono\x86-windows-dbg\boost\build\be5942cda3c3f2780e89dae0e486e1dd\boost_chrono-vc143-mt-gd-x32-1_78.exp
common.copy C:\vcpkg\buildtrees\boost-chrono\x86-windows-dbg\stage\lib\boost_chrono-vc143-mt-gd-x32-1_78.dll

    copy /b "C:\vcpkg\buildtrees\boost-chrono\x86-windows-dbg\boost\build\be5942cda3c3f2780e89dae0e486e1dd\boost_chrono-vc143-mt-gd-x32-1_78.dll" + this-file-does-not-exist-A698EE7806899E69 "C:\vcpkg\buildtrees\boost-chrono\x86-windows-dbg\stage\lib\boost_chrono-vc143-mt-gd-x32-1_78.dll"

C:\vcpkg\buildtrees\boost-chrono\x86-windows-dbg\boost\build\be5942cda3c3f2780e89dae0e486e1dd\boost_chrono-vc143-mt-gd-x32-1_78.dll
        1 archivo(s) copiado(s).
common.copy C:\vcpkg\buildtrees\boost-chrono\x86-windows-dbg\stage\lib\boost_chrono-vc143-mt-gd-x32-1_78.lib

    copy /b "C:\vcpkg\buildtrees\boost-chrono\x86-windows-dbg\boost\build\be5942cda3c3f2780e89dae0e486e1dd\boost_chrono-vc143-mt-gd-x32-1_78.lib" + this-file-does-not-exist-A698EE7806899E69 "C:\vcpkg\buildtrees\boost-chrono\x86-windows-dbg\stage\lib\boost_chrono-vc143-mt-gd-x32-1_78.lib"

C:\vcpkg\buildtrees\boost-chrono\x86-windows-dbg\boost\build\be5942cda3c3f2780e89dae0e486e1dd\boost_chrono-vc143-mt-gd-x32-1_78.lib
        1 archivo(s) copiado(s).
common.copy C:\vcpkg\buildtrees\boost-chrono\x86-windows-dbg\stage\lib\boost_chrono-vc143-mt-gd-x32-1_78.pdb

    copy /b "C:\vcpkg\buildtrees\boost-chrono\x86-windows-dbg\boost\build\be5942cda3c3f2780e89dae0e486e1dd\boost_chrono-vc143-mt-gd-x32-1_78.pdb" + this-file-does-not-exist-A698EE7806899E69 "C:\vcpkg\buildtrees\boost-chrono\x86-windows-dbg\stage\lib\boost_chrono-vc143-mt-gd-x32-1_78.pdb"

C:\vcpkg\buildtrees\boost-chrono\x86-windows-dbg\boost\build\be5942cda3c3f2780e89dae0e486e1dd\boost_chrono-vc143-mt-gd-x32-1_78.pdb
        1 archivo(s) copiado(s).
[1/2] cmd.exe /C "cd /D C:\vcpkg\buildtrees\boost-chrono\x86-windows-dbg && C:\vcpkg\downloads\tools\cmake-3.22.2-windows\cmake-3.22.2-windows-i386\bin\cmake.exe -P cmake_install.cmake"
-- Install configuration: "Debug"
-- Installing: C:/vcpkg/packages/boost-chrono_x86-windows/debug/lib/boost_chrono-vc143-mt-gd-x32-1_78.lib
-- Installing: C:/vcpkg/packages/boost-chrono_x86-windows/debug/bin/boost_chrono-vc143-mt-gd-x32-1_78.dll
