msvc.read-setup <pC:\vcpkg\buildtrees\boost-filesystem\x86-windows-dbg\boost\standalone\msvc\fabbfd46c2a4e30dd1594f96c4cd44b2>msvc-setup.read
 
common.mkdir C:\vcpkg\buildtrees\boost-filesystem\x86-windows-dbg\boost

        if not exist "C:\vcpkg\buildtrees\boost-filesystem\x86-windows-dbg\boost\\" mkdir "C:\vcpkg\buildtrees\boost-filesystem\x86-windows-dbg\boost"
    
common.mkdir C:\vcpkg\buildtrees\boost-filesystem\x86-windows-dbg\boost\config

        if not exist "C:\vcpkg\buildtrees\boost-filesystem\x86-windows-dbg\boost\config\\" mkdir "C:\vcpkg\buildtrees\boost-filesystem\x86-windows-dbg\boost\config"
    
common.mkdir C:\vcpkg\buildtrees\boost-filesystem\x86-windows-dbg\boost\standalone

        if not exist "C:\vcpkg\buildtrees\boost-filesystem\x86-windows-dbg\boost\standalone\\" mkdir "C:\vcpkg\buildtrees\boost-filesystem\x86-windows-dbg\boost\standalone"
    
common.mkdir C:\vcpkg\buildtrees\boost-filesystem\x86-windows-dbg\boost\config\be5942cda3c3f2780e89dae0e486e1dd

        if not exist "C:\vcpkg\buildtrees\boost-filesystem\x86-windows-dbg\boost\config\be5942cda3c3f2780e89dae0e486e1dd\\" mkdir "C:\vcpkg\buildtrees\boost-filesystem\x86-windows-dbg\boost\config\be5942cda3c3f2780e89dae0e486e1dd"
    
common.mkdir C:\vcpkg\buildtrees\boost-filesystem\x86-windows-dbg\boost\standalone\msvc

        if not exist "C:\vcpkg\buildtrees\boost-filesystem\x86-windows-dbg\boost\standalone\msvc\\" mkdir "C:\vcpkg\buildtrees\boost-filesystem\x86-windows-dbg\boost\standalone\msvc"
    
common.mkdir C:\vcpkg\buildtrees\boost-filesystem\x86-windows-dbg\boost\standalone\msvc\fabbfd46c2a4e30dd1594f96c4cd44b2

        if not exist "C:\vcpkg\buildtrees\boost-filesystem\x86-windows-dbg\boost\standalone\msvc\fabbfd46c2a4e30dd1594f96c4cd44b2\\" mkdir "C:\vcpkg\buildtrees\boost-filesystem\x86-windows-dbg\boost\standalone\msvc\fabbfd46c2a4e30dd1594f96c4cd44b2"
    

file C:\Users\pulpo\AppData\Local\Temp\jam3ffc1afa.000

msvc.write-setup-script C:\vcpkg\buildtrees\boost-filesystem\x86-windows-dbg\boost\standalone\msvc\fabbfd46c2a4e30dd1594f96c4cd44b2\msvc-setup.bat

    type "C:\Users\pulpo\AppData\Local\Temp\jam3ffc1afa.000" > "C:\vcpkg\buildtrees\boost-filesystem\x86-windows-dbg\boost\standalone\msvc\fabbfd46c2a4e30dd1594f96c4cd44b2\msvc-setup.bat"

compile-c-c++ C:\vcpkg\buildtrees\boost-filesystem\x86-windows-dbg\boost\config\be5942cda3c3f2780e89dae0e486e1dd\has_cxx20_atomic_ref.obj

    call "C:\vcpkg\buildtrees\boost-filesystem\x86-windows-dbg\boost\standalone\msvc\fabbfd46c2a4e30dd1594f96c4cd44b2\msvc-setup.bat" x86 >nul
 cl "..\config\has_cxx20_atomic_ref.cpp" -c -Fo"C:\vcpkg\buildtrees\boost-filesystem\x86-windows-dbg\boost\config\be5942cda3c3f2780e89dae0e486e1dd\has_cxx20_atomic_ref.obj"     -TP /wd4675 /EHs /GR /Zc:throwingNew -nologo -DWIN32 -D_WINDOWS -W3 -utf-8 -GR -EHsc -MP -D_DEBUG -MDd -Z7 -Ob0 -Od -RTC1 /Z7 /Od /Ob0 /W3 /MDd /Zc:forScope /Zc:wchar_t /Zc:inline -DBOOST_ALL_NO_LIB=1 "-I..\include" "-IC:\vcpkg\installed\x86-windows\include" "-I..\src" 

has_cxx20_atomic_ref.cpp
..\config\has_cxx20_atomic_ref.cpp(15): error C2039: "atomic_ref": no es un miembro de "std"
C:\Program Files\Microsoft Visual Studio\2022\Community\VC\Tools\MSVC\14.31.31103\include\atomic(129): note: vea la declaración de 'std'
..\config\has_cxx20_atomic_ref.cpp(15): error C2065: 'atomic_ref': identificador no declarado
..\config\has_cxx20_atomic_ref.cpp(15): error C2059: error de sintaxis: '>'
..\config\has_cxx20_atomic_ref.cpp(16): error C2065: 'ref': identificador no declarado
..\config\has_cxx20_atomic_ref.cpp(17): error C2065: 'ref': identificador no declarado
...failed updating 1 target...
compile-c-c++ C:\vcpkg\buildtrees\boost-filesystem\x86-windows-dbg\boost\config\be5942cda3c3f2780e89dae0e486e1dd\has_statx.obj

    call "C:\vcpkg\buildtrees\boost-filesystem\x86-windows-dbg\boost\standalone\msvc\fabbfd46c2a4e30dd1594f96c4cd44b2\msvc-setup.bat" x86 >nul
 cl "..\config\has_statx.cpp" -c -Fo"C:\vcpkg\buildtrees\boost-filesystem\x86-windows-dbg\boost\config\be5942cda3c3f2780e89dae0e486e1dd\has_statx.obj"     -TP /wd4675 /EHs /GR /Zc:throwingNew -nologo -DWIN32 -D_WINDOWS -W3 -utf-8 -GR -EHsc -MP -D_DEBUG -MDd -Z7 -Ob0 -Od -RTC1 /Z7 /Od /Ob0 /W3 /MDd /Zc:forScope /Zc:wchar_t /Zc:inline -DBOOST_ALL_NO_LIB=1 "-I..\include" "-IC:\vcpkg\installed\x86-windows\include" "-I..\src" 

has_statx.cpp
..\config\has_statx.cpp(12): fatal error C1083: No se puede abrir el archivo incluir: 'unistd.h': No such file or directory
...failed updating 1 target...
compile-c-c++ C:\vcpkg\buildtrees\boost-filesystem\x86-windows-dbg\boost\config\be5942cda3c3f2780e89dae0e486e1dd\has_statx_syscall.obj

    call "C:\vcpkg\buildtrees\boost-filesystem\x86-windows-dbg\boost\standalone\msvc\fabbfd46c2a4e30dd1594f96c4cd44b2\msvc-setup.bat" x86 >nul
 cl "..\config\has_statx_syscall.cpp" -c -Fo"C:\vcpkg\buildtrees\boost-filesystem\x86-windows-dbg\boost\config\be5942cda3c3f2780e89dae0e486e1dd\has_statx_syscall.obj"     -TP /wd4675 /EHs /GR /Zc:throwingNew -nologo -DWIN32 -D_WINDOWS -W3 -utf-8 -GR -EHsc -MP -D_DEBUG -MDd -Z7 -Ob0 -Od -RTC1 /Z7 /Od /Ob0 /W3 /MDd /Zc:forScope /Zc:wchar_t /Zc:inline -DBOOST_ALL_NO_LIB=1 "-I..\include" "-IC:\vcpkg\installed\x86-windows\include" "-I..\src" 

has_statx_syscall.cpp
..\config\has_statx_syscall.cpp(10): fatal error C1083: No se puede abrir el archivo incluir: 'sys/syscall.h': No such file or directory
...failed updating 1 target...
compile-c-c++ C:\vcpkg\buildtrees\boost-filesystem\x86-windows-dbg\boost\config\be5942cda3c3f2780e89dae0e486e1dd\has_bcrypt.obj

    call "C:\vcpkg\buildtrees\boost-filesystem\x86-windows-dbg\boost\standalone\msvc\fabbfd46c2a4e30dd1594f96c4cd44b2\msvc-setup.bat" x86 >nul
 cl "..\config\has_bcrypt.cpp" -c -Fo"C:\vcpkg\buildtrees\boost-filesystem\x86-windows-dbg\boost\config\be5942cda3c3f2780e89dae0e486e1dd\has_bcrypt.obj"     -TP /wd4675 /EHs /GR /Zc:throwingNew -nologo -DWIN32 -D_WINDOWS -W3 -utf-8 -GR -EHsc -MP -D_DEBUG -MDd -Z7 -Ob0 -Od -RTC1 /Z7 /Od /Ob0 /W3 /MDd /Zc:forScope /Zc:wchar_t /Zc:inline -DBOOST_ALL_NO_LIB=1 "-I..\include" "-IC:\vcpkg\installed\x86-windows\include" "-I..\src" 

has_bcrypt.cpp
msvc.link C:\vcpkg\buildtrees\boost-filesystem\x86-windows-dbg\boost\config\be5942cda3c3f2780e89dae0e486e1dd\has_bcrypt.exe

        call "C:\vcpkg\buildtrees\boost-filesystem\x86-windows-dbg\boost\standalone\msvc\fabbfd46c2a4e30dd1594f96c4cd44b2\msvc-setup.bat" x86 >nul
 link /NOLOGO /INCREMENTAL:NO "C:\vcpkg\buildtrees\boost-filesystem\x86-windows-dbg\boost\config\be5942cda3c3f2780e89dae0e486e1dd\has_bcrypt.obj"    "bcrypt.lib"  /DEBUG -machine:X86 -nologo -debug -INCREMENTAL /MACHINE:X86 /MANIFEST:EMBED /subsystem:console /out:"C:\vcpkg\buildtrees\boost-filesystem\x86-windows-dbg\boost\config\be5942cda3c3f2780e89dae0e486e1dd\has_bcrypt.exe"  
    
compile-c-c++ C:\vcpkg\buildtrees\boost-filesystem\x86-windows-dbg\boost\config\be5942cda3c3f2780e89dae0e486e1dd\has_attribute_init_priority.obj

    call "C:\vcpkg\buildtrees\boost-filesystem\x86-windows-dbg\boost\standalone\msvc\fabbfd46c2a4e30dd1594f96c4cd44b2\msvc-setup.bat" x86 >nul
 cl "..\config\has_attribute_init_priority.cpp" -c -Fo"C:\vcpkg\buildtrees\boost-filesystem\x86-windows-dbg\boost\config\be5942cda3c3f2780e89dae0e486e1dd\has_attribute_init_priority.obj"     -TP /wd4675 /EHs /GR /Zc:throwingNew -nologo -DWIN32 -D_WINDOWS -W3 -utf-8 -GR -EHsc -MP -D_DEBUG -MDd -Z7 -Ob0 -Od -RTC1 /Z7 /Od /Ob0 /W3 /MDd /Zc:forScope /Zc:wchar_t /Zc:inline -DBOOST_ALL_NO_LIB=1 "-I..\include" "-IC:\vcpkg\installed\x86-windows\include" "-I..\src" 

has_attribute_init_priority.cpp
..\config\has_attribute_init_priority.cpp(14): error C3861: 'init_priority': no se encontró el identificador
..\config\has_attribute_init_priority.cpp(14): error C4430: falta el especificador de tipo; se presupone int. Nota: C++ no admite default-int
..\config\has_attribute_init_priority.cpp(15): error C2146: error de sintaxis: falta ';' delante del identificador 'global_class'
...failed updating 1 target...
compile-c-c++ C:\vcpkg\buildtrees\boost-filesystem\x86-windows-dbg\boost\config\be5942cda3c3f2780e89dae0e486e1dd\has_stat_st_mtim.obj

    call "C:\vcpkg\buildtrees\boost-filesystem\x86-windows-dbg\boost\standalone\msvc\fabbfd46c2a4e30dd1594f96c4cd44b2\msvc-setup.bat" x86 >nul
 cl "..\config\has_stat_st_mtim.cpp" -c -Fo"C:\vcpkg\buildtrees\boost-filesystem\x86-windows-dbg\boost\config\be5942cda3c3f2780e89dae0e486e1dd\has_stat_st_mtim.obj"     -TP /wd4675 /EHs /GR /Zc:throwingNew -nologo -DWIN32 -D_WINDOWS -W3 -utf-8 -GR -EHsc -MP -D_DEBUG -MDd -Z7 -Ob0 -Od -RTC1 /Z7 /Od /Ob0 /W3 /MDd /Zc:forScope /Zc:wchar_t /Zc:inline -DBOOST_ALL_NO_LIB=1 "-I..\include" "-IC:\vcpkg\installed\x86-windows\include" "-I..\src" 

has_stat_st_mtim.cpp
..\config\has_stat_st_mtim.cpp(12): fatal error C1083: No se puede abrir el archivo incluir: 'unistd.h': No such file or directory
...failed updating 1 target...
compile-c-c++ C:\vcpkg\buildtrees\boost-filesystem\x86-windows-dbg\boost\config\be5942cda3c3f2780e89dae0e486e1dd\has_stat_st_mtimensec.obj

    call "C:\vcpkg\buildtrees\boost-filesystem\x86-windows-dbg\boost\standalone\msvc\fabbfd46c2a4e30dd1594f96c4cd44b2\msvc-setup.bat" x86 >nul
 cl "..\config\has_stat_st_mtimensec.cpp" -c -Fo"C:\vcpkg\buildtrees\boost-filesystem\x86-windows-dbg\boost\config\be5942cda3c3f2780e89dae0e486e1dd\has_stat_st_mtimensec.obj"     -TP /wd4675 /EHs /GR /Zc:throwingNew -nologo -DWIN32 -D_WINDOWS -W3 -utf-8 -GR -EHsc -MP -D_DEBUG -MDd -Z7 -Ob0 -Od -RTC1 /Z7 /Od /Ob0 /W3 /MDd /Zc:forScope /Zc:wchar_t /Zc:inline -DBOOST_ALL_NO_LIB=1 "-I..\include" "-IC:\vcpkg\installed\x86-windows\include" "-I..\src" 

has_stat_st_mtimensec.cpp
..\config\has_stat_st_mtimensec.cpp(12): fatal error C1083: No se puede abrir el archivo incluir: 'unistd.h': No such file or directory
...failed updating 1 target...
compile-c-c++ C:\vcpkg\buildtrees\boost-filesystem\x86-windows-dbg\boost\config\be5942cda3c3f2780e89dae0e486e1dd\has_stat_st_mtimespec.obj

    call "C:\vcpkg\buildtrees\boost-filesystem\x86-windows-dbg\boost\standalone\msvc\fabbfd46c2a4e30dd1594f96c4cd44b2\msvc-setup.bat" x86 >nul
 cl "..\config\has_stat_st_mtimespec.cpp" -c -Fo"C:\vcpkg\buildtrees\boost-filesystem\x86-windows-dbg\boost\config\be5942cda3c3f2780e89dae0e486e1dd\has_stat_st_mtimespec.obj"     -TP /wd4675 /EHs /GR /Zc:throwingNew -nologo -DWIN32 -D_WINDOWS -W3 -utf-8 -GR -EHsc -MP -D_DEBUG -MDd -Z7 -Ob0 -Od -RTC1 /Z7 /Od /Ob0 /W3 /MDd /Zc:forScope /Zc:wchar_t /Zc:inline -DBOOST_ALL_NO_LIB=1 "-I..\include" "-IC:\vcpkg\installed\x86-windows\include" "-I..\src" 

has_stat_st_mtimespec.cpp
..\config\has_stat_st_mtimespec.cpp(12): fatal error C1083: No se puede abrir el archivo incluir: 'unistd.h': No such file or directory
...failed updating 1 target...
compile-c-c++ C:\vcpkg\buildtrees\boost-filesystem\x86-windows-dbg\boost\config\be5942cda3c3f2780e89dae0e486e1dd\has_stat_st_birthtim.obj

    call "C:\vcpkg\buildtrees\boost-filesystem\x86-windows-dbg\boost\standalone\msvc\fabbfd46c2a4e30dd1594f96c4cd44b2\msvc-setup.bat" x86 >nul
 cl "..\config\has_stat_st_birthtim.cpp" -c -Fo"C:\vcpkg\buildtrees\boost-filesystem\x86-windows-dbg\boost\config\be5942cda3c3f2780e89dae0e486e1dd\has_stat_st_birthtim.obj"     -TP /wd4675 /EHs /GR /Zc:throwingNew -nologo -DWIN32 -D_WINDOWS -W3 -utf-8 -GR -EHsc -MP -D_DEBUG -MDd -Z7 -Ob0 -Od -RTC1 /Z7 /Od /Ob0 /W3 /MDd /Zc:forScope /Zc:wchar_t /Zc:inline -DBOOST_ALL_NO_LIB=1 "-I..\include" "-IC:\vcpkg\installed\x86-windows\include" "-I..\src" 

has_stat_st_birthtim.cpp
..\config\has_stat_st_birthtim.cpp(12): fatal error C1083: No se puede abrir el archivo incluir: 'unistd.h': No such file or directory
...failed updating 1 target...
compile-c-c++ C:\vcpkg\buildtrees\boost-filesystem\x86-windows-dbg\boost\config\be5942cda3c3f2780e89dae0e486e1dd\has_stat_st_birthtimensec.obj

    call "C:\vcpkg\buildtrees\boost-filesystem\x86-windows-dbg\boost\standalone\msvc\fabbfd46c2a4e30dd1594f96c4cd44b2\msvc-setup.bat" x86 >nul
 cl "..\config\has_stat_st_birthtimensec.cpp" -c -Fo"C:\vcpkg\buildtrees\boost-filesystem\x86-windows-dbg\boost\config\be5942cda3c3f2780e89dae0e486e1dd\has_stat_st_birthtimensec.obj"     -TP /wd4675 /EHs /GR /Zc:throwingNew -nologo -DWIN32 -D_WINDOWS -W3 -utf-8 -GR -EHsc -MP -D_DEBUG -MDd -Z7 -Ob0 -Od -RTC1 /Z7 /Od /Ob0 /W3 /MDd /Zc:forScope /Zc:wchar_t /Zc:inline -DBOOST_ALL_NO_LIB=1 "-I..\include" "-IC:\vcpkg\installed\x86-windows\include" "-I..\src" 

has_stat_st_birthtimensec.cpp
..\config\has_stat_st_birthtimensec.cpp(12): fatal error C1083: No se puede abrir el archivo incluir: 'unistd.h': No such file or directory
...failed updating 1 target...
compile-c-c++ C:\vcpkg\buildtrees\boost-filesystem\x86-windows-dbg\boost\config\be5942cda3c3f2780e89dae0e486e1dd\has_stat_st_birthtimespec.obj

    call "C:\vcpkg\buildtrees\boost-filesystem\x86-windows-dbg\boost\standalone\msvc\fabbfd46c2a4e30dd1594f96c4cd44b2\msvc-setup.bat" x86 >nul
 cl "..\config\has_stat_st_birthtimespec.cpp" -c -Fo"C:\vcpkg\buildtrees\boost-filesystem\x86-windows-dbg\boost\config\be5942cda3c3f2780e89dae0e486e1dd\has_stat_st_birthtimespec.obj"     -TP /wd4675 /EHs /GR /Zc:throwingNew -nologo -DWIN32 -D_WINDOWS -W3 -utf-8 -GR -EHsc -MP -D_DEBUG -MDd -Z7 -Ob0 -Od -RTC1 /Z7 /Od /Ob0 /W3 /MDd /Zc:forScope /Zc:wchar_t /Zc:inline -DBOOST_ALL_NO_LIB=1 "-I..\include" "-IC:\vcpkg\installed\x86-windows\include" "-I..\src" 

has_stat_st_birthtimespec.cpp
..\config\has_stat_st_birthtimespec.cpp(12): fatal error C1083: No se puede abrir el archivo incluir: 'unistd.h': No such file or directory
...failed updating 1 target...

file C:\Users\pulpo\AppData\Local\Temp\jam3ffc1afb.000
# Automatically generated by B2.
# Do not edit.

module config-cache {
  set "has std::atomic_ref-<address-model>32-<architecture>x86-<threadapi>win32-<threading>multi-<toolset-msvc:version>143-<toolset>msvc-<variant>debug" : "false" ;
  set "has statx-<address-model>32-<architecture>x86-<threadapi>win32-<threading>multi-<toolset-msvc:version>143-<toolset>msvc-<variant>debug" : "false" ;
  set "has statx syscall-<address-model>32-<architecture>x86-<threadapi>win32-<threading>multi-<toolset-msvc:version>143-<toolset>msvc-<variant>debug" : "false" ;
  set "has BCrypt API-<address-model>32-<architecture>x86-<threadapi>win32-<threading>multi-<toolset-msvc:version>143-<toolset>msvc-<variant>debug" : "true" ;
  set "has init_priority attribute-<address-model>32-<architecture>x86-<threadapi>win32-<threading>multi-<toolset-msvc:version>143-<toolset>msvc-<variant>debug" : "false" ;
  set "has stat::st_blksize-<address-model>32-<architecture>x86-<threadapi>win32-<threading>multi-<toolset-msvc:version>143-<toolset>msvc-<variant>debug" : "false" ;
  set "has stat::st_mtim-<address-model>32-<architecture>x86-<threadapi>win32-<threading>multi-<toolset-msvc:version>143-<toolset>msvc-<variant>debug" : "false" ;
  set "has stat::st_mtimensec-<address-model>32-<architecture>x86-<threadapi>win32-<threading>multi-<toolset-msvc:version>143-<toolset>msvc-<variant>debug" : "false" ;
  set "has stat::st_mtimespec-<address-model>32-<architecture>x86-<threadapi>win32-<threading>multi-<toolset-msvc:version>143-<toolset>msvc-<variant>debug" : "false" ;
  set "has stat::st_birthtim-<address-model>32-<architecture>x86-<threadapi>win32-<threading>multi-<toolset-msvc:version>143-<toolset>msvc-<variant>debug" : "false" ;
  set "has stat::st_birthtimensec-<address-model>32-<architecture>x86-<threadapi>win32-<threading>multi-<toolset-msvc:version>143-<toolset>msvc-<variant>debug" : "false" ;
  set "has stat::st_birthtimespec-<address-model>32-<architecture>x86-<threadapi>win32-<threading>multi-<toolset-msvc:version>143-<toolset>msvc-<variant>debug" : "false" ;
}

config-cache.write C:\vcpkg\buildtrees\boost-filesystem\x86-windows-dbg\boost\project-cache.jam

    type "C:\Users\pulpo\AppData\Local\Temp\jam3ffc1afb.000" > "C:\vcpkg\buildtrees\boost-filesystem\x86-windows-dbg\boost\project-cache.jam"

