msvc.read-setup <pC:\vcpkg\buildtrees\boost-math\x86-windows-rel\boost\standalone\msvc\fabbfd46c2a4e30dd1594f96c4cd44b2>msvc-setup.read
 
common.mkdir C:\vcpkg\buildtrees\boost-math\x86-windows-rel\boost

        if not exist "C:\vcpkg\buildtrees\boost-math\x86-windows-rel\boost\\" mkdir "C:\vcpkg\buildtrees\boost-math\x86-windows-rel\boost"
    
common.mkdir C:\vcpkg\buildtrees\boost-math\x86-windows-rel\boost\standalone

        if not exist "C:\vcpkg\buildtrees\boost-math\x86-windows-rel\boost\standalone\\" mkdir "C:\vcpkg\buildtrees\boost-math\x86-windows-rel\boost\standalone"
    
common.mkdir C:\vcpkg\buildtrees\boost-math\x86-windows-rel\boost\config

        if not exist "C:\vcpkg\buildtrees\boost-math\x86-windows-rel\boost\config\\" mkdir "C:\vcpkg\buildtrees\boost-math\x86-windows-rel\boost\config"
    
common.mkdir C:\vcpkg\buildtrees\boost-math\x86-windows-rel\boost\standalone\msvc

        if not exist "C:\vcpkg\buildtrees\boost-math\x86-windows-rel\boost\standalone\msvc\\" mkdir "C:\vcpkg\buildtrees\boost-math\x86-windows-rel\boost\standalone\msvc"
    
common.mkdir C:\vcpkg\buildtrees\boost-math\x86-windows-rel\boost\config\7dbc51e91fe9e87de6b8b7cecdb66cf8

        if not exist "C:\vcpkg\buildtrees\boost-math\x86-windows-rel\boost\config\7dbc51e91fe9e87de6b8b7cecdb66cf8\\" mkdir "C:\vcpkg\buildtrees\boost-math\x86-windows-rel\boost\config\7dbc51e91fe9e87de6b8b7cecdb66cf8"
    
common.mkdir C:\vcpkg\buildtrees\boost-math\x86-windows-rel\boost\standalone\msvc\fabbfd46c2a4e30dd1594f96c4cd44b2

        if not exist "C:\vcpkg\buildtrees\boost-math\x86-windows-rel\boost\standalone\msvc\fabbfd46c2a4e30dd1594f96c4cd44b2\\" mkdir "C:\vcpkg\buildtrees\boost-math\x86-windows-rel\boost\standalone\msvc\fabbfd46c2a4e30dd1594f96c4cd44b2"
    

file C:\Users\pulpo\AppData\Local\Temp\jam372c1bbe.000

msvc.write-setup-script C:\vcpkg\buildtrees\boost-math\x86-windows-rel\boost\standalone\msvc\fabbfd46c2a4e30dd1594f96c4cd44b2\msvc-setup.bat

    type "C:\Users\pulpo\AppData\Local\Temp\jam372c1bbe.000" > "C:\vcpkg\buildtrees\boost-math\x86-windows-rel\boost\standalone\msvc\fabbfd46c2a4e30dd1594f96c4cd44b2\msvc-setup.bat"

compile-c-c++ C:\vcpkg\buildtrees\boost-math\x86-windows-rel\boost\config\7dbc51e91fe9e87de6b8b7cecdb66cf8\has_gcc_visibility.obj

    call "C:\vcpkg\buildtrees\boost-math\x86-windows-rel\boost\standalone\msvc\fabbfd46c2a4e30dd1594f96c4cd44b2\msvc-setup.bat" x86 >nul
 cl "..\config\has_gcc_visibility.cpp" -c -Fo"C:\vcpkg\buildtrees\boost-math\x86-windows-rel\boost\config\7dbc51e91fe9e87de6b8b7cecdb66cf8\has_gcc_visibility.obj"     -TP /wd4675 /EHs /GR /Zc:throwingNew -nologo -DWIN32 -D_WINDOWS -W3 -utf-8 -GR -EHsc -MP -MD -O2 -Oi -Gy -DNDEBUG -Z7 /O2 /Z7 /Ob2 /W3 /MD /Zc:forScope /Zc:wchar_t /Zc:inline /Gw -DBOOST_ALL_NO_LIB=1 -DNDEBUG "-I..\include" "-IC:\vcpkg\installed\x86-windows\include" 

has_gcc_visibility.cpp
..\config\has_gcc_visibility.cpp(7): fatal error C1189: #error:  "This is a GCC specific test case".
...failed updating 1 target...
compile-c-c++ C:\vcpkg\buildtrees\boost-math\x86-windows-rel\boost\config\7dbc51e91fe9e87de6b8b7cecdb66cf8\has_long_double_support.obj

    call "C:\vcpkg\buildtrees\boost-math\x86-windows-rel\boost\standalone\msvc\fabbfd46c2a4e30dd1594f96c4cd44b2\msvc-setup.bat" x86 >nul
 cl "..\config\has_long_double_support.cpp" -c -Fo"C:\vcpkg\buildtrees\boost-math\x86-windows-rel\boost\config\7dbc51e91fe9e87de6b8b7cecdb66cf8\has_long_double_support.obj"     -TP /wd4675 /EHs /GR /Zc:throwingNew -nologo -DWIN32 -D_WINDOWS -W3 -utf-8 -GR -EHsc -MP -MD -O2 -Oi -Gy -DNDEBUG -Z7 /O2 /Z7 /Ob2 /W3 /MD /Zc:forScope /Zc:wchar_t /Zc:inline /Gw -DBOOST_ALL_NO_LIB=1 -DNDEBUG "-I..\include" "-IC:\vcpkg\installed\x86-windows\include" 

has_long_double_support.cpp

file C:\Users\pulpo\AppData\Local\Temp\jam372c1bbf.000
# Automatically generated by B2.
# Do not edit.

module config-cache {
  set "gcc visibility-<address-model>32-<architecture>x86-<debug-symbols>on-<threadapi>win32-<threading>multi-<toolset-msvc:version>143-<toolset>msvc-<variant>release" : "false" ;
  set "long double support-<address-model>32-<architecture>x86-<debug-symbols>on-<threadapi>win32-<threading>multi-<toolset-msvc:version>143-<toolset>msvc-<variant>release" : "true" ;
}

config-cache.write C:\vcpkg\buildtrees\boost-math\x86-windows-rel\boost\project-cache.jam

    type "C:\Users\pulpo\AppData\Local\Temp\jam372c1bbf.000" > "C:\vcpkg\buildtrees\boost-math\x86-windows-rel\boost\project-cache.jam"

