msvc.read-setup <pC:\vcpkg\buildtrees\boost-iostreams\x86-windows-rel\boost\standalone\msvc\fabbfd46c2a4e30dd1594f96c4cd44b2>msvc-setup.read
 
common.mkdir C:\vcpkg\buildtrees\boost-iostreams\x86-windows-rel\boost

        if not exist "C:\vcpkg\buildtrees\boost-iostreams\x86-windows-rel\boost\\" mkdir "C:\vcpkg\buildtrees\boost-iostreams\x86-windows-rel\boost"
    
common.mkdir C:\vcpkg\buildtrees\boost-iostreams\x86-windows-rel\boost\standalone

        if not exist "C:\vcpkg\buildtrees\boost-iostreams\x86-windows-rel\boost\standalone\\" mkdir "C:\vcpkg\buildtrees\boost-iostreams\x86-windows-rel\boost\standalone"
    
common.mkdir C:\vcpkg\buildtrees\boost-iostreams\x86-windows-rel\boost\standalone\ac

        if not exist "C:\vcpkg\buildtrees\boost-iostreams\x86-windows-rel\boost\standalone\ac\\" mkdir "C:\vcpkg\buildtrees\boost-iostreams\x86-windows-rel\boost\standalone\ac"
    
common.mkdir C:\vcpkg\buildtrees\boost-iostreams\x86-windows-rel\boost\standalone\msvc

        if not exist "C:\vcpkg\buildtrees\boost-iostreams\x86-windows-rel\boost\standalone\msvc\\" mkdir "C:\vcpkg\buildtrees\boost-iostreams\x86-windows-rel\boost\standalone\msvc"
    
common.mkdir C:\vcpkg\buildtrees\boost-iostreams\x86-windows-rel\boost\standalone\ac\7dbc51e91fe9e87de6b8b7cecdb66cf8

        if not exist "C:\vcpkg\buildtrees\boost-iostreams\x86-windows-rel\boost\standalone\ac\7dbc51e91fe9e87de6b8b7cecdb66cf8\\" mkdir "C:\vcpkg\buildtrees\boost-iostreams\x86-windows-rel\boost\standalone\ac\7dbc51e91fe9e87de6b8b7cecdb66cf8"
    
common.mkdir C:\vcpkg\buildtrees\boost-iostreams\x86-windows-rel\boost\standalone\ac\d41d8cd98f00b204e9800998ecf8427e

        if not exist "C:\vcpkg\buildtrees\boost-iostreams\x86-windows-rel\boost\standalone\ac\d41d8cd98f00b204e9800998ecf8427e\\" mkdir "C:\vcpkg\buildtrees\boost-iostreams\x86-windows-rel\boost\standalone\ac\d41d8cd98f00b204e9800998ecf8427e"
    

file C:\Users\pulpo\AppData\Local\Temp\jam2d581cd4.000
int main() {}
common.mkdir C:\vcpkg\buildtrees\boost-iostreams\x86-windows-rel\boost\standalone\msvc\fabbfd46c2a4e30dd1594f96c4cd44b2

        if not exist "C:\vcpkg\buildtrees\boost-iostreams\x86-windows-rel\boost\standalone\msvc\fabbfd46c2a4e30dd1594f96c4cd44b2\\" mkdir "C:\vcpkg\buildtrees\boost-iostreams\x86-windows-rel\boost\standalone\msvc\fabbfd46c2a4e30dd1594f96c4cd44b2"
    

file C:\Users\pulpo\AppData\Local\Temp\jam2d581cd5.000

text-action C:\vcpkg\buildtrees\boost-iostreams\x86-windows-rel\boost\standalone\ac\d41d8cd98f00b204e9800998ecf8427e\main-z.cpp

    type "C:\Users\pulpo\AppData\Local\Temp\jam2d581cd4.000" > "C:\vcpkg\buildtrees\boost-iostreams\x86-windows-rel\boost\standalone\ac\d41d8cd98f00b204e9800998ecf8427e\main-z.cpp"

msvc.write-setup-script C:\vcpkg\buildtrees\boost-iostreams\x86-windows-rel\boost\standalone\msvc\fabbfd46c2a4e30dd1594f96c4cd44b2\msvc-setup.bat

    type "C:\Users\pulpo\AppData\Local\Temp\jam2d581cd5.000" > "C:\vcpkg\buildtrees\boost-iostreams\x86-windows-rel\boost\standalone\msvc\fabbfd46c2a4e30dd1594f96c4cd44b2\msvc-setup.bat"

compile-c-c++ C:\vcpkg\buildtrees\boost-iostreams\x86-windows-rel\boost\standalone\ac\7dbc51e91fe9e87de6b8b7cecdb66cf8\main-z.obj

    call "C:\vcpkg\buildtrees\boost-iostreams\x86-windows-rel\boost\standalone\msvc\fabbfd46c2a4e30dd1594f96c4cd44b2\msvc-setup.bat" x86 >nul
 cl "C:\vcpkg\buildtrees\boost-iostreams\x86-windows-rel\boost\standalone\ac\d41d8cd98f00b204e9800998ecf8427e\main-z.cpp" -c -Fo"C:\vcpkg\buildtrees\boost-iostreams\x86-windows-rel\boost\standalone\ac\7dbc51e91fe9e87de6b8b7cecdb66cf8\main-z.obj"     -TP /wd4675 /EHs /GR /Zc:throwingNew -nologo -DWIN32 -D_WINDOWS -W3 -utf-8 -GR -EHsc -MP -MD -O2 -Oi -Gy -DNDEBUG -Z7 /O2 /Z7 /Ob2 /W3 /MD /Zc:forScope /Zc:wchar_t /Zc:inline /Gw -DNDEBUG 

main-z.cpp
msvc.link C:\vcpkg\buildtrees\boost-iostreams\x86-windows-rel\boost\standalone\ac\7dbc51e91fe9e87de6b8b7cecdb66cf8\z.exe

        call "C:\vcpkg\buildtrees\boost-iostreams\x86-windows-rel\boost\standalone\msvc\fabbfd46c2a4e30dd1594f96c4cd44b2\msvc-setup.bat" x86 >nul
 link /NOLOGO /INCREMENTAL:NO "C:\vcpkg\buildtrees\boost-iostreams\x86-windows-rel\boost\standalone\ac\7dbc51e91fe9e87de6b8b7cecdb66cf8\main-z.obj"    "z.lib"  /DEBUG /MACHINE:X86 /MANIFEST:EMBED /OPT:REF,ICF /subsystem:console /out:"C:\vcpkg\buildtrees\boost-iostreams\x86-windows-rel\boost\standalone\ac\7dbc51e91fe9e87de6b8b7cecdb66cf8\z.exe" /LIBPATH:"C:\vcpkg\installed\x86-windows\lib" 
    
LINK : fatal error LNK1181: no se puede abrir el archivo de entrada 'z.lib'
...removing C:\vcpkg\buildtrees\boost-iostreams\x86-windows-rel\boost\standalone\ac\7dbc51e91fe9e87de6b8b7cecdb66cf8\z.pdb
...failed updating 1 target...

file C:\Users\pulpo\AppData\Local\Temp\jam2d581cd6.000
int main() {}
text-action C:\vcpkg\buildtrees\boost-iostreams\x86-windows-rel\boost\standalone\ac\d41d8cd98f00b204e9800998ecf8427e\main-zlib.cpp

    type "C:\Users\pulpo\AppData\Local\Temp\jam2d581cd6.000" > "C:\vcpkg\buildtrees\boost-iostreams\x86-windows-rel\boost\standalone\ac\d41d8cd98f00b204e9800998ecf8427e\main-zlib.cpp"

compile-c-c++ C:\vcpkg\buildtrees\boost-iostreams\x86-windows-rel\boost\standalone\ac\7dbc51e91fe9e87de6b8b7cecdb66cf8\main-zlib.obj

    call "C:\vcpkg\buildtrees\boost-iostreams\x86-windows-rel\boost\standalone\msvc\fabbfd46c2a4e30dd1594f96c4cd44b2\msvc-setup.bat" x86 >nul
 cl "C:\vcpkg\buildtrees\boost-iostreams\x86-windows-rel\boost\standalone\ac\d41d8cd98f00b204e9800998ecf8427e\main-zlib.cpp" -c -Fo"C:\vcpkg\buildtrees\boost-iostreams\x86-windows-rel\boost\standalone\ac\7dbc51e91fe9e87de6b8b7cecdb66cf8\main-zlib.obj"     -TP /wd4675 /EHs /GR /Zc:throwingNew -nologo -DWIN32 -D_WINDOWS -W3 -utf-8 -GR -EHsc -MP -MD -O2 -Oi -Gy -DNDEBUG -Z7 /O2 /Z7 /Ob2 /W3 /MD /Zc:forScope /Zc:wchar_t /Zc:inline /Gw -DNDEBUG 

main-zlib.cpp
msvc.link C:\vcpkg\buildtrees\boost-iostreams\x86-windows-rel\boost\standalone\ac\7dbc51e91fe9e87de6b8b7cecdb66cf8\zlib.exe

        call "C:\vcpkg\buildtrees\boost-iostreams\x86-windows-rel\boost\standalone\msvc\fabbfd46c2a4e30dd1594f96c4cd44b2\msvc-setup.bat" x86 >nul
 link /NOLOGO /INCREMENTAL:NO "C:\vcpkg\buildtrees\boost-iostreams\x86-windows-rel\boost\standalone\ac\7dbc51e91fe9e87de6b8b7cecdb66cf8\main-zlib.obj"    "zlib.lib"  /DEBUG /MACHINE:X86 /MANIFEST:EMBED /OPT:REF,ICF /subsystem:console /out:"C:\vcpkg\buildtrees\boost-iostreams\x86-windows-rel\boost\standalone\ac\7dbc51e91fe9e87de6b8b7cecdb66cf8\zlib.exe" /LIBPATH:"C:\vcpkg\installed\x86-windows\lib" 
    

file C:\Users\pulpo\AppData\Local\Temp\jam2d581cd7.000
int main() {}
text-action C:\vcpkg\buildtrees\boost-iostreams\x86-windows-rel\boost\standalone\ac\d41d8cd98f00b204e9800998ecf8427e\main-bz2.cpp

    type "C:\Users\pulpo\AppData\Local\Temp\jam2d581cd7.000" > "C:\vcpkg\buildtrees\boost-iostreams\x86-windows-rel\boost\standalone\ac\d41d8cd98f00b204e9800998ecf8427e\main-bz2.cpp"

compile-c-c++ C:\vcpkg\buildtrees\boost-iostreams\x86-windows-rel\boost\standalone\ac\7dbc51e91fe9e87de6b8b7cecdb66cf8\main-bz2.obj

    call "C:\vcpkg\buildtrees\boost-iostreams\x86-windows-rel\boost\standalone\msvc\fabbfd46c2a4e30dd1594f96c4cd44b2\msvc-setup.bat" x86 >nul
 cl "C:\vcpkg\buildtrees\boost-iostreams\x86-windows-rel\boost\standalone\ac\d41d8cd98f00b204e9800998ecf8427e\main-bz2.cpp" -c -Fo"C:\vcpkg\buildtrees\boost-iostreams\x86-windows-rel\boost\standalone\ac\7dbc51e91fe9e87de6b8b7cecdb66cf8\main-bz2.obj"     -TP /wd4675 /EHs /GR /Zc:throwingNew -nologo -DWIN32 -D_WINDOWS -W3 -utf-8 -GR -EHsc -MP -MD -O2 -Oi -Gy -DNDEBUG -Z7 /O2 /Z7 /Ob2 /W3 /MD /Zc:forScope /Zc:wchar_t /Zc:inline /Gw -DNDEBUG 

main-bz2.cpp
msvc.link C:\vcpkg\buildtrees\boost-iostreams\x86-windows-rel\boost\standalone\ac\7dbc51e91fe9e87de6b8b7cecdb66cf8\bz2.exe

        call "C:\vcpkg\buildtrees\boost-iostreams\x86-windows-rel\boost\standalone\msvc\fabbfd46c2a4e30dd1594f96c4cd44b2\msvc-setup.bat" x86 >nul
 link /NOLOGO /INCREMENTAL:NO "C:\vcpkg\buildtrees\boost-iostreams\x86-windows-rel\boost\standalone\ac\7dbc51e91fe9e87de6b8b7cecdb66cf8\main-bz2.obj"    "bz2.lib"  /DEBUG /MACHINE:X86 /MANIFEST:EMBED /OPT:REF,ICF /subsystem:console /out:"C:\vcpkg\buildtrees\boost-iostreams\x86-windows-rel\boost\standalone\ac\7dbc51e91fe9e87de6b8b7cecdb66cf8\bz2.exe" /LIBPATH:"C:\vcpkg\installed\x86-windows\lib" 
    

file C:\Users\pulpo\AppData\Local\Temp\jam2d581cd8.000
int main() {}
text-action C:\vcpkg\buildtrees\boost-iostreams\x86-windows-rel\boost\standalone\ac\d41d8cd98f00b204e9800998ecf8427e\main-lzma.cpp

    type "C:\Users\pulpo\AppData\Local\Temp\jam2d581cd8.000" > "C:\vcpkg\buildtrees\boost-iostreams\x86-windows-rel\boost\standalone\ac\d41d8cd98f00b204e9800998ecf8427e\main-lzma.cpp"

compile-c-c++ C:\vcpkg\buildtrees\boost-iostreams\x86-windows-rel\boost\standalone\ac\7dbc51e91fe9e87de6b8b7cecdb66cf8\main-lzma.obj

    call "C:\vcpkg\buildtrees\boost-iostreams\x86-windows-rel\boost\standalone\msvc\fabbfd46c2a4e30dd1594f96c4cd44b2\msvc-setup.bat" x86 >nul
 cl "C:\vcpkg\buildtrees\boost-iostreams\x86-windows-rel\boost\standalone\ac\d41d8cd98f00b204e9800998ecf8427e\main-lzma.cpp" -c -Fo"C:\vcpkg\buildtrees\boost-iostreams\x86-windows-rel\boost\standalone\ac\7dbc51e91fe9e87de6b8b7cecdb66cf8\main-lzma.obj"     -TP /wd4675 /EHs /GR /Zc:throwingNew -nologo -DWIN32 -D_WINDOWS -W3 -utf-8 -GR -EHsc -MP -MD -O2 -Oi -Gy -DNDEBUG -Z7 /O2 /Z7 /Ob2 /W3 /MD /Zc:forScope /Zc:wchar_t /Zc:inline /Gw -DNDEBUG 

main-lzma.cpp
msvc.link C:\vcpkg\buildtrees\boost-iostreams\x86-windows-rel\boost\standalone\ac\7dbc51e91fe9e87de6b8b7cecdb66cf8\lzma.exe

        call "C:\vcpkg\buildtrees\boost-iostreams\x86-windows-rel\boost\standalone\msvc\fabbfd46c2a4e30dd1594f96c4cd44b2\msvc-setup.bat" x86 >nul
 link /NOLOGO /INCREMENTAL:NO "C:\vcpkg\buildtrees\boost-iostreams\x86-windows-rel\boost\standalone\ac\7dbc51e91fe9e87de6b8b7cecdb66cf8\main-lzma.obj"    "lzma.lib"  /DEBUG /MACHINE:X86 /MANIFEST:EMBED /OPT:REF,ICF /subsystem:console /out:"C:\vcpkg\buildtrees\boost-iostreams\x86-windows-rel\boost\standalone\ac\7dbc51e91fe9e87de6b8b7cecdb66cf8\lzma.exe" /LIBPATH:"C:\vcpkg\installed\x86-windows\lib" 
    

file C:\Users\pulpo\AppData\Local\Temp\jam2d581cd9.000
int main() {}
text-action C:\vcpkg\buildtrees\boost-iostreams\x86-windows-rel\boost\standalone\ac\d41d8cd98f00b204e9800998ecf8427e\main-zstd.cpp

    type "C:\Users\pulpo\AppData\Local\Temp\jam2d581cd9.000" > "C:\vcpkg\buildtrees\boost-iostreams\x86-windows-rel\boost\standalone\ac\d41d8cd98f00b204e9800998ecf8427e\main-zstd.cpp"

compile-c-c++ C:\vcpkg\buildtrees\boost-iostreams\x86-windows-rel\boost\standalone\ac\7dbc51e91fe9e87de6b8b7cecdb66cf8\main-zstd.obj

    call "C:\vcpkg\buildtrees\boost-iostreams\x86-windows-rel\boost\standalone\msvc\fabbfd46c2a4e30dd1594f96c4cd44b2\msvc-setup.bat" x86 >nul
 cl "C:\vcpkg\buildtrees\boost-iostreams\x86-windows-rel\boost\standalone\ac\d41d8cd98f00b204e9800998ecf8427e\main-zstd.cpp" -c -Fo"C:\vcpkg\buildtrees\boost-iostreams\x86-windows-rel\boost\standalone\ac\7dbc51e91fe9e87de6b8b7cecdb66cf8\main-zstd.obj"     -TP /wd4675 /EHs /GR /Zc:throwingNew -nologo -DWIN32 -D_WINDOWS -W3 -utf-8 -GR -EHsc -MP -MD -O2 -Oi -Gy -DNDEBUG -Z7 /O2 /Z7 /Ob2 /W3 /MD /Zc:forScope /Zc:wchar_t /Zc:inline /Gw -DNDEBUG 

main-zstd.cpp
msvc.link C:\vcpkg\buildtrees\boost-iostreams\x86-windows-rel\boost\standalone\ac\7dbc51e91fe9e87de6b8b7cecdb66cf8\zstd.exe

        call "C:\vcpkg\buildtrees\boost-iostreams\x86-windows-rel\boost\standalone\msvc\fabbfd46c2a4e30dd1594f96c4cd44b2\msvc-setup.bat" x86 >nul
 link /NOLOGO /INCREMENTAL:NO "C:\vcpkg\buildtrees\boost-iostreams\x86-windows-rel\boost\standalone\ac\7dbc51e91fe9e87de6b8b7cecdb66cf8\main-zstd.obj"    "zstd.lib"  /DEBUG /MACHINE:X86 /MANIFEST:EMBED /OPT:REF,ICF /subsystem:console /out:"C:\vcpkg\buildtrees\boost-iostreams\x86-windows-rel\boost\standalone\ac\7dbc51e91fe9e87de6b8b7cecdb66cf8\zstd.exe" /LIBPATH:"C:\vcpkg\installed\x86-windows\lib" 
    
common.mkdir C:\vcpkg\buildtrees\boost-iostreams\x86-windows-rel\boost\build

        if not exist "C:\vcpkg\buildtrees\boost-iostreams\x86-windows-rel\boost\build\\" mkdir "C:\vcpkg\buildtrees\boost-iostreams\x86-windows-rel\boost\build"
    
common.mkdir C:\vcpkg\buildtrees\boost-iostreams\x86-windows-rel\boost\build\7dbc51e91fe9e87de6b8b7cecdb66cf8

        if not exist "C:\vcpkg\buildtrees\boost-iostreams\x86-windows-rel\boost\build\7dbc51e91fe9e87de6b8b7cecdb66cf8\\" mkdir "C:\vcpkg\buildtrees\boost-iostreams\x86-windows-rel\boost\build\7dbc51e91fe9e87de6b8b7cecdb66cf8"
    
compile-c-c++ C:\vcpkg\buildtrees\boost-iostreams\x86-windows-rel\boost\build\7dbc51e91fe9e87de6b8b7cecdb66cf8\has_lzma_cputhreads.obj

    call "C:\vcpkg\buildtrees\boost-iostreams\x86-windows-rel\boost\standalone\msvc\fabbfd46c2a4e30dd1594f96c4cd44b2\msvc-setup.bat" x86 >nul
 cl "..\src\..\build\has_lzma_cputhreads.cpp" -c -Fo"C:\vcpkg\buildtrees\boost-iostreams\x86-windows-rel\boost\build\7dbc51e91fe9e87de6b8b7cecdb66cf8\has_lzma_cputhreads.obj"     -TP /wd4675 /EHs /GR /Zc:throwingNew -nologo -DWIN32 -D_WINDOWS -W3 -utf-8 -GR -EHsc -MP -MD -O2 -Oi -Gy -DNDEBUG -Z7 /O2 /Z7 /Ob2 /W3 /MD /Zc:forScope /Zc:wchar_t /Zc:inline /Gw -DBOOST_ALL_NO_LIB=1 -DNDEBUG "-I..\include" "-IC:\vcpkg\installed\x86-windows\include" 

has_lzma_cputhreads.cpp
msvc.link C:\vcpkg\buildtrees\boost-iostreams\x86-windows-rel\boost\build\7dbc51e91fe9e87de6b8b7cecdb66cf8\has_lzma_cputhreads.exe

        call "C:\vcpkg\buildtrees\boost-iostreams\x86-windows-rel\boost\standalone\msvc\fabbfd46c2a4e30dd1594f96c4cd44b2\msvc-setup.bat" x86 >nul
 link /NOLOGO /INCREMENTAL:NO "C:\vcpkg\buildtrees\boost-iostreams\x86-windows-rel\boost\build\7dbc51e91fe9e87de6b8b7cecdb66cf8\has_lzma_cputhreads.obj"    "lzma.lib"  /DEBUG -machine:X86 -nologo -DEBUG -INCREMENTAL:NO -OPT:REF -OPT:ICF /MACHINE:X86 /MANIFEST:EMBED /OPT:REF,ICF /subsystem:console /out:"C:\vcpkg\buildtrees\boost-iostreams\x86-windows-rel\boost\build\7dbc51e91fe9e87de6b8b7cecdb66cf8\has_lzma_cputhreads.exe" /LIBPATH:"C:\vcpkg\installed\x86-windows\lib" 
    

file C:\Users\pulpo\AppData\Local\Temp\jam2d581cda.000
# Automatically generated by B2.
# Do not edit.

module config-cache {
  set "ac-library-zlib-<link>shared" : "C:/vcpkg/installed/x86-windows/include" "zlib" "<link>shared" ;
  set "ac-library-bzip2-<link>shared" : "C:/vcpkg/installed/x86-windows/include" "bz2" "<link>shared" ;
  set "ac-library-lzma-<link>shared" : "C:/vcpkg/installed/x86-windows/include" "lzma" "<link>shared" ;
  set "ac-library-zstd-<link>shared" : "C:/vcpkg/installed/x86-windows/include" "zstd" "<link>shared" ;
  set "has_lzma_cputhreads builds-<address-model>32-<architecture>x86-<debug-symbols>on-<threadapi>win32-<threading>multi-<toolset-msvc:version>143-<toolset>msvc-<variant>release" : "true" ;
}

config-cache.write C:\vcpkg\buildtrees\boost-iostreams\x86-windows-rel\boost\project-cache.jam

    type "C:\Users\pulpo\AppData\Local\Temp\jam2d581cda.000" > "C:\vcpkg\buildtrees\boost-iostreams\x86-windows-rel\boost\project-cache.jam"

