msvc.read-setup <pC:\vcpkg\buildtrees\boost-fiber\x86-windows-dbg\boost\standalone\msvc\fabbfd46c2a4e30dd1594f96c4cd44b2>msvc-setup.read
 
common.mkdir C:\vcpkg\buildtrees\boost-fiber\x86-windows-dbg\boost

        if not exist "C:\vcpkg\buildtrees\boost-fiber\x86-windows-dbg\boost\\" mkdir "C:\vcpkg\buildtrees\boost-fiber\x86-windows-dbg\boost"
    
common.mkdir C:\vcpkg\buildtrees\boost-fiber\x86-windows-dbg\boost\config

        if not exist "C:\vcpkg\buildtrees\boost-fiber\x86-windows-dbg\boost\config\\" mkdir "C:\vcpkg\buildtrees\boost-fiber\x86-windows-dbg\boost\config"
    
common.mkdir C:\vcpkg\buildtrees\boost-fiber\x86-windows-dbg\boost\standalone

        if not exist "C:\vcpkg\buildtrees\boost-fiber\x86-windows-dbg\boost\standalone\\" mkdir "C:\vcpkg\buildtrees\boost-fiber\x86-windows-dbg\boost\standalone"
    
common.mkdir C:\vcpkg\buildtrees\boost-fiber\x86-windows-dbg\boost\config\checks

        if not exist "C:\vcpkg\buildtrees\boost-fiber\x86-windows-dbg\boost\config\checks\\" mkdir "C:\vcpkg\buildtrees\boost-fiber\x86-windows-dbg\boost\config\checks"
    
common.mkdir C:\vcpkg\buildtrees\boost-fiber\x86-windows-dbg\boost\standalone\msvc

        if not exist "C:\vcpkg\buildtrees\boost-fiber\x86-windows-dbg\boost\standalone\msvc\\" mkdir "C:\vcpkg\buildtrees\boost-fiber\x86-windows-dbg\boost\standalone\msvc"
    
common.mkdir C:\vcpkg\buildtrees\boost-fiber\x86-windows-dbg\boost\config\checks\be5942cda3c3f2780e89dae0e486e1dd

        if not exist "C:\vcpkg\buildtrees\boost-fiber\x86-windows-dbg\boost\config\checks\be5942cda3c3f2780e89dae0e486e1dd\\" mkdir "C:\vcpkg\buildtrees\boost-fiber\x86-windows-dbg\boost\config\checks\be5942cda3c3f2780e89dae0e486e1dd"
    
common.mkdir C:\vcpkg\buildtrees\boost-fiber\x86-windows-dbg\boost\standalone\msvc\fabbfd46c2a4e30dd1594f96c4cd44b2

        if not exist "C:\vcpkg\buildtrees\boost-fiber\x86-windows-dbg\boost\standalone\msvc\fabbfd46c2a4e30dd1594f96c4cd44b2\\" mkdir "C:\vcpkg\buildtrees\boost-fiber\x86-windows-dbg\boost\standalone\msvc\fabbfd46c2a4e30dd1594f96c4cd44b2"
    

file C:\Users\pulpo\AppData\Local\Temp\jamf781bf9.000

msvc.write-setup-script C:\vcpkg\buildtrees\boost-fiber\x86-windows-dbg\boost\standalone\msvc\fabbfd46c2a4e30dd1594f96c4cd44b2\msvc-setup.bat

    type "C:\Users\pulpo\AppData\Local\Temp\jamf781bf9.000" > "C:\vcpkg\buildtrees\boost-fiber\x86-windows-dbg\boost\standalone\msvc\fabbfd46c2a4e30dd1594f96c4cd44b2\msvc-setup.bat"

compile-c-c++ C:\vcpkg\buildtrees\boost-fiber\x86-windows-dbg\boost\config\checks\be5942cda3c3f2780e89dae0e486e1dd\cxx11_auto_declarations.obj

    call "C:\vcpkg\buildtrees\boost-fiber\x86-windows-dbg\boost\standalone\msvc\fabbfd46c2a4e30dd1594f96c4cd44b2\msvc-setup.bat" x86 >nul
 cl "C:\vcpkg\buildtrees\boost-fiber\src\ost-1.78.0-f4b12aa4d2.clean\config\checks\test_case.cpp" -c -Fo"C:\vcpkg\buildtrees\boost-fiber\x86-windows-dbg\boost\config\checks\be5942cda3c3f2780e89dae0e486e1dd\cxx11_auto_declarations.obj"     -TP /wd4675 /EHs /GR /Zc:throwingNew -nologo -DWIN32 -D_WINDOWS -W3 -utf-8 -GR -EHsc -MP -D_DEBUG -MDd -Z7 -Ob0 -Od -RTC1 /Z7 /Od /Ob0 /W3 /MDd /Zc:forScope /Zc:wchar_t /Zc:inline -DBOOST_ALL_NO_LIB=1 -DTEST_BOOST_NO_CXX11_AUTO_DECLARATIONS "-I..\include" "-IC:\vcpkg\installed\x86-windows\include" 

test_case.cpp
compile-c-c++ C:\vcpkg\buildtrees\boost-fiber\x86-windows-dbg\boost\config\checks\be5942cda3c3f2780e89dae0e486e1dd\cxx11_constexpr.obj

    call "C:\vcpkg\buildtrees\boost-fiber\x86-windows-dbg\boost\standalone\msvc\fabbfd46c2a4e30dd1594f96c4cd44b2\msvc-setup.bat" x86 >nul
 cl "C:\vcpkg\buildtrees\boost-fiber\src\ost-1.78.0-f4b12aa4d2.clean\config\checks\test_case.cpp" -c -Fo"C:\vcpkg\buildtrees\boost-fiber\x86-windows-dbg\boost\config\checks\be5942cda3c3f2780e89dae0e486e1dd\cxx11_constexpr.obj"     -TP /wd4675 /EHs /GR /Zc:throwingNew -nologo -DWIN32 -D_WINDOWS -W3 -utf-8 -GR -EHsc -MP -D_DEBUG -MDd -Z7 -Ob0 -Od -RTC1 /Z7 /Od /Ob0 /W3 /MDd /Zc:forScope /Zc:wchar_t /Zc:inline -DBOOST_ALL_NO_LIB=1 -DTEST_BOOST_NO_CXX11_CONSTEXPR "-I..\include" "-IC:\vcpkg\installed\x86-windows\include" 

test_case.cpp
compile-c-c++ C:\vcpkg\buildtrees\boost-fiber\x86-windows-dbg\boost\config\checks\be5942cda3c3f2780e89dae0e486e1dd\cxx11_defaulted_functions.obj

    call "C:\vcpkg\buildtrees\boost-fiber\x86-windows-dbg\boost\standalone\msvc\fabbfd46c2a4e30dd1594f96c4cd44b2\msvc-setup.bat" x86 >nul
 cl "C:\vcpkg\buildtrees\boost-fiber\src\ost-1.78.0-f4b12aa4d2.clean\config\checks\test_case.cpp" -c -Fo"C:\vcpkg\buildtrees\boost-fiber\x86-windows-dbg\boost\config\checks\be5942cda3c3f2780e89dae0e486e1dd\cxx11_defaulted_functions.obj"     -TP /wd4675 /EHs /GR /Zc:throwingNew -nologo -DWIN32 -D_WINDOWS -W3 -utf-8 -GR -EHsc -MP -D_DEBUG -MDd -Z7 -Ob0 -Od -RTC1 /Z7 /Od /Ob0 /W3 /MDd /Zc:forScope /Zc:wchar_t /Zc:inline -DBOOST_ALL_NO_LIB=1 -DTEST_BOOST_NO_CXX11_DEFAULTED_FUNCTIONS "-I..\include" "-IC:\vcpkg\installed\x86-windows\include" 

test_case.cpp
compile-c-c++ C:\vcpkg\buildtrees\boost-fiber\x86-windows-dbg\boost\config\checks\be5942cda3c3f2780e89dae0e486e1dd\cxx11_final.obj

    call "C:\vcpkg\buildtrees\boost-fiber\x86-windows-dbg\boost\standalone\msvc\fabbfd46c2a4e30dd1594f96c4cd44b2\msvc-setup.bat" x86 >nul
 cl "C:\vcpkg\buildtrees\boost-fiber\src\ost-1.78.0-f4b12aa4d2.clean\config\checks\test_case.cpp" -c -Fo"C:\vcpkg\buildtrees\boost-fiber\x86-windows-dbg\boost\config\checks\be5942cda3c3f2780e89dae0e486e1dd\cxx11_final.obj"     -TP /wd4675 /EHs /GR /Zc:throwingNew -nologo -DWIN32 -D_WINDOWS -W3 -utf-8 -GR -EHsc -MP -D_DEBUG -MDd -Z7 -Ob0 -Od -RTC1 /Z7 /Od /Ob0 /W3 /MDd /Zc:forScope /Zc:wchar_t /Zc:inline -DBOOST_ALL_NO_LIB=1 -DTEST_BOOST_NO_CXX11_FINAL "-I..\include" "-IC:\vcpkg\installed\x86-windows\include" 

test_case.cpp
compile-c-c++ C:\vcpkg\buildtrees\boost-fiber\x86-windows-dbg\boost\config\checks\be5942cda3c3f2780e89dae0e486e1dd\cxx11_hdr_mutex.obj

    call "C:\vcpkg\buildtrees\boost-fiber\x86-windows-dbg\boost\standalone\msvc\fabbfd46c2a4e30dd1594f96c4cd44b2\msvc-setup.bat" x86 >nul
 cl "C:\vcpkg\buildtrees\boost-fiber\src\ost-1.78.0-f4b12aa4d2.clean\config\checks\test_case.cpp" -c -Fo"C:\vcpkg\buildtrees\boost-fiber\x86-windows-dbg\boost\config\checks\be5942cda3c3f2780e89dae0e486e1dd\cxx11_hdr_mutex.obj"     -TP /wd4675 /EHs /GR /Zc:throwingNew -nologo -DWIN32 -D_WINDOWS -W3 -utf-8 -GR -EHsc -MP -D_DEBUG -MDd -Z7 -Ob0 -Od -RTC1 /Z7 /Od /Ob0 /W3 /MDd /Zc:forScope /Zc:wchar_t /Zc:inline -DBOOST_ALL_NO_LIB=1 -DTEST_BOOST_NO_CXX11_HDR_MUTEX "-I..\include" "-IC:\vcpkg\installed\x86-windows\include" 

test_case.cpp
compile-c-c++ C:\vcpkg\buildtrees\boost-fiber\x86-windows-dbg\boost\config\checks\be5942cda3c3f2780e89dae0e486e1dd\cxx11_hdr_tuple.obj

    call "C:\vcpkg\buildtrees\boost-fiber\x86-windows-dbg\boost\standalone\msvc\fabbfd46c2a4e30dd1594f96c4cd44b2\msvc-setup.bat" x86 >nul
 cl "C:\vcpkg\buildtrees\boost-fiber\src\ost-1.78.0-f4b12aa4d2.clean\config\checks\test_case.cpp" -c -Fo"C:\vcpkg\buildtrees\boost-fiber\x86-windows-dbg\boost\config\checks\be5942cda3c3f2780e89dae0e486e1dd\cxx11_hdr_tuple.obj"     -TP /wd4675 /EHs /GR /Zc:throwingNew -nologo -DWIN32 -D_WINDOWS -W3 -utf-8 -GR -EHsc -MP -D_DEBUG -MDd -Z7 -Ob0 -Od -RTC1 /Z7 /Od /Ob0 /W3 /MDd /Zc:forScope /Zc:wchar_t /Zc:inline -DBOOST_ALL_NO_LIB=1 -DTEST_BOOST_NO_CXX11_HDR_TUPLE "-I..\include" "-IC:\vcpkg\installed\x86-windows\include" 

test_case.cpp
compile-c-c++ C:\vcpkg\buildtrees\boost-fiber\x86-windows-dbg\boost\config\checks\be5942cda3c3f2780e89dae0e486e1dd\cxx11_lambdas.obj

    call "C:\vcpkg\buildtrees\boost-fiber\x86-windows-dbg\boost\standalone\msvc\fabbfd46c2a4e30dd1594f96c4cd44b2\msvc-setup.bat" x86 >nul
 cl "C:\vcpkg\buildtrees\boost-fiber\src\ost-1.78.0-f4b12aa4d2.clean\config\checks\test_case.cpp" -c -Fo"C:\vcpkg\buildtrees\boost-fiber\x86-windows-dbg\boost\config\checks\be5942cda3c3f2780e89dae0e486e1dd\cxx11_lambdas.obj"     -TP /wd4675 /EHs /GR /Zc:throwingNew -nologo -DWIN32 -D_WINDOWS -W3 -utf-8 -GR -EHsc -MP -D_DEBUG -MDd -Z7 -Ob0 -Od -RTC1 /Z7 /Od /Ob0 /W3 /MDd /Zc:forScope /Zc:wchar_t /Zc:inline -DBOOST_ALL_NO_LIB=1 -DTEST_BOOST_NO_CXX11_LAMBDAS "-I..\include" "-IC:\vcpkg\installed\x86-windows\include" 

test_case.cpp
compile-c-c++ C:\vcpkg\buildtrees\boost-fiber\x86-windows-dbg\boost\config\checks\be5942cda3c3f2780e89dae0e486e1dd\cxx11_noexcept.obj

    call "C:\vcpkg\buildtrees\boost-fiber\x86-windows-dbg\boost\standalone\msvc\fabbfd46c2a4e30dd1594f96c4cd44b2\msvc-setup.bat" x86 >nul
 cl "C:\vcpkg\buildtrees\boost-fiber\src\ost-1.78.0-f4b12aa4d2.clean\config\checks\test_case.cpp" -c -Fo"C:\vcpkg\buildtrees\boost-fiber\x86-windows-dbg\boost\config\checks\be5942cda3c3f2780e89dae0e486e1dd\cxx11_noexcept.obj"     -TP /wd4675 /EHs /GR /Zc:throwingNew -nologo -DWIN32 -D_WINDOWS -W3 -utf-8 -GR -EHsc -MP -D_DEBUG -MDd -Z7 -Ob0 -Od -RTC1 /Z7 /Od /Ob0 /W3 /MDd /Zc:forScope /Zc:wchar_t /Zc:inline -DBOOST_ALL_NO_LIB=1 -DTEST_BOOST_NO_CXX11_NOEXCEPT "-I..\include" "-IC:\vcpkg\installed\x86-windows\include" 

test_case.cpp
compile-c-c++ C:\vcpkg\buildtrees\boost-fiber\x86-windows-dbg\boost\config\checks\be5942cda3c3f2780e89dae0e486e1dd\cxx11_nullptr.obj

    call "C:\vcpkg\buildtrees\boost-fiber\x86-windows-dbg\boost\standalone\msvc\fabbfd46c2a4e30dd1594f96c4cd44b2\msvc-setup.bat" x86 >nul
 cl "C:\vcpkg\buildtrees\boost-fiber\src\ost-1.78.0-f4b12aa4d2.clean\config\checks\test_case.cpp" -c -Fo"C:\vcpkg\buildtrees\boost-fiber\x86-windows-dbg\boost\config\checks\be5942cda3c3f2780e89dae0e486e1dd\cxx11_nullptr.obj"     -TP /wd4675 /EHs /GR /Zc:throwingNew -nologo -DWIN32 -D_WINDOWS -W3 -utf-8 -GR -EHsc -MP -D_DEBUG -MDd -Z7 -Ob0 -Od -RTC1 /Z7 /Od /Ob0 /W3 /MDd /Zc:forScope /Zc:wchar_t /Zc:inline -DBOOST_ALL_NO_LIB=1 -DTEST_BOOST_NO_CXX11_NULLPTR "-I..\include" "-IC:\vcpkg\installed\x86-windows\include" 

test_case.cpp
compile-c-c++ C:\vcpkg\buildtrees\boost-fiber\x86-windows-dbg\boost\config\checks\be5942cda3c3f2780e89dae0e486e1dd\cxx11_rvalue_references.obj

    call "C:\vcpkg\buildtrees\boost-fiber\x86-windows-dbg\boost\standalone\msvc\fabbfd46c2a4e30dd1594f96c4cd44b2\msvc-setup.bat" x86 >nul
 cl "C:\vcpkg\buildtrees\boost-fiber\src\ost-1.78.0-f4b12aa4d2.clean\config\checks\test_case.cpp" -c -Fo"C:\vcpkg\buildtrees\boost-fiber\x86-windows-dbg\boost\config\checks\be5942cda3c3f2780e89dae0e486e1dd\cxx11_rvalue_references.obj"     -TP /wd4675 /EHs /GR /Zc:throwingNew -nologo -DWIN32 -D_WINDOWS -W3 -utf-8 -GR -EHsc -MP -D_DEBUG -MDd -Z7 -Ob0 -Od -RTC1 /Z7 /Od /Ob0 /W3 /MDd /Zc:forScope /Zc:wchar_t /Zc:inline -DBOOST_ALL_NO_LIB=1 -DTEST_BOOST_NO_CXX11_RVALUE_REFERENCES "-I..\include" "-IC:\vcpkg\installed\x86-windows\include" 

test_case.cpp
compile-c-c++ C:\vcpkg\buildtrees\boost-fiber\x86-windows-dbg\boost\config\checks\be5942cda3c3f2780e89dae0e486e1dd\cxx11_template_aliases.obj

    call "C:\vcpkg\buildtrees\boost-fiber\x86-windows-dbg\boost\standalone\msvc\fabbfd46c2a4e30dd1594f96c4cd44b2\msvc-setup.bat" x86 >nul
 cl "C:\vcpkg\buildtrees\boost-fiber\src\ost-1.78.0-f4b12aa4d2.clean\config\checks\test_case.cpp" -c -Fo"C:\vcpkg\buildtrees\boost-fiber\x86-windows-dbg\boost\config\checks\be5942cda3c3f2780e89dae0e486e1dd\cxx11_template_aliases.obj"     -TP /wd4675 /EHs /GR /Zc:throwingNew -nologo -DWIN32 -D_WINDOWS -W3 -utf-8 -GR -EHsc -MP -D_DEBUG -MDd -Z7 -Ob0 -Od -RTC1 /Z7 /Od /Ob0 /W3 /MDd /Zc:forScope /Zc:wchar_t /Zc:inline -DBOOST_ALL_NO_LIB=1 -DTEST_BOOST_NO_CXX11_TEMPLATE_ALIASES "-I..\include" "-IC:\vcpkg\installed\x86-windows\include" 

test_case.cpp
compile-c-c++ C:\vcpkg\buildtrees\boost-fiber\x86-windows-dbg\boost\config\checks\be5942cda3c3f2780e89dae0e486e1dd\cxx11_thread_local.obj

    call "C:\vcpkg\buildtrees\boost-fiber\x86-windows-dbg\boost\standalone\msvc\fabbfd46c2a4e30dd1594f96c4cd44b2\msvc-setup.bat" x86 >nul
 cl "C:\vcpkg\buildtrees\boost-fiber\src\ost-1.78.0-f4b12aa4d2.clean\config\checks\test_case.cpp" -c -Fo"C:\vcpkg\buildtrees\boost-fiber\x86-windows-dbg\boost\config\checks\be5942cda3c3f2780e89dae0e486e1dd\cxx11_thread_local.obj"     -TP /wd4675 /EHs /GR /Zc:throwingNew -nologo -DWIN32 -D_WINDOWS -W3 -utf-8 -GR -EHsc -MP -D_DEBUG -MDd -Z7 -Ob0 -Od -RTC1 /Z7 /Od /Ob0 /W3 /MDd /Zc:forScope /Zc:wchar_t /Zc:inline -DBOOST_ALL_NO_LIB=1 -DTEST_BOOST_NO_CXX11_THREAD_LOCAL "-I..\include" "-IC:\vcpkg\installed\x86-windows\include" 

test_case.cpp
compile-c-c++ C:\vcpkg\buildtrees\boost-fiber\x86-windows-dbg\boost\config\checks\be5942cda3c3f2780e89dae0e486e1dd\cxx11_variadic_templates.obj

    call "C:\vcpkg\buildtrees\boost-fiber\x86-windows-dbg\boost\standalone\msvc\fabbfd46c2a4e30dd1594f96c4cd44b2\msvc-setup.bat" x86 >nul
 cl "C:\vcpkg\buildtrees\boost-fiber\src\ost-1.78.0-f4b12aa4d2.clean\config\checks\test_case.cpp" -c -Fo"C:\vcpkg\buildtrees\boost-fiber\x86-windows-dbg\boost\config\checks\be5942cda3c3f2780e89dae0e486e1dd\cxx11_variadic_templates.obj"     -TP /wd4675 /EHs /GR /Zc:throwingNew -nologo -DWIN32 -D_WINDOWS -W3 -utf-8 -GR -EHsc -MP -D_DEBUG -MDd -Z7 -Ob0 -Od -RTC1 /Z7 /Od /Ob0 /W3 /MDd /Zc:forScope /Zc:wchar_t /Zc:inline -DBOOST_ALL_NO_LIB=1 -DTEST_BOOST_NO_CXX11_VARIADIC_TEMPLATES "-I..\include" "-IC:\vcpkg\installed\x86-windows\include" 

test_case.cpp

file C:\Users\pulpo\AppData\Local\Temp\jamf781bfa.000
# Automatically generated by B2.
# Do not edit.

module config-cache {
  set "cxx11_auto_declarations-<address-model>32-<architecture>x86-<threadapi>win32-<threading>multi-<toolset-msvc:version>143-<toolset>msvc-<variant>debug" : "true" ;
  set "cxx11_constexpr-<address-model>32-<architecture>x86-<threadapi>win32-<threading>multi-<toolset-msvc:version>143-<toolset>msvc-<variant>debug" : "true" ;
  set "cxx11_defaulted_functions-<address-model>32-<architecture>x86-<threadapi>win32-<threading>multi-<toolset-msvc:version>143-<toolset>msvc-<variant>debug" : "true" ;
  set "cxx11_final-<address-model>32-<architecture>x86-<threadapi>win32-<threading>multi-<toolset-msvc:version>143-<toolset>msvc-<variant>debug" : "true" ;
  set "cxx11_hdr_mutex-<address-model>32-<architecture>x86-<threadapi>win32-<threading>multi-<toolset-msvc:version>143-<toolset>msvc-<variant>debug" : "true" ;
  set "cxx11_hdr_tuple-<address-model>32-<architecture>x86-<threadapi>win32-<threading>multi-<toolset-msvc:version>143-<toolset>msvc-<variant>debug" : "true" ;
  set "cxx11_lambdas-<address-model>32-<architecture>x86-<threadapi>win32-<threading>multi-<toolset-msvc:version>143-<toolset>msvc-<variant>debug" : "true" ;
  set "cxx11_noexcept-<address-model>32-<architecture>x86-<threadapi>win32-<threading>multi-<toolset-msvc:version>143-<toolset>msvc-<variant>debug" : "true" ;
  set "cxx11_nullptr-<address-model>32-<architecture>x86-<threadapi>win32-<threading>multi-<toolset-msvc:version>143-<toolset>msvc-<variant>debug" : "true" ;
  set "cxx11_rvalue_references-<address-model>32-<architecture>x86-<threadapi>win32-<threading>multi-<toolset-msvc:version>143-<toolset>msvc-<variant>debug" : "true" ;
  set "cxx11_template_aliases-<address-model>32-<architecture>x86-<threadapi>win32-<threading>multi-<toolset-msvc:version>143-<toolset>msvc-<variant>debug" : "true" ;
  set "cxx11_thread_local-<address-model>32-<architecture>x86-<threadapi>win32-<threading>multi-<toolset-msvc:version>143-<toolset>msvc-<variant>debug" : "true" ;
  set "cxx11_variadic_templates-<address-model>32-<architecture>x86-<threadapi>win32-<threading>multi-<toolset-msvc:version>143-<toolset>msvc-<variant>debug" : "true" ;
  set "cxx11_auto_declarations-<address-model>32-<architecture>x86-<build>no-<threadapi>win32-<threading>multi-<toolset-msvc:version>143-<toolset>msvc-<variant>debug" : "true" ;
  set "cxx11_constexpr-<address-model>32-<architecture>x86-<build>no-<threadapi>win32-<threading>multi-<toolset-msvc:version>143-<toolset>msvc-<variant>debug" : "true" ;
  set "cxx11_defaulted_functions-<address-model>32-<architecture>x86-<build>no-<threadapi>win32-<threading>multi-<toolset-msvc:version>143-<toolset>msvc-<variant>debug" : "true" ;
  set "cxx11_final-<address-model>32-<architecture>x86-<build>no-<threadapi>win32-<threading>multi-<toolset-msvc:version>143-<toolset>msvc-<variant>debug" : "true" ;
  set "cxx11_hdr_mutex-<address-model>32-<architecture>x86-<build>no-<threadapi>win32-<threading>multi-<toolset-msvc:version>143-<toolset>msvc-<variant>debug" : "true" ;
  set "cxx11_hdr_tuple-<address-model>32-<architecture>x86-<build>no-<threadapi>win32-<threading>multi-<toolset-msvc:version>143-<toolset>msvc-<variant>debug" : "true" ;
  set "cxx11_lambdas-<address-model>32-<architecture>x86-<build>no-<threadapi>win32-<threading>multi-<toolset-msvc:version>143-<toolset>msvc-<variant>debug" : "true" ;
  set "cxx11_noexcept-<address-model>32-<architecture>x86-<build>no-<threadapi>win32-<threading>multi-<toolset-msvc:version>143-<toolset>msvc-<variant>debug" : "true" ;
  set "cxx11_nullptr-<address-model>32-<architecture>x86-<build>no-<threadapi>win32-<threading>multi-<toolset-msvc:version>143-<toolset>msvc-<variant>debug" : "true" ;
  set "cxx11_rvalue_references-<address-model>32-<architecture>x86-<build>no-<threadapi>win32-<threading>multi-<toolset-msvc:version>143-<toolset>msvc-<variant>debug" : "true" ;
  set "cxx11_template_aliases-<address-model>32-<architecture>x86-<build>no-<threadapi>win32-<threading>multi-<toolset-msvc:version>143-<toolset>msvc-<variant>debug" : "true" ;
  set "cxx11_thread_local-<address-model>32-<architecture>x86-<build>no-<threadapi>win32-<threading>multi-<toolset-msvc:version>143-<toolset>msvc-<variant>debug" : "true" ;
  set "cxx11_variadic_templates-<address-model>32-<architecture>x86-<build>no-<threadapi>win32-<threading>multi-<toolset-msvc:version>143-<toolset>msvc-<variant>debug" : "true" ;
}

config-cache.write C:\vcpkg\buildtrees\boost-fiber\x86-windows-dbg\boost\project-cache.jam

    type "C:\Users\pulpo\AppData\Local\Temp\jamf781bfa.000" > "C:\vcpkg\buildtrees\boost-fiber\x86-windows-dbg\boost\project-cache.jam"

