msvc.read-setup <pC:\vcpkg\buildtrees\boost-atomic\x86-windows-dbg\boost\standalone\msvc\fabbfd46c2a4e30dd1594f96c4cd44b2>msvc-setup.read
 
common.mkdir C:\vcpkg\buildtrees\boost-atomic\x86-windows-dbg\boost

        if not exist "C:\vcpkg\buildtrees\boost-atomic\x86-windows-dbg\boost\\" mkdir "C:\vcpkg\buildtrees\boost-atomic\x86-windows-dbg\boost"
    
common.mkdir C:\vcpkg\buildtrees\boost-atomic\x86-windows-dbg\boost\config

        if not exist "C:\vcpkg\buildtrees\boost-atomic\x86-windows-dbg\boost\config\\" mkdir "C:\vcpkg\buildtrees\boost-atomic\x86-windows-dbg\boost\config"
    
common.mkdir C:\vcpkg\buildtrees\boost-atomic\x86-windows-dbg\boost\config\be5942cda3c3f2780e89dae0e486e1dd

        if not exist "C:\vcpkg\buildtrees\boost-atomic\x86-windows-dbg\boost\config\be5942cda3c3f2780e89dae0e486e1dd\\" mkdir "C:\vcpkg\buildtrees\boost-atomic\x86-windows-dbg\boost\config\be5942cda3c3f2780e89dae0e486e1dd"
    
common.mkdir C:\vcpkg\buildtrees\boost-atomic\x86-windows-dbg\boost\standalone

        if not exist "C:\vcpkg\buildtrees\boost-atomic\x86-windows-dbg\boost\standalone\\" mkdir "C:\vcpkg\buildtrees\boost-atomic\x86-windows-dbg\boost\standalone"
    
common.mkdir C:\vcpkg\buildtrees\boost-atomic\x86-windows-dbg\boost\standalone\msvc

        if not exist "C:\vcpkg\buildtrees\boost-atomic\x86-windows-dbg\boost\standalone\msvc\\" mkdir "C:\vcpkg\buildtrees\boost-atomic\x86-windows-dbg\boost\standalone\msvc"
    
common.mkdir C:\vcpkg\buildtrees\boost-atomic\x86-windows-dbg\boost\standalone\msvc\fabbfd46c2a4e30dd1594f96c4cd44b2

        if not exist "C:\vcpkg\buildtrees\boost-atomic\x86-windows-dbg\boost\standalone\msvc\fabbfd46c2a4e30dd1594f96c4cd44b2\\" mkdir "C:\vcpkg\buildtrees\boost-atomic\x86-windows-dbg\boost\standalone\msvc\fabbfd46c2a4e30dd1594f96c4cd44b2"
    

file C:\Users\pulpo\AppData\Local\Temp\jam32d41a61.000

msvc.write-setup-script C:\vcpkg\buildtrees\boost-atomic\x86-windows-dbg\boost\standalone\msvc\fabbfd46c2a4e30dd1594f96c4cd44b2\msvc-setup.bat

    type "C:\Users\pulpo\AppData\Local\Temp\jam32d41a61.000" > "C:\vcpkg\buildtrees\boost-atomic\x86-windows-dbg\boost\standalone\msvc\fabbfd46c2a4e30dd1594f96c4cd44b2\msvc-setup.bat"

compile-c-c++ C:\vcpkg\buildtrees\boost-atomic\x86-windows-dbg\boost\config\be5942cda3c3f2780e89dae0e486e1dd\has_sse2.obj

    call "C:\vcpkg\buildtrees\boost-atomic\x86-windows-dbg\boost\standalone\msvc\fabbfd46c2a4e30dd1594f96c4cd44b2\msvc-setup.bat" x86 >nul
 cl "..\config\has_sse2.cpp" -c -Fo"C:\vcpkg\buildtrees\boost-atomic\x86-windows-dbg\boost\config\be5942cda3c3f2780e89dae0e486e1dd\has_sse2.obj"     -TP /arch:SSE2 /wd4675 /EHs /GR /Zc:throwingNew -nologo -DWIN32 -D_WINDOWS -W3 -utf-8 -GR -EHsc -MP -D_DEBUG -MDd -Z7 -Ob0 -Od -RTC1 /Z7 /Od /Ob0 /W3 /MDd /Zc:forScope /Zc:wchar_t /Zc:inline -DBOOST_ALL_NO_LIB=1 "-I..\include" "-IC:\vcpkg\installed\x86-windows\include" 

has_sse2.cpp
compile-c-c++ C:\vcpkg\buildtrees\boost-atomic\x86-windows-dbg\boost\config\be5942cda3c3f2780e89dae0e486e1dd\has_sse41.obj

    call "C:\vcpkg\buildtrees\boost-atomic\x86-windows-dbg\boost\standalone\msvc\fabbfd46c2a4e30dd1594f96c4cd44b2\msvc-setup.bat" x86 >nul
 cl "..\config\has_sse41.cpp" -c -Fo"C:\vcpkg\buildtrees\boost-atomic\x86-windows-dbg\boost\config\be5942cda3c3f2780e89dae0e486e1dd\has_sse41.obj"     -TP /arch:SSE2 /wd4675 /EHs /GR /Zc:throwingNew -nologo -DWIN32 -D_WINDOWS -W3 -utf-8 -GR -EHsc -MP -D_DEBUG -MDd -Z7 -Ob0 -Od -RTC1 /Z7 /Od /Ob0 /W3 /MDd /Zc:forScope /Zc:wchar_t /Zc:inline -DBOOST_ALL_NO_LIB=1 "-I..\include" "-IC:\vcpkg\installed\x86-windows\include" 

has_sse41.cpp
compile-c-c++ C:\vcpkg\buildtrees\boost-atomic\x86-windows-dbg\boost\config\be5942cda3c3f2780e89dae0e486e1dd\has_synchronization_lib.obj

    call "C:\vcpkg\buildtrees\boost-atomic\x86-windows-dbg\boost\standalone\msvc\fabbfd46c2a4e30dd1594f96c4cd44b2\msvc-setup.bat" x86 >nul
 cl "..\config\has_synchronization_lib.cpp" -c -Fo"C:\vcpkg\buildtrees\boost-atomic\x86-windows-dbg\boost\config\be5942cda3c3f2780e89dae0e486e1dd\has_synchronization_lib.obj"     -TP /wd4675 /EHs /GR /Zc:throwingNew -nologo -DWIN32 -D_WINDOWS -W3 -utf-8 -GR -EHsc -MP -D_DEBUG -MDd -Z7 -Ob0 -Od -RTC1 /Z7 /Od /Ob0 /W3 /MDd /Zc:forScope /Zc:wchar_t /Zc:inline -DBOOST_ALL_NO_LIB=1 "-I..\include" "-IC:\vcpkg\installed\x86-windows\include" 

has_synchronization_lib.cpp
msvc.link C:\vcpkg\buildtrees\boost-atomic\x86-windows-dbg\boost\config\be5942cda3c3f2780e89dae0e486e1dd\has_synchronization_lib.exe

        call "C:\vcpkg\buildtrees\boost-atomic\x86-windows-dbg\boost\standalone\msvc\fabbfd46c2a4e30dd1594f96c4cd44b2\msvc-setup.bat" x86 >nul
 link /NOLOGO /INCREMENTAL:NO "C:\vcpkg\buildtrees\boost-atomic\x86-windows-dbg\boost\config\be5942cda3c3f2780e89dae0e486e1dd\has_synchronization_lib.obj"    "synchronization.lib"  /DEBUG -machine:X86 -nologo -debug -INCREMENTAL /MACHINE:X86 /MANIFEST:EMBED /subsystem:console /out:"C:\vcpkg\buildtrees\boost-atomic\x86-windows-dbg\boost\config\be5942cda3c3f2780e89dae0e486e1dd\has_synchronization_lib.exe"  
    

file C:\Users\pulpo\AppData\Local\Temp\jam32d41a62.000
# Automatically generated by B2.
# Do not edit.

module config-cache {
  set "compiler supports SSE2-<address-model>32-<architecture>x86-<threadapi>win32-<threading>multi-<toolset-msvc:version>143-<toolset>msvc-<variant>debug" : "true" ;
  set "compiler supports SSE4.1-<address-model>32-<architecture>x86-<threadapi>win32-<threading>multi-<toolset-msvc:version>143-<toolset>msvc-<variant>debug" : "true" ;
  set "has synchronization.lib-<address-model>32-<architecture>x86-<threadapi>win32-<threading>multi-<toolset-msvc:version>143-<toolset>msvc-<variant>debug" : "true" ;
}

config-cache.write C:\vcpkg\buildtrees\boost-atomic\x86-windows-dbg\boost\project-cache.jam

    type "C:\Users\pulpo\AppData\Local\Temp\jam32d41a62.000" > "C:\vcpkg\buildtrees\boost-atomic\x86-windows-dbg\boost\project-cache.jam"

